This file contains any messages produced by compilers while
running configure, to aid debugging if configure makes a mistake.

It was created by mpfi configure 1.5.4, which was
generated by GNU Autoconf 2.71.  Invocation command line was

  $ ./configure --with-mpfr=/home/neo/Documents/Code/NumWorks/Upsilon-External-KhiCAS-docker/apps/KhiCAS/src/mpfi-1.5.4/../ --with-gmp=/home/neo/Documents/Code/NumWorks/Upsilon-External-KhiCAS-docker/apps/KhiCAS/src/mpfi-1.5.4/../ --host=arm-none-eabi 'CFLAGS=-Os -fdata-sections -ffunction-sections -DNDEBUG -mthumb -march=armv7e-m -mfloat-abi=hard -mcpu=cortex-m7 -mfpu=fpv5-sp-d16 -fno-strict-aliasing --specs=nosys.specs' host_alias=arm-none-eabi --no-create --no-recursion

## --------- ##
## Platform. ##
## --------- ##

hostname = blackhole
uname -m = x86_64
uname -r = 5.18.5-arch1-1
uname -s = Linux
uname -v = #1 SMP PREEMPT_DYNAMIC Thu, 16 Jun 2022 20:40:45 +0000

/usr/bin/uname -p = unknown
/bin/uname -X     = unknown

/bin/arch              = unknown
/usr/bin/arch -k       = unknown
/usr/convex/getsysinfo = unknown
/usr/bin/hostinfo      = unknown
/bin/machine           = unknown
/usr/bin/oslevel       = unknown
/bin/universe          = unknown

PATH: /home/neo/Programes/
PATH: /home/neo/Documents/Python/
PATH: /usr/local/bin/
PATH: /usr/bin/
PATH: /usr/local/sbin/
PATH: /usr/lib/jvm/default/bin/
PATH: /usr/bin/site_perl/
PATH: /usr/bin/vendor_perl/
PATH: /usr/bin/core_perl/
PATH: /home/neo/.antigen/bundles/robbyrussell/oh-my-zsh/lib/
PATH: /home/neo/.antigen/bundles/robbyrussell/oh-my-zsh/plugins/rails/
PATH: /home/neo/.antigen/bundles/robbyrussell/oh-my-zsh/plugins/textmate/
PATH: /home/neo/.antigen/bundles/robbyrussell/oh-my-zsh/plugins/ruby/
PATH: /home/neo/.antigen/bundles/robbyrussell/oh-my-zsh/plugins/lighthouse/
PATH: /home/neo/.antigen/bundles/robbyrussell/oh-my-zsh/plugins/fasd/
PATH: /home/neo/.antigen/bundles/robbyrussell/oh-my-zsh/plugins/docker/
PATH: /home/neo/.antigen/bundles/robbyrussell/oh-my-zsh/plugins/kubectl/
PATH: /home/neo/.antigen/bundles/robbyrussell/oh-my-zsh/plugins/python/
PATH: /home/neo/.antigen/bundles/robbyrussell/oh-my-zsh/plugins/heroku/
PATH: /home/neo/.antigen/bundles/robbyrussell/oh-my-zsh/plugins/pip/
PATH: /home/neo/.antigen/bundles/robbyrussell/oh-my-zsh/plugins/lein/
PATH: /home/neo/.antigen/bundles/robbyrussell/oh-my-zsh/plugins/git/
PATH: /home/neo/.antigen/bundles/robbyrussell/oh-my-zsh/plugins/common-aliases/
PATH: /home/neo/.antigen/bundles/robbyrussell/oh-my-zsh/plugins/colorize/
PATH: /home/neo/.antigen/bundles/robbyrussell/oh-my-zsh/plugins/zsh-navigation-tools/
PATH: /home/neo/.antigen/bundles/robbyrussell/oh-my-zsh/plugins/colored-man-pages/
PATH: /home/neo/.antigen/bundles/robbyrussell/oh-my-zsh/plugins/command-not-found/
PATH: /home/neo/.antigen/bundles/robbyrussell/oh-my-zsh/plugins/z/
PATH: /home/neo/.antigen/bundles/robbyrussell/oh-my-zsh/plugins/npm/
PATH: /home/neo/.antigen/bundles/robbyrussell/oh-my-zsh/plugins/systemadmin/
PATH: /home/neo/.antigen/bundles/zsh-users/zsh-syntax-highlighting/
PATH: /home/neo/.antigen/bundles/zsh-users/zsh-autosuggestions/
PATH: /home/neo/.antigen/bundles/zsh-users/zsh-completions/
PATH: /home/neo/.antigen/bundles/MichaelAquilina/zsh-you-should-use/
PATH: /home/neo/.antigen/bundles/djui/alias-tips/
PATH: /home/neo/.antigen/bundles/Yaya-Cout/zsh-web/
PATH: /home/neo/.antigen/bundles/zpm-zsh/ls/
PATH: /home/neo/.antigen/bundles/romkatv/powerlevel10k/


## ----------- ##
## Core tests. ##
## ----------- ##

configure:2475: looking for aux files: config.guess config.sub ltmain.sh ar-lib missing install-sh compile
configure:2488:  trying ./build-aux/
configure:2517:   ./build-aux/config.guess found
configure:2517:   ./build-aux/config.sub found
configure:2517:   ./build-aux/ltmain.sh found
configure:2517:   ./build-aux/ar-lib found
configure:2517:   ./build-aux/missing found
configure:2499:   ./build-aux/install-sh found
configure:2517:   ./build-aux/compile found
configure:2656: checking for arm-none-eabi-gcc
configure:2677: found /usr/bin/arm-none-eabi-gcc
configure:2688: result: arm-none-eabi-gcc
configure:3086: checking for C compiler version
configure:3095: arm-none-eabi-gcc --version >&5
arm-none-eabi-gcc (Arch Repository) 12.1.0
Copyright (C) 2022 Free Software Foundation, Inc.
This is free software; see the source for copying conditions.  There is NO
warranty; not even for MERCHANTABILITY or FITNESS FOR A PARTICULAR PURPOSE.

configure:3106: $? = 0
configure:3095: arm-none-eabi-gcc -v >&5
Using built-in specs.
COLLECT_GCC=arm-none-eabi-gcc
COLLECT_LTO_WRAPPER=/usr/lib/gcc/arm-none-eabi/12.1.0/lto-wrapper
Target: arm-none-eabi
Configured with: /build/arm-none-eabi-gcc/src/gcc-12.1.0/configure --target=arm-none-eabi --prefix=/usr --with-sysroot=/usr/arm-none-eabi --with-native-system-header-dir=/include --libexecdir=/usr/lib --enable-languages=c,c++ --enable-plugins --disable-decimal-float --disable-libffi --disable-libgomp --disable-libmudflap --disable-libquadmath --disable-libssp --disable-libstdcxx-pch --disable-nls --disable-shared --disable-threads --disable-tls --with-gnu-as --with-gnu-ld --with-system-zlib --with-newlib --with-headers=/usr/arm-none-eabi/include --with-python-dir=share/gcc-arm-none-eabi --with-gmp --with-mpfr --with-mpc --with-isl --with-libelf --enable-gnu-indirect-function --with-host-libstdcxx='-static-libgcc -Wl,-Bstatic,-lstdc++,-Bdynamic -lm' --with-pkgversion='Arch Repository' --with-bugurl=https://bugs.archlinux.org/ --with-multilib-list=rmprofile
Thread model: single
Supported LTO compression algorithms: zlib zstd
gcc version 12.1.0 (Arch Repository) 
configure:3106: $? = 0
configure:3095: arm-none-eabi-gcc -V >&5
arm-none-eabi-gcc: error: unrecognized command-line option '-V'
arm-none-eabi-gcc: fatal error: no input files
compilation terminated.
configure:3106: $? = 1
configure:3095: arm-none-eabi-gcc -qversion >&5
arm-none-eabi-gcc: error: unrecognized command-line option '-qversion'; did you mean '--version'?
arm-none-eabi-gcc: fatal error: no input files
compilation terminated.
configure:3106: $? = 1
configure:3095: arm-none-eabi-gcc -version >&5
arm-none-eabi-gcc: error: unrecognized command-line option '-version'
arm-none-eabi-gcc: fatal error: no input files
compilation terminated.
configure:3106: $? = 1
configure:3126: checking whether the C compiler works
configure:3148: arm-none-eabi-gcc -Os -fdata-sections -ffunction-sections -DNDEBUG -mthumb -march=armv7e-m -mfloat-abi=hard -mcpu=cortex-m7 -mfpu=fpv5-sp-d16 -fno-strict-aliasing --specs=nosys.specs   conftest.c  >&5
configure:3152: $? = 0
configure:3202: result: yes
configure:3205: checking for C compiler default output file name
configure:3207: result: a.out
configure:3213: checking for suffix of executables
configure:3220: arm-none-eabi-gcc -o conftest -Os -fdata-sections -ffunction-sections -DNDEBUG -mthumb -march=armv7e-m -mfloat-abi=hard -mcpu=cortex-m7 -mfpu=fpv5-sp-d16 -fno-strict-aliasing --specs=nosys.specs   conftest.c  >&5
configure:3224: $? = 0
configure:3247: result: 
configure:3269: checking whether we are cross compiling
configure:3277: arm-none-eabi-gcc -o conftest -Os -fdata-sections -ffunction-sections -DNDEBUG -mthumb -march=armv7e-m -mfloat-abi=hard -mcpu=cortex-m7 -mfpu=fpv5-sp-d16 -fno-strict-aliasing --specs=nosys.specs   conftest.c  >&5
configure:3281: $? = 0
configure:3288: ./conftest
./configure: line 3290: ./conftest: cannot execute binary file: Exec format error
configure:3292: $? = 126
configure:3307: result: yes
configure:3312: checking for suffix of object files
configure:3335: arm-none-eabi-gcc -c -Os -fdata-sections -ffunction-sections -DNDEBUG -mthumb -march=armv7e-m -mfloat-abi=hard -mcpu=cortex-m7 -mfpu=fpv5-sp-d16 -fno-strict-aliasing --specs=nosys.specs  conftest.c >&5
configure:3339: $? = 0
configure:3361: result: o
configure:3365: checking whether the compiler supports GNU C
configure:3385: arm-none-eabi-gcc -c -Os -fdata-sections -ffunction-sections -DNDEBUG -mthumb -march=armv7e-m -mfloat-abi=hard -mcpu=cortex-m7 -mfpu=fpv5-sp-d16 -fno-strict-aliasing --specs=nosys.specs  conftest.c >&5
configure:3385: $? = 0
configure:3395: result: yes
configure:3406: checking whether arm-none-eabi-gcc accepts -g
configure:3427: arm-none-eabi-gcc -c -g  conftest.c >&5
configure:3427: $? = 0
configure:3471: result: yes
configure:3491: checking for arm-none-eabi-gcc option to enable C11 features
configure:3506: arm-none-eabi-gcc  -c -Os -fdata-sections -ffunction-sections -DNDEBUG -mthumb -march=armv7e-m -mfloat-abi=hard -mcpu=cortex-m7 -mfpu=fpv5-sp-d16 -fno-strict-aliasing --specs=nosys.specs  conftest.c >&5
configure:3506: $? = 0
configure:3524: result: none needed
configure:3640: checking whether arm-none-eabi-gcc understands -c and -o together
configure:3663: arm-none-eabi-gcc -c conftest.c -o conftest2.o
configure:3666: $? = 0
configure:3663: arm-none-eabi-gcc -c conftest.c -o conftest2.o
configure:3666: $? = 0
configure:3678: result: yes
configure:3700: checking for stdio.h
configure:3700: arm-none-eabi-gcc -c -Os -fdata-sections -ffunction-sections -DNDEBUG -mthumb -march=armv7e-m -mfloat-abi=hard -mcpu=cortex-m7 -mfpu=fpv5-sp-d16 -fno-strict-aliasing --specs=nosys.specs  conftest.c >&5
configure:3700: $? = 0
configure:3700: result: yes
configure:3700: checking for stdlib.h
configure:3700: arm-none-eabi-gcc -c -Os -fdata-sections -ffunction-sections -DNDEBUG -mthumb -march=armv7e-m -mfloat-abi=hard -mcpu=cortex-m7 -mfpu=fpv5-sp-d16 -fno-strict-aliasing --specs=nosys.specs  conftest.c >&5
configure:3700: $? = 0
configure:3700: result: yes
configure:3700: checking for string.h
configure:3700: arm-none-eabi-gcc -c -Os -fdata-sections -ffunction-sections -DNDEBUG -mthumb -march=armv7e-m -mfloat-abi=hard -mcpu=cortex-m7 -mfpu=fpv5-sp-d16 -fno-strict-aliasing --specs=nosys.specs  conftest.c >&5
configure:3700: $? = 0
configure:3700: result: yes
configure:3700: checking for inttypes.h
configure:3700: arm-none-eabi-gcc -c -Os -fdata-sections -ffunction-sections -DNDEBUG -mthumb -march=armv7e-m -mfloat-abi=hard -mcpu=cortex-m7 -mfpu=fpv5-sp-d16 -fno-strict-aliasing --specs=nosys.specs  conftest.c >&5
configure:3700: $? = 0
configure:3700: result: yes
configure:3700: checking for stdint.h
configure:3700: arm-none-eabi-gcc -c -Os -fdata-sections -ffunction-sections -DNDEBUG -mthumb -march=armv7e-m -mfloat-abi=hard -mcpu=cortex-m7 -mfpu=fpv5-sp-d16 -fno-strict-aliasing --specs=nosys.specs  conftest.c >&5
configure:3700: $? = 0
configure:3700: result: yes
configure:3700: checking for strings.h
configure:3700: arm-none-eabi-gcc -c -Os -fdata-sections -ffunction-sections -DNDEBUG -mthumb -march=armv7e-m -mfloat-abi=hard -mcpu=cortex-m7 -mfpu=fpv5-sp-d16 -fno-strict-aliasing --specs=nosys.specs  conftest.c >&5
configure:3700: $? = 0
configure:3700: result: yes
configure:3700: checking for sys/stat.h
configure:3700: arm-none-eabi-gcc -c -Os -fdata-sections -ffunction-sections -DNDEBUG -mthumb -march=armv7e-m -mfloat-abi=hard -mcpu=cortex-m7 -mfpu=fpv5-sp-d16 -fno-strict-aliasing --specs=nosys.specs  conftest.c >&5
configure:3700: $? = 0
configure:3700: result: yes
configure:3700: checking for sys/types.h
configure:3700: arm-none-eabi-gcc -c -Os -fdata-sections -ffunction-sections -DNDEBUG -mthumb -march=armv7e-m -mfloat-abi=hard -mcpu=cortex-m7 -mfpu=fpv5-sp-d16 -fno-strict-aliasing --specs=nosys.specs  conftest.c >&5
configure:3700: $? = 0
configure:3700: result: yes
configure:3700: checking for unistd.h
configure:3700: arm-none-eabi-gcc -c -Os -fdata-sections -ffunction-sections -DNDEBUG -mthumb -march=armv7e-m -mfloat-abi=hard -mcpu=cortex-m7 -mfpu=fpv5-sp-d16 -fno-strict-aliasing --specs=nosys.specs  conftest.c >&5
configure:3700: $? = 0
configure:3700: result: yes
configure:3700: checking for wchar.h
configure:3700: arm-none-eabi-gcc -c -Os -fdata-sections -ffunction-sections -DNDEBUG -mthumb -march=armv7e-m -mfloat-abi=hard -mcpu=cortex-m7 -mfpu=fpv5-sp-d16 -fno-strict-aliasing --specs=nosys.specs  conftest.c >&5
configure:3700: $? = 0
configure:3700: result: yes
configure:3700: checking for minix/config.h
configure:3700: arm-none-eabi-gcc -c -Os -fdata-sections -ffunction-sections -DNDEBUG -mthumb -march=armv7e-m -mfloat-abi=hard -mcpu=cortex-m7 -mfpu=fpv5-sp-d16 -fno-strict-aliasing --specs=nosys.specs  conftest.c >&5
conftest.c:47:10: fatal error: minix/config.h: No such file or directory
   47 | #include <minix/config.h>
      |          ^~~~~~~~~~~~~~~~
compilation terminated.
configure:3700: $? = 1
configure: failed program was:
| /* confdefs.h */
| #define PACKAGE_NAME "mpfi"
| #define PACKAGE_TARNAME "mpfi"
| #define PACKAGE_VERSION "1.5.4"
| #define PACKAGE_STRING "mpfi 1.5.4"
| #define PACKAGE_BUGREPORT "mpfi-users@lists.gforge.inria.fr"
| #define PACKAGE_URL "https://gforge.inria.fr/projects/mpfi/"
| #define HAVE_STDIO_H 1
| #define HAVE_STDLIB_H 1
| #define HAVE_STRING_H 1
| #define HAVE_INTTYPES_H 1
| #define HAVE_STDINT_H 1
| #define HAVE_STRINGS_H 1
| #define HAVE_SYS_STAT_H 1
| #define HAVE_SYS_TYPES_H 1
| #define HAVE_UNISTD_H 1
| #define HAVE_WCHAR_H 1
| /* end confdefs.h.  */
| #include <stddef.h>
| #ifdef HAVE_STDIO_H
| # include <stdio.h>
| #endif
| #ifdef HAVE_STDLIB_H
| # include <stdlib.h>
| #endif
| #ifdef HAVE_STRING_H
| # include <string.h>
| #endif
| #ifdef HAVE_INTTYPES_H
| # include <inttypes.h>
| #endif
| #ifdef HAVE_STDINT_H
| # include <stdint.h>
| #endif
| #ifdef HAVE_STRINGS_H
| # include <strings.h>
| #endif
| #ifdef HAVE_SYS_TYPES_H
| # include <sys/types.h>
| #endif
| #ifdef HAVE_SYS_STAT_H
| # include <sys/stat.h>
| #endif
| #ifdef HAVE_UNISTD_H
| # include <unistd.h>
| #endif
| #include <minix/config.h>
configure:3700: result: no
configure:3731: checking whether it is safe to define __EXTENSIONS__
configure:3750: arm-none-eabi-gcc -c -Os -fdata-sections -ffunction-sections -DNDEBUG -mthumb -march=armv7e-m -mfloat-abi=hard -mcpu=cortex-m7 -mfpu=fpv5-sp-d16 -fno-strict-aliasing --specs=nosys.specs  conftest.c >&5
configure:3750: $? = 0
configure:3758: result: yes
configure:3761: checking whether _XOPEN_SOURCE should be defined
configure:3783: arm-none-eabi-gcc -c -Os -fdata-sections -ffunction-sections -DNDEBUG -mthumb -march=armv7e-m -mfloat-abi=hard -mcpu=cortex-m7 -mfpu=fpv5-sp-d16 -fno-strict-aliasing --specs=nosys.specs  conftest.c >&5
configure:3783: $? = 0
configure:3810: result: no
configure:3883: checking for a BSD-compatible install
configure:3956: result: /usr/bin/install -c
configure:3967: checking whether build environment is sane
configure:4022: result: yes
configure:4074: checking for arm-none-eabi-strip
configure:4095: found /usr/bin/arm-none-eabi-strip
configure:4106: result: arm-none-eabi-strip
configure:4177: checking for a race-free mkdir -p
configure:4221: result: /usr/bin/mkdir -p
configure:4228: checking for gawk
configure:4249: found /usr/bin/gawk
configure:4260: result: gawk
configure:4271: checking whether make sets $(MAKE)
configure:4294: result: yes
configure:4316: checking whether make supports the include directive
configure:4331: make -f confmf.GNU && cat confinc.out
make[3]: Entering directory '/home/neo/Documents/Code/NumWorks/Upsilon-External-KhiCAS-docker/apps/KhiCAS/src/mpfi-1.5.4'
make[3]: Leaving directory '/home/neo/Documents/Code/NumWorks/Upsilon-External-KhiCAS-docker/apps/KhiCAS/src/mpfi-1.5.4'
this is the am__doit target
configure:4334: $? = 0
configure:4353: result: yes (GNU style)
configure:4388: checking whether make supports nested variables
configure:4406: result: yes
configure:4487: checking dependency style of arm-none-eabi-gcc
configure:4599: result: gcc3
configure:4683: checking whether make supports nested variables
configure:4701: result: yes
configure:4713: checking whether to enable maintainer-specific portions of Makefiles
configure:4723: result: no
configure:4809: checking for arm-none-eabi-gcc
configure:4841: result: arm-none-eabi-gcc
configure:5239: checking for C compiler version
configure:5248: arm-none-eabi-gcc --version >&5
arm-none-eabi-gcc (Arch Repository) 12.1.0
Copyright (C) 2022 Free Software Foundation, Inc.
This is free software; see the source for copying conditions.  There is NO
warranty; not even for MERCHANTABILITY or FITNESS FOR A PARTICULAR PURPOSE.

configure:5259: $? = 0
configure:5248: arm-none-eabi-gcc -v >&5
Using built-in specs.
COLLECT_GCC=arm-none-eabi-gcc
COLLECT_LTO_WRAPPER=/usr/lib/gcc/arm-none-eabi/12.1.0/lto-wrapper
Target: arm-none-eabi
Configured with: /build/arm-none-eabi-gcc/src/gcc-12.1.0/configure --target=arm-none-eabi --prefix=/usr --with-sysroot=/usr/arm-none-eabi --with-native-system-header-dir=/include --libexecdir=/usr/lib --enable-languages=c,c++ --enable-plugins --disable-decimal-float --disable-libffi --disable-libgomp --disable-libmudflap --disable-libquadmath --disable-libssp --disable-libstdcxx-pch --disable-nls --disable-shared --disable-threads --disable-tls --with-gnu-as --with-gnu-ld --with-system-zlib --with-newlib --with-headers=/usr/arm-none-eabi/include --with-python-dir=share/gcc-arm-none-eabi --with-gmp --with-mpfr --with-mpc --with-isl --with-libelf --enable-gnu-indirect-function --with-host-libstdcxx='-static-libgcc -Wl,-Bstatic,-lstdc++,-Bdynamic -lm' --with-pkgversion='Arch Repository' --with-bugurl=https://bugs.archlinux.org/ --with-multilib-list=rmprofile
Thread model: single
Supported LTO compression algorithms: zlib zstd
gcc version 12.1.0 (Arch Repository) 
configure:5259: $? = 0
configure:5248: arm-none-eabi-gcc -V >&5
arm-none-eabi-gcc: error: unrecognized command-line option '-V'
arm-none-eabi-gcc: fatal error: no input files
compilation terminated.
configure:5259: $? = 1
configure:5248: arm-none-eabi-gcc -qversion >&5
arm-none-eabi-gcc: error: unrecognized command-line option '-qversion'; did you mean '--version'?
arm-none-eabi-gcc: fatal error: no input files
compilation terminated.
configure:5259: $? = 1
configure:5248: arm-none-eabi-gcc -version >&5
arm-none-eabi-gcc: error: unrecognized command-line option '-version'
arm-none-eabi-gcc: fatal error: no input files
compilation terminated.
configure:5259: $? = 1
configure:5263: checking whether the compiler supports GNU C
configure:5293: result: yes
configure:5304: checking whether arm-none-eabi-gcc accepts -g
configure:5369: result: yes
configure:5389: checking for arm-none-eabi-gcc option to enable C11 features
configure:5422: result: none needed
configure:5538: checking whether arm-none-eabi-gcc understands -c and -o together
configure:5576: result: yes
configure:5598: checking how to run the C preprocessor
configure:5624: arm-none-eabi-gcc -E -I/home/neo/Documents/Code/NumWorks/Upsilon-External-KhiCAS-docker/apps/KhiCAS/src/mpfi-1.5.4/..//include -I/home/neo/Documents/Code/NumWorks/Upsilon-External-KhiCAS-docker/apps/KhiCAS/src/mpfi-1.5.4/..//include  conftest.c
configure:5624: $? = 0
configure:5639: arm-none-eabi-gcc -E -I/home/neo/Documents/Code/NumWorks/Upsilon-External-KhiCAS-docker/apps/KhiCAS/src/mpfi-1.5.4/..//include -I/home/neo/Documents/Code/NumWorks/Upsilon-External-KhiCAS-docker/apps/KhiCAS/src/mpfi-1.5.4/..//include  conftest.c
conftest.c:38:10: fatal error: ac_nonexistent.h: No such file or directory
   38 | #include <ac_nonexistent.h>
      |          ^~~~~~~~~~~~~~~~~~
compilation terminated.
configure:5639: $? = 1
configure: failed program was:
| /* confdefs.h */
| #define PACKAGE_NAME "mpfi"
| #define PACKAGE_TARNAME "mpfi"
| #define PACKAGE_VERSION "1.5.4"
| #define PACKAGE_STRING "mpfi 1.5.4"
| #define PACKAGE_BUGREPORT "mpfi-users@lists.gforge.inria.fr"
| #define PACKAGE_URL "https://gforge.inria.fr/projects/mpfi/"
| #define HAVE_STDIO_H 1
| #define HAVE_STDLIB_H 1
| #define HAVE_STRING_H 1
| #define HAVE_INTTYPES_H 1
| #define HAVE_STDINT_H 1
| #define HAVE_STRINGS_H 1
| #define HAVE_SYS_STAT_H 1
| #define HAVE_SYS_TYPES_H 1
| #define HAVE_UNISTD_H 1
| #define HAVE_WCHAR_H 1
| #define STDC_HEADERS 1
| #define _ALL_SOURCE 1
| #define _DARWIN_C_SOURCE 1
| #define _GNU_SOURCE 1
| #define _HPUX_ALT_XOPEN_SOCKET_API 1
| #define _NETBSD_SOURCE 1
| #define _OPENBSD_SOURCE 1
| #define _POSIX_PTHREAD_SEMANTICS 1
| #define __STDC_WANT_IEC_60559_ATTRIBS_EXT__ 1
| #define __STDC_WANT_IEC_60559_BFP_EXT__ 1
| #define __STDC_WANT_IEC_60559_DFP_EXT__ 1
| #define __STDC_WANT_IEC_60559_FUNCS_EXT__ 1
| #define __STDC_WANT_IEC_60559_TYPES_EXT__ 1
| #define __STDC_WANT_LIB_EXT2__ 1
| #define __STDC_WANT_MATH_SPEC_FUNCS__ 1
| #define _TANDEM_SOURCE 1
| #define __EXTENSIONS__ 1
| #define PACKAGE "mpfi"
| #define VERSION "1.5.4"
| /* end confdefs.h.  */
| #include <ac_nonexistent.h>
configure:5666: result: arm-none-eabi-gcc -E
configure:5680: arm-none-eabi-gcc -E -I/home/neo/Documents/Code/NumWorks/Upsilon-External-KhiCAS-docker/apps/KhiCAS/src/mpfi-1.5.4/..//include -I/home/neo/Documents/Code/NumWorks/Upsilon-External-KhiCAS-docker/apps/KhiCAS/src/mpfi-1.5.4/..//include  conftest.c
configure:5680: $? = 0
configure:5695: arm-none-eabi-gcc -E -I/home/neo/Documents/Code/NumWorks/Upsilon-External-KhiCAS-docker/apps/KhiCAS/src/mpfi-1.5.4/..//include -I/home/neo/Documents/Code/NumWorks/Upsilon-External-KhiCAS-docker/apps/KhiCAS/src/mpfi-1.5.4/..//include  conftest.c
conftest.c:38:10: fatal error: ac_nonexistent.h: No such file or directory
   38 | #include <ac_nonexistent.h>
      |          ^~~~~~~~~~~~~~~~~~
compilation terminated.
configure:5695: $? = 1
configure: failed program was:
| /* confdefs.h */
| #define PACKAGE_NAME "mpfi"
| #define PACKAGE_TARNAME "mpfi"
| #define PACKAGE_VERSION "1.5.4"
| #define PACKAGE_STRING "mpfi 1.5.4"
| #define PACKAGE_BUGREPORT "mpfi-users@lists.gforge.inria.fr"
| #define PACKAGE_URL "https://gforge.inria.fr/projects/mpfi/"
| #define HAVE_STDIO_H 1
| #define HAVE_STDLIB_H 1
| #define HAVE_STRING_H 1
| #define HAVE_INTTYPES_H 1
| #define HAVE_STDINT_H 1
| #define HAVE_STRINGS_H 1
| #define HAVE_SYS_STAT_H 1
| #define HAVE_SYS_TYPES_H 1
| #define HAVE_UNISTD_H 1
| #define HAVE_WCHAR_H 1
| #define STDC_HEADERS 1
| #define _ALL_SOURCE 1
| #define _DARWIN_C_SOURCE 1
| #define _GNU_SOURCE 1
| #define _HPUX_ALT_XOPEN_SOCKET_API 1
| #define _NETBSD_SOURCE 1
| #define _OPENBSD_SOURCE 1
| #define _POSIX_PTHREAD_SEMANTICS 1
| #define __STDC_WANT_IEC_60559_ATTRIBS_EXT__ 1
| #define __STDC_WANT_IEC_60559_BFP_EXT__ 1
| #define __STDC_WANT_IEC_60559_DFP_EXT__ 1
| #define __STDC_WANT_IEC_60559_FUNCS_EXT__ 1
| #define __STDC_WANT_IEC_60559_TYPES_EXT__ 1
| #define __STDC_WANT_LIB_EXT2__ 1
| #define __STDC_WANT_MATH_SPEC_FUNCS__ 1
| #define _TANDEM_SOURCE 1
| #define __EXTENSIONS__ 1
| #define PACKAGE "mpfi"
| #define VERSION "1.5.4"
| /* end confdefs.h.  */
| #include <ac_nonexistent.h>
configure:5726: checking whether ln -s works
configure:5730: result: yes
configure:5737: checking whether make sets $(MAKE)
configure:5760: result: yes
configure:5775: checking for arm-none-eabi-ar
configure:5796: found /usr/bin/arm-none-eabi-ar
configure:5807: result: arm-none-eabi-ar
configure:5882: checking the archiver (arm-none-eabi-ar) interface
configure:5899: arm-none-eabi-gcc -c -Os -fdata-sections -ffunction-sections -DNDEBUG -mthumb -march=armv7e-m -mfloat-abi=hard -mcpu=cortex-m7 -mfpu=fpv5-sp-d16 -fno-strict-aliasing --specs=nosys.specs -I/home/neo/Documents/Code/NumWorks/Upsilon-External-KhiCAS-docker/apps/KhiCAS/src/mpfi-1.5.4/..//include -I/home/neo/Documents/Code/NumWorks/Upsilon-External-KhiCAS-docker/apps/KhiCAS/src/mpfi-1.5.4/..//include  conftest.c >&5
configure:5899: $? = 0
configure:5902: arm-none-eabi-ar cru libconftest.a conftest.o >&5
arm-none-eabi-ar: `u' modifier ignored since `D' is the default (see `U')
configure:5905: $? = 0
configure:5933: result: ar
configure:5985: checking build system type
configure:6000: result: x86_64-pc-linux-gnu
configure:6020: checking host system type
configure:6034: result: arm-none-eabi
configure:6075: checking how to print strings
configure:6102: result: printf
configure:6123: checking for a sed that does not truncate output
configure:6193: result: /usr/bin/sed
configure:6211: checking for grep that handles long lines and -e
configure:6275: result: /usr/bin/grep
configure:6280: checking for egrep
configure:6348: result: /usr/bin/grep -E
configure:6353: checking for fgrep
configure:6421: result: /usr/bin/grep -F
configure:6457: checking for ld used by arm-none-eabi-gcc
configure:6525: result: /usr/arm-none-eabi/bin/ld
configure:6532: checking if the linker (/usr/arm-none-eabi/bin/ld) is GNU ld
configure:6548: result: yes
configure:6560: checking for BSD- or MS-compatible name lister (nm)
configure:6615: result: /usr/bin/arm-none-eabi-nm -B
configure:6755: checking the name lister (/usr/bin/arm-none-eabi-nm -B) interface
configure:6763: arm-none-eabi-gcc -c -Os -fdata-sections -ffunction-sections -DNDEBUG -mthumb -march=armv7e-m -mfloat-abi=hard -mcpu=cortex-m7 -mfpu=fpv5-sp-d16 -fno-strict-aliasing --specs=nosys.specs -I/home/neo/Documents/Code/NumWorks/Upsilon-External-KhiCAS-docker/apps/KhiCAS/src/mpfi-1.5.4/..//include -I/home/neo/Documents/Code/NumWorks/Upsilon-External-KhiCAS-docker/apps/KhiCAS/src/mpfi-1.5.4/..//include  conftest.c >&5
configure:6766: /usr/bin/arm-none-eabi-nm -B "conftest.o"
configure:6769: output
00000000 B some_variable
configure:6776: result: BSD nm
configure:6780: checking the maximum length of command line arguments
configure:6912: result: 1572864
configure:6960: checking how to convert x86_64-pc-linux-gnu file names to arm-none-eabi format
configure:7001: result: func_convert_file_noop
configure:7008: checking how to convert x86_64-pc-linux-gnu file names to toolchain format
configure:7029: result: func_convert_file_noop
configure:7036: checking for /usr/arm-none-eabi/bin/ld option to reload object files
configure:7044: result: -r
configure:7078: checking for arm-none-eabi-file
configure:7113: result: no
configure:7123: checking for file
configure:7144: found /usr/bin/file
configure:7155: result: file
configure:7167: WARNING: using cross tools not prefixed with host triplet
configure:7186: checking for arm-none-eabi-objdump
configure:7207: found /usr/bin/arm-none-eabi-objdump
configure:7218: result: arm-none-eabi-objdump
configure:7295: checking how to recognize dependent libraries
configure:7496: result: unknown
configure:7541: checking for arm-none-eabi-dlltool
configure:7576: result: no
configure:7586: checking for dlltool
configure:7621: result: no
configure:7651: checking how to associate runtime and link libraries
configure:7679: result: printf %s\n
configure:7695: checking for arm-none-eabi-ar
configure:7727: result: arm-none-eabi-ar
configure:7829: checking for archiver @FILE support
configure:7847: arm-none-eabi-gcc -c -Os -fdata-sections -ffunction-sections -DNDEBUG -mthumb -march=armv7e-m -mfloat-abi=hard -mcpu=cortex-m7 -mfpu=fpv5-sp-d16 -fno-strict-aliasing --specs=nosys.specs -I/home/neo/Documents/Code/NumWorks/Upsilon-External-KhiCAS-docker/apps/KhiCAS/src/mpfi-1.5.4/..//include -I/home/neo/Documents/Code/NumWorks/Upsilon-External-KhiCAS-docker/apps/KhiCAS/src/mpfi-1.5.4/..//include  conftest.c >&5
configure:7847: $? = 0
configure:7851: arm-none-eabi-ar cr libconftest.a @conftest.lst >&5
configure:7854: $? = 0
configure:7859: arm-none-eabi-ar cr libconftest.a @conftest.lst >&5
arm-none-eabi-ar: conftest.o: No such file or directory
configure:7862: $? = 1
configure:7874: result: @
configure:7892: checking for arm-none-eabi-strip
configure:7924: result: arm-none-eabi-strip
configure:8001: checking for arm-none-eabi-ranlib
configure:8022: found /usr/bin/arm-none-eabi-ranlib
configure:8033: result: arm-none-eabi-ranlib
configure:8180: checking command to parse /usr/bin/arm-none-eabi-nm -B output from arm-none-eabi-gcc object
configure:8334: arm-none-eabi-gcc -c -Os -fdata-sections -ffunction-sections -DNDEBUG -mthumb -march=armv7e-m -mfloat-abi=hard -mcpu=cortex-m7 -mfpu=fpv5-sp-d16 -fno-strict-aliasing --specs=nosys.specs -I/home/neo/Documents/Code/NumWorks/Upsilon-External-KhiCAS-docker/apps/KhiCAS/src/mpfi-1.5.4/..//include -I/home/neo/Documents/Code/NumWorks/Upsilon-External-KhiCAS-docker/apps/KhiCAS/src/mpfi-1.5.4/..//include  conftest.c >&5
configure:8337: $? = 0
configure:8341: /usr/bin/arm-none-eabi-nm -B conftest.o \| /usr/bin/sed -n -e 's/^.*[ ]\([ABCDGIRSTW][ABCDGIRSTW]*\)[ ][ ]*\([_A-Za-z][_A-Za-z0-9]*\)$/\1 \2 \2/p' | /usr/bin/sed '/ __gnu_lto/d' \> conftest.nm
configure:8344: $? = 0
configure:8410: arm-none-eabi-gcc -o conftest -Os -fdata-sections -ffunction-sections -DNDEBUG -mthumb -march=armv7e-m -mfloat-abi=hard -mcpu=cortex-m7 -mfpu=fpv5-sp-d16 -fno-strict-aliasing --specs=nosys.specs -I/home/neo/Documents/Code/NumWorks/Upsilon-External-KhiCAS-docker/apps/KhiCAS/src/mpfi-1.5.4/..//include -I/home/neo/Documents/Code/NumWorks/Upsilon-External-KhiCAS-docker/apps/KhiCAS/src/mpfi-1.5.4/..//include  -L/home/neo/Documents/Code/NumWorks/Upsilon-External-KhiCAS-docker/apps/KhiCAS/src/mpfi-1.5.4/..//lib -L/home/neo/Documents/Code/NumWorks/Upsilon-External-KhiCAS-docker/apps/KhiCAS/src/mpfi-1.5.4/..//lib  conftest.c conftstm.o >&5
configure:8413: $? = 0
configure:8451: result: ok
configure:8498: checking for sysroot
configure:8529: result: no
configure:8536: checking for a working dd
configure:8580: result: /usr/bin/dd
configure:8584: checking how to truncate binary pipes
configure:8600: result: /usr/bin/dd bs=4096 count=1
configure:8892: checking for arm-none-eabi-mt
configure:8927: result: no
configure:8937: checking for mt
configure:8972: result: no
configure:8992: checking if : is a manifest tool
configure:8999: : '-?'
configure:9007: result: no
configure:9728: checking for dlfcn.h
configure:9728: arm-none-eabi-gcc -c -Os -fdata-sections -ffunction-sections -DNDEBUG -mthumb -march=armv7e-m -mfloat-abi=hard -mcpu=cortex-m7 -mfpu=fpv5-sp-d16 -fno-strict-aliasing --specs=nosys.specs -I/home/neo/Documents/Code/NumWorks/Upsilon-External-KhiCAS-docker/apps/KhiCAS/src/mpfi-1.5.4/..//include -I/home/neo/Documents/Code/NumWorks/Upsilon-External-KhiCAS-docker/apps/KhiCAS/src/mpfi-1.5.4/..//include  conftest.c >&5
conftest.c:67:10: fatal error: dlfcn.h: No such file or directory
   67 | #include <dlfcn.h>
      |          ^~~~~~~~~
compilation terminated.
configure:9728: $? = 1
configure: failed program was:
| /* confdefs.h */
| #define PACKAGE_NAME "mpfi"
| #define PACKAGE_TARNAME "mpfi"
| #define PACKAGE_VERSION "1.5.4"
| #define PACKAGE_STRING "mpfi 1.5.4"
| #define PACKAGE_BUGREPORT "mpfi-users@lists.gforge.inria.fr"
| #define PACKAGE_URL "https://gforge.inria.fr/projects/mpfi/"
| #define HAVE_STDIO_H 1
| #define HAVE_STDLIB_H 1
| #define HAVE_STRING_H 1
| #define HAVE_INTTYPES_H 1
| #define HAVE_STDINT_H 1
| #define HAVE_STRINGS_H 1
| #define HAVE_SYS_STAT_H 1
| #define HAVE_SYS_TYPES_H 1
| #define HAVE_UNISTD_H 1
| #define HAVE_WCHAR_H 1
| #define STDC_HEADERS 1
| #define _ALL_SOURCE 1
| #define _DARWIN_C_SOURCE 1
| #define _GNU_SOURCE 1
| #define _HPUX_ALT_XOPEN_SOCKET_API 1
| #define _NETBSD_SOURCE 1
| #define _OPENBSD_SOURCE 1
| #define _POSIX_PTHREAD_SEMANTICS 1
| #define __STDC_WANT_IEC_60559_ATTRIBS_EXT__ 1
| #define __STDC_WANT_IEC_60559_BFP_EXT__ 1
| #define __STDC_WANT_IEC_60559_DFP_EXT__ 1
| #define __STDC_WANT_IEC_60559_FUNCS_EXT__ 1
| #define __STDC_WANT_IEC_60559_TYPES_EXT__ 1
| #define __STDC_WANT_LIB_EXT2__ 1
| #define __STDC_WANT_MATH_SPEC_FUNCS__ 1
| #define _TANDEM_SOURCE 1
| #define __EXTENSIONS__ 1
| #define PACKAGE "mpfi"
| #define VERSION "1.5.4"
| /* end confdefs.h.  */
| #include <stddef.h>
| #ifdef HAVE_STDIO_H
| # include <stdio.h>
| #endif
| #ifdef HAVE_STDLIB_H
| # include <stdlib.h>
| #endif
| #ifdef HAVE_STRING_H
| # include <string.h>
| #endif
| #ifdef HAVE_INTTYPES_H
| # include <inttypes.h>
| #endif
| #ifdef HAVE_STDINT_H
| # include <stdint.h>
| #endif
| #ifdef HAVE_STRINGS_H
| # include <strings.h>
| #endif
| #ifdef HAVE_SYS_TYPES_H
| # include <sys/types.h>
| #endif
| #ifdef HAVE_SYS_STAT_H
| # include <sys/stat.h>
| #endif
| #ifdef HAVE_UNISTD_H
| # include <unistd.h>
| #endif
| 
| #include <dlfcn.h>
configure:9728: result: no
configure:9987: checking for objdir
configure:10003: result: .libs
configure:10267: checking if arm-none-eabi-gcc supports -fno-rtti -fno-exceptions
configure:10286: arm-none-eabi-gcc -c -Os -fdata-sections -ffunction-sections -DNDEBUG -mthumb -march=armv7e-m -mfloat-abi=hard -mcpu=cortex-m7 -mfpu=fpv5-sp-d16 -fno-strict-aliasing --specs=nosys.specs -I/home/neo/Documents/Code/NumWorks/Upsilon-External-KhiCAS-docker/apps/KhiCAS/src/mpfi-1.5.4/..//include -I/home/neo/Documents/Code/NumWorks/Upsilon-External-KhiCAS-docker/apps/KhiCAS/src/mpfi-1.5.4/..//include  -fno-rtti -fno-exceptions conftest.c >&5
cc1: warning: command-line option '-fno-rtti' is valid for C++/D/ObjC++ but not for C
configure:10290: $? = 0
configure:10303: result: no
configure:10661: checking for arm-none-eabi-gcc option to produce PIC
configure:10669: result: -fPIC -DPIC
configure:10677: checking if arm-none-eabi-gcc PIC flag -fPIC -DPIC works
configure:10696: arm-none-eabi-gcc -c -Os -fdata-sections -ffunction-sections -DNDEBUG -mthumb -march=armv7e-m -mfloat-abi=hard -mcpu=cortex-m7 -mfpu=fpv5-sp-d16 -fno-strict-aliasing --specs=nosys.specs -I/home/neo/Documents/Code/NumWorks/Upsilon-External-KhiCAS-docker/apps/KhiCAS/src/mpfi-1.5.4/..//include -I/home/neo/Documents/Code/NumWorks/Upsilon-External-KhiCAS-docker/apps/KhiCAS/src/mpfi-1.5.4/..//include  -fPIC -DPIC -DPIC conftest.c >&5
configure:10700: $? = 0
configure:10713: result: yes
configure:10742: checking if arm-none-eabi-gcc static flag -static works
configure:10771: result: yes
configure:10786: checking if arm-none-eabi-gcc supports -c -o file.o
configure:10808: arm-none-eabi-gcc -c -Os -fdata-sections -ffunction-sections -DNDEBUG -mthumb -march=armv7e-m -mfloat-abi=hard -mcpu=cortex-m7 -mfpu=fpv5-sp-d16 -fno-strict-aliasing --specs=nosys.specs -I/home/neo/Documents/Code/NumWorks/Upsilon-External-KhiCAS-docker/apps/KhiCAS/src/mpfi-1.5.4/..//include -I/home/neo/Documents/Code/NumWorks/Upsilon-External-KhiCAS-docker/apps/KhiCAS/src/mpfi-1.5.4/..//include  -o out/conftest2.o conftest.c >&5
configure:10812: $? = 0
configure:10834: result: yes
configure:10842: checking if arm-none-eabi-gcc supports -c -o file.o
configure:10890: result: yes
configure:10923: checking whether the arm-none-eabi-gcc linker (/usr/arm-none-eabi/bin/ld) supports shared libraries
configure:12191: result: yes
configure:12228: checking whether -lc should be explicitly linked in
configure:12237: arm-none-eabi-gcc -c -Os -fdata-sections -ffunction-sections -DNDEBUG -mthumb -march=armv7e-m -mfloat-abi=hard -mcpu=cortex-m7 -mfpu=fpv5-sp-d16 -fno-strict-aliasing --specs=nosys.specs -I/home/neo/Documents/Code/NumWorks/Upsilon-External-KhiCAS-docker/apps/KhiCAS/src/mpfi-1.5.4/..//include -I/home/neo/Documents/Code/NumWorks/Upsilon-External-KhiCAS-docker/apps/KhiCAS/src/mpfi-1.5.4/..//include  conftest.c >&5
configure:12240: $? = 0
configure:12255: arm-none-eabi-gcc -shared  -fPIC -DPIC conftest.o  -v -Wl,-soname -Wl,conftest -o conftest 2\>\&1 \| /usr/bin/grep  -lc  \>/dev/null 2\>\&1
configure:12258: $? = 1
configure:12272: result: yes
configure:12432: checking dynamic linker characteristics
configure:13253: result: no
configure:13375: checking how to hardcode library paths into programs
configure:13400: result: immediate
configure:13952: checking whether stripping libraries is possible
configure:13961: result: yes
configure:14003: checking if libtool supports shared libraries
configure:14005: result: no
configure:14008: checking whether to build shared libraries
configure:14033: result: no
configure:14036: checking whether to build static libraries
configure:14040: result: yes
configure:14079: checking for gmp.h
configure:14087: arm-none-eabi-gcc -c -Os -fdata-sections -ffunction-sections -DNDEBUG -mthumb -march=armv7e-m -mfloat-abi=hard -mcpu=cortex-m7 -mfpu=fpv5-sp-d16 -fno-strict-aliasing --specs=nosys.specs -I/home/neo/Documents/Code/NumWorks/Upsilon-External-KhiCAS-docker/apps/KhiCAS/src/mpfi-1.5.4/..//include -I/home/neo/Documents/Code/NumWorks/Upsilon-External-KhiCAS-docker/apps/KhiCAS/src/mpfi-1.5.4/..//include  conftest.c >&5
configure:14087: $? = 0
configure:14089: result: yes
configure:14100: checking for __gmpz_init in -lgmp
configure:14123: arm-none-eabi-gcc -o conftest -Os -fdata-sections -ffunction-sections -DNDEBUG -mthumb -march=armv7e-m -mfloat-abi=hard -mcpu=cortex-m7 -mfpu=fpv5-sp-d16 -fno-strict-aliasing --specs=nosys.specs -I/home/neo/Documents/Code/NumWorks/Upsilon-External-KhiCAS-docker/apps/KhiCAS/src/mpfi-1.5.4/..//include -I/home/neo/Documents/Code/NumWorks/Upsilon-External-KhiCAS-docker/apps/KhiCAS/src/mpfi-1.5.4/..//include  -L/home/neo/Documents/Code/NumWorks/Upsilon-External-KhiCAS-docker/apps/KhiCAS/src/mpfi-1.5.4/..//lib -L/home/neo/Documents/Code/NumWorks/Upsilon-External-KhiCAS-docker/apps/KhiCAS/src/mpfi-1.5.4/..//lib  conftest.c -lgmp   >&5
configure:14123: $? = 0
configure:14133: result: yes
configure:14143: checking for valid GMP
configure:14161: arm-none-eabi-gcc -c -Os -fdata-sections -ffunction-sections -DNDEBUG -mthumb -march=armv7e-m -mfloat-abi=hard -mcpu=cortex-m7 -mfpu=fpv5-sp-d16 -fno-strict-aliasing --specs=nosys.specs -I/home/neo/Documents/Code/NumWorks/Upsilon-External-KhiCAS-docker/apps/KhiCAS/src/mpfi-1.5.4/..//include -I/home/neo/Documents/Code/NumWorks/Upsilon-External-KhiCAS-docker/apps/KhiCAS/src/mpfi-1.5.4/..//include  conftest.c >&5
configure:14161: $? = 0
configure:14163: result: yes
configure:14174: checking for mpfr.h
configure:14182: arm-none-eabi-gcc -c -Os -fdata-sections -ffunction-sections -DNDEBUG -mthumb -march=armv7e-m -mfloat-abi=hard -mcpu=cortex-m7 -mfpu=fpv5-sp-d16 -fno-strict-aliasing --specs=nosys.specs -I/home/neo/Documents/Code/NumWorks/Upsilon-External-KhiCAS-docker/apps/KhiCAS/src/mpfi-1.5.4/..//include -I/home/neo/Documents/Code/NumWorks/Upsilon-External-KhiCAS-docker/apps/KhiCAS/src/mpfi-1.5.4/..//include  conftest.c >&5
configure:14182: $? = 0
configure:14184: result: yes
configure:14195: checking for mpfr_init in -lmpfr
configure:14218: arm-none-eabi-gcc -o conftest -Os -fdata-sections -ffunction-sections -DNDEBUG -mthumb -march=armv7e-m -mfloat-abi=hard -mcpu=cortex-m7 -mfpu=fpv5-sp-d16 -fno-strict-aliasing --specs=nosys.specs -I/home/neo/Documents/Code/NumWorks/Upsilon-External-KhiCAS-docker/apps/KhiCAS/src/mpfi-1.5.4/..//include -I/home/neo/Documents/Code/NumWorks/Upsilon-External-KhiCAS-docker/apps/KhiCAS/src/mpfi-1.5.4/..//include  -L/home/neo/Documents/Code/NumWorks/Upsilon-External-KhiCAS-docker/apps/KhiCAS/src/mpfi-1.5.4/..//lib -L/home/neo/Documents/Code/NumWorks/Upsilon-External-KhiCAS-docker/apps/KhiCAS/src/mpfi-1.5.4/..//lib  conftest.c -lmpfr  -lgmp  >&5
configure:14218: $? = 0
configure:14228: result: yes
configure:14238: checking for valid MPFR
configure:14256: arm-none-eabi-gcc -c -Os -fdata-sections -ffunction-sections -DNDEBUG -mthumb -march=armv7e-m -mfloat-abi=hard -mcpu=cortex-m7 -mfpu=fpv5-sp-d16 -fno-strict-aliasing --specs=nosys.specs -I/home/neo/Documents/Code/NumWorks/Upsilon-External-KhiCAS-docker/apps/KhiCAS/src/mpfi-1.5.4/..//include -I/home/neo/Documents/Code/NumWorks/Upsilon-External-KhiCAS-docker/apps/KhiCAS/src/mpfi-1.5.4/..//include  conftest.c >&5
configure:14256: $? = 0
configure:14258: result: yes
configure:14270: checking for float.h
configure:14270: arm-none-eabi-gcc -c -Os -fdata-sections -ffunction-sections -DNDEBUG -mthumb -march=armv7e-m -mfloat-abi=hard -mcpu=cortex-m7 -mfpu=fpv5-sp-d16 -fno-strict-aliasing --specs=nosys.specs -I/home/neo/Documents/Code/NumWorks/Upsilon-External-KhiCAS-docker/apps/KhiCAS/src/mpfi-1.5.4/..//include -I/home/neo/Documents/Code/NumWorks/Upsilon-External-KhiCAS-docker/apps/KhiCAS/src/mpfi-1.5.4/..//include  conftest.c >&5
configure:14270: $? = 0
configure:14270: result: yes
configure:14276: checking for limits.h
configure:14276: arm-none-eabi-gcc -c -Os -fdata-sections -ffunction-sections -DNDEBUG -mthumb -march=armv7e-m -mfloat-abi=hard -mcpu=cortex-m7 -mfpu=fpv5-sp-d16 -fno-strict-aliasing --specs=nosys.specs -I/home/neo/Documents/Code/NumWorks/Upsilon-External-KhiCAS-docker/apps/KhiCAS/src/mpfi-1.5.4/..//include -I/home/neo/Documents/Code/NumWorks/Upsilon-External-KhiCAS-docker/apps/KhiCAS/src/mpfi-1.5.4/..//include  conftest.c >&5
configure:14276: $? = 0
configure:14276: result: yes
configure:14282: checking for stdlib.h
configure:14282: result: yes
configure:14288: checking for string.h
configure:14288: result: yes
configure:14294: checking for sys/time.h
configure:14294: arm-none-eabi-gcc -c -Os -fdata-sections -ffunction-sections -DNDEBUG -mthumb -march=armv7e-m -mfloat-abi=hard -mcpu=cortex-m7 -mfpu=fpv5-sp-d16 -fno-strict-aliasing --specs=nosys.specs -I/home/neo/Documents/Code/NumWorks/Upsilon-External-KhiCAS-docker/apps/KhiCAS/src/mpfi-1.5.4/..//include -I/home/neo/Documents/Code/NumWorks/Upsilon-External-KhiCAS-docker/apps/KhiCAS/src/mpfi-1.5.4/..//include  conftest.c >&5
configure:14294: $? = 0
configure:14294: result: yes
configure:14300: checking for unistd.h
configure:14300: result: yes
configure:14307: checking for stdarg.h
configure:14307: arm-none-eabi-gcc -c -Os -fdata-sections -ffunction-sections -DNDEBUG -mthumb -march=armv7e-m -mfloat-abi=hard -mcpu=cortex-m7 -mfpu=fpv5-sp-d16 -fno-strict-aliasing --specs=nosys.specs -I/home/neo/Documents/Code/NumWorks/Upsilon-External-KhiCAS-docker/apps/KhiCAS/src/mpfi-1.5.4/..//include -I/home/neo/Documents/Code/NumWorks/Upsilon-External-KhiCAS-docker/apps/KhiCAS/src/mpfi-1.5.4/..//include  conftest.c >&5
configure:14307: $? = 0
configure:14307: result: yes
configure:14326: checking for size_t
configure:14326: arm-none-eabi-gcc -c -Os -fdata-sections -ffunction-sections -DNDEBUG -mthumb -march=armv7e-m -mfloat-abi=hard -mcpu=cortex-m7 -mfpu=fpv5-sp-d16 -fno-strict-aliasing --specs=nosys.specs -I/home/neo/Documents/Code/NumWorks/Upsilon-External-KhiCAS-docker/apps/KhiCAS/src/mpfi-1.5.4/..//include -I/home/neo/Documents/Code/NumWorks/Upsilon-External-KhiCAS-docker/apps/KhiCAS/src/mpfi-1.5.4/..//include  conftest.c >&5
configure:14326: $? = 0
configure:14326: arm-none-eabi-gcc -c -Os -fdata-sections -ffunction-sections -DNDEBUG -mthumb -march=armv7e-m -mfloat-abi=hard -mcpu=cortex-m7 -mfpu=fpv5-sp-d16 -fno-strict-aliasing --specs=nosys.specs -I/home/neo/Documents/Code/NumWorks/Upsilon-External-KhiCAS-docker/apps/KhiCAS/src/mpfi-1.5.4/..//include -I/home/neo/Documents/Code/NumWorks/Upsilon-External-KhiCAS-docker/apps/KhiCAS/src/mpfi-1.5.4/..//include  conftest.c >&5
conftest.c: In function 'main':
conftest.c:77:21: error: expected expression before ')' token
   77 | if (sizeof ((size_t)))
      |                     ^
configure:14326: $? = 1
configure: failed program was:
| /* confdefs.h */
| #define PACKAGE_NAME "mpfi"
| #define PACKAGE_TARNAME "mpfi"
| #define PACKAGE_VERSION "1.5.4"
| #define PACKAGE_STRING "mpfi 1.5.4"
| #define PACKAGE_BUGREPORT "mpfi-users@lists.gforge.inria.fr"
| #define PACKAGE_URL "https://gforge.inria.fr/projects/mpfi/"
| #define HAVE_STDIO_H 1
| #define HAVE_STDLIB_H 1
| #define HAVE_STRING_H 1
| #define HAVE_INTTYPES_H 1
| #define HAVE_STDINT_H 1
| #define HAVE_STRINGS_H 1
| #define HAVE_SYS_STAT_H 1
| #define HAVE_SYS_TYPES_H 1
| #define HAVE_UNISTD_H 1
| #define HAVE_WCHAR_H 1
| #define STDC_HEADERS 1
| #define _ALL_SOURCE 1
| #define _DARWIN_C_SOURCE 1
| #define _GNU_SOURCE 1
| #define _HPUX_ALT_XOPEN_SOCKET_API 1
| #define _NETBSD_SOURCE 1
| #define _OPENBSD_SOURCE 1
| #define _POSIX_PTHREAD_SEMANTICS 1
| #define __STDC_WANT_IEC_60559_ATTRIBS_EXT__ 1
| #define __STDC_WANT_IEC_60559_BFP_EXT__ 1
| #define __STDC_WANT_IEC_60559_DFP_EXT__ 1
| #define __STDC_WANT_IEC_60559_FUNCS_EXT__ 1
| #define __STDC_WANT_IEC_60559_TYPES_EXT__ 1
| #define __STDC_WANT_LIB_EXT2__ 1
| #define __STDC_WANT_MATH_SPEC_FUNCS__ 1
| #define _TANDEM_SOURCE 1
| #define __EXTENSIONS__ 1
| #define PACKAGE "mpfi"
| #define VERSION "1.5.4"
| #define LT_OBJDIR ".libs/"
| #define HAVE_FLOAT_H 1
| #define HAVE_LIMITS_H 1
| #define HAVE_STDLIB_H 1
| #define HAVE_STRING_H 1
| #define HAVE_SYS_TIME_H 1
| #define HAVE_UNISTD_H 1
| #define HAVE_STDARG 1
| /* end confdefs.h.  */
| #include <stddef.h>
| #ifdef HAVE_STDIO_H
| # include <stdio.h>
| #endif
| #ifdef HAVE_STDLIB_H
| # include <stdlib.h>
| #endif
| #ifdef HAVE_STRING_H
| # include <string.h>
| #endif
| #ifdef HAVE_INTTYPES_H
| # include <inttypes.h>
| #endif
| #ifdef HAVE_STDINT_H
| # include <stdint.h>
| #endif
| #ifdef HAVE_STRINGS_H
| # include <strings.h>
| #endif
| #ifdef HAVE_SYS_TYPES_H
| # include <sys/types.h>
| #endif
| #ifdef HAVE_SYS_STAT_H
| # include <sys/stat.h>
| #endif
| #ifdef HAVE_UNISTD_H
| # include <unistd.h>
| #endif
| int
| main (void)
| {
| if (sizeof ((size_t)))
| 	    return 0;
|   ;
|   return 0;
| }
configure:14326: result: yes
configure:14338: checking for dup2
configure:14338: arm-none-eabi-gcc -o conftest -Os -fdata-sections -ffunction-sections -DNDEBUG -mthumb -march=armv7e-m -mfloat-abi=hard -mcpu=cortex-m7 -mfpu=fpv5-sp-d16 -fno-strict-aliasing --specs=nosys.specs -I/home/neo/Documents/Code/NumWorks/Upsilon-External-KhiCAS-docker/apps/KhiCAS/src/mpfi-1.5.4/..//include -I/home/neo/Documents/Code/NumWorks/Upsilon-External-KhiCAS-docker/apps/KhiCAS/src/mpfi-1.5.4/..//include  -L/home/neo/Documents/Code/NumWorks/Upsilon-External-KhiCAS-docker/apps/KhiCAS/src/mpfi-1.5.4/..//lib -L/home/neo/Documents/Code/NumWorks/Upsilon-External-KhiCAS-docker/apps/KhiCAS/src/mpfi-1.5.4/..//lib  conftest.c -lmpfr -lgmp  >&5
/usr/lib/gcc/arm-none-eabi/12.1.0/../../../../arm-none-eabi/bin/ld: /tmp/cchpih8E.o: in function `main':
conftest.c:(.text.startup.main+0x2): undefined reference to `dup2'
collect2: error: ld returned 1 exit status
configure:14338: $? = 1
configure: failed program was:
| /* confdefs.h */
| #define PACKAGE_NAME "mpfi"
| #define PACKAGE_TARNAME "mpfi"
| #define PACKAGE_VERSION "1.5.4"
| #define PACKAGE_STRING "mpfi 1.5.4"
| #define PACKAGE_BUGREPORT "mpfi-users@lists.gforge.inria.fr"
| #define PACKAGE_URL "https://gforge.inria.fr/projects/mpfi/"
| #define HAVE_STDIO_H 1
| #define HAVE_STDLIB_H 1
| #define HAVE_STRING_H 1
| #define HAVE_INTTYPES_H 1
| #define HAVE_STDINT_H 1
| #define HAVE_STRINGS_H 1
| #define HAVE_SYS_STAT_H 1
| #define HAVE_SYS_TYPES_H 1
| #define HAVE_UNISTD_H 1
| #define HAVE_WCHAR_H 1
| #define STDC_HEADERS 1
| #define _ALL_SOURCE 1
| #define _DARWIN_C_SOURCE 1
| #define _GNU_SOURCE 1
| #define _HPUX_ALT_XOPEN_SOCKET_API 1
| #define _NETBSD_SOURCE 1
| #define _OPENBSD_SOURCE 1
| #define _POSIX_PTHREAD_SEMANTICS 1
| #define __STDC_WANT_IEC_60559_ATTRIBS_EXT__ 1
| #define __STDC_WANT_IEC_60559_BFP_EXT__ 1
| #define __STDC_WANT_IEC_60559_DFP_EXT__ 1
| #define __STDC_WANT_IEC_60559_FUNCS_EXT__ 1
| #define __STDC_WANT_IEC_60559_TYPES_EXT__ 1
| #define __STDC_WANT_LIB_EXT2__ 1
| #define __STDC_WANT_MATH_SPEC_FUNCS__ 1
| #define _TANDEM_SOURCE 1
| #define __EXTENSIONS__ 1
| #define PACKAGE "mpfi"
| #define VERSION "1.5.4"
| #define LT_OBJDIR ".libs/"
| #define HAVE_FLOAT_H 1
| #define HAVE_LIMITS_H 1
| #define HAVE_STDLIB_H 1
| #define HAVE_STRING_H 1
| #define HAVE_SYS_TIME_H 1
| #define HAVE_UNISTD_H 1
| #define HAVE_STDARG 1
| /* end confdefs.h.  */
| /* Define dup2 to an innocuous variant, in case <limits.h> declares dup2.
|    For example, HP-UX 11i <limits.h> declares gettimeofday.  */
| #define dup2 innocuous_dup2
| 
| /* System header to define __stub macros and hopefully few prototypes,
|    which can conflict with char dup2 (); below.  */
| 
| #include <limits.h>
| #undef dup2
| 
| /* Override any GCC internal prototype to avoid an error.
|    Use char because int might match the return type of a GCC
|    builtin and then its argument prototype would still apply.  */
| #ifdef __cplusplus
| extern "C"
| #endif
| char dup2 ();
| /* The GNU C library defines this for functions which it implements
|     to always fail with ENOSYS.  Some functions are actually named
|     something starting with __ and the normal name is an alias.  */
| #if defined __stub_dup2 || defined __stub___dup2
| choke me
| #endif
| 
| int
| main (void)
| {
| return dup2 ();
|   ;
|   return 0;
| }
configure:14338: result: no
configure:14344: checking for gettimeofday
configure:14344: arm-none-eabi-gcc -o conftest -Os -fdata-sections -ffunction-sections -DNDEBUG -mthumb -march=armv7e-m -mfloat-abi=hard -mcpu=cortex-m7 -mfpu=fpv5-sp-d16 -fno-strict-aliasing --specs=nosys.specs -I/home/neo/Documents/Code/NumWorks/Upsilon-External-KhiCAS-docker/apps/KhiCAS/src/mpfi-1.5.4/..//include -I/home/neo/Documents/Code/NumWorks/Upsilon-External-KhiCAS-docker/apps/KhiCAS/src/mpfi-1.5.4/..//include  -L/home/neo/Documents/Code/NumWorks/Upsilon-External-KhiCAS-docker/apps/KhiCAS/src/mpfi-1.5.4/..//lib -L/home/neo/Documents/Code/NumWorks/Upsilon-External-KhiCAS-docker/apps/KhiCAS/src/mpfi-1.5.4/..//lib  conftest.c -lmpfr -lgmp  >&5
configure:14344: $? = 0
configure:14344: result: yes
configure:14351: checking for mpfr_q_sub
configure:14351: arm-none-eabi-gcc -o conftest -Os -fdata-sections -ffunction-sections -DNDEBUG -mthumb -march=armv7e-m -mfloat-abi=hard -mcpu=cortex-m7 -mfpu=fpv5-sp-d16 -fno-strict-aliasing --specs=nosys.specs -I/home/neo/Documents/Code/NumWorks/Upsilon-External-KhiCAS-docker/apps/KhiCAS/src/mpfi-1.5.4/..//include -I/home/neo/Documents/Code/NumWorks/Upsilon-External-KhiCAS-docker/apps/KhiCAS/src/mpfi-1.5.4/..//include  -L/home/neo/Documents/Code/NumWorks/Upsilon-External-KhiCAS-docker/apps/KhiCAS/src/mpfi-1.5.4/..//lib -L/home/neo/Documents/Code/NumWorks/Upsilon-External-KhiCAS-docker/apps/KhiCAS/src/mpfi-1.5.4/..//lib  conftest.c -lmpfr -lgmp  >&5
/usr/lib/gcc/arm-none-eabi/12.1.0/../../../../arm-none-eabi/bin/ld: /tmp/ccYowNKN.o: in function `main':
conftest.c:(.text.startup.main+0x2): undefined reference to `mpfr_q_sub'
collect2: error: ld returned 1 exit status
configure:14351: $? = 1
configure: failed program was:
| /* confdefs.h */
| #define PACKAGE_NAME "mpfi"
| #define PACKAGE_TARNAME "mpfi"
| #define PACKAGE_VERSION "1.5.4"
| #define PACKAGE_STRING "mpfi 1.5.4"
| #define PACKAGE_BUGREPORT "mpfi-users@lists.gforge.inria.fr"
| #define PACKAGE_URL "https://gforge.inria.fr/projects/mpfi/"
| #define HAVE_STDIO_H 1
| #define HAVE_STDLIB_H 1
| #define HAVE_STRING_H 1
| #define HAVE_INTTYPES_H 1
| #define HAVE_STDINT_H 1
| #define HAVE_STRINGS_H 1
| #define HAVE_SYS_STAT_H 1
| #define HAVE_SYS_TYPES_H 1
| #define HAVE_UNISTD_H 1
| #define HAVE_WCHAR_H 1
| #define STDC_HEADERS 1
| #define _ALL_SOURCE 1
| #define _DARWIN_C_SOURCE 1
| #define _GNU_SOURCE 1
| #define _HPUX_ALT_XOPEN_SOCKET_API 1
| #define _NETBSD_SOURCE 1
| #define _OPENBSD_SOURCE 1
| #define _POSIX_PTHREAD_SEMANTICS 1
| #define __STDC_WANT_IEC_60559_ATTRIBS_EXT__ 1
| #define __STDC_WANT_IEC_60559_BFP_EXT__ 1
| #define __STDC_WANT_IEC_60559_DFP_EXT__ 1
| #define __STDC_WANT_IEC_60559_FUNCS_EXT__ 1
| #define __STDC_WANT_IEC_60559_TYPES_EXT__ 1
| #define __STDC_WANT_LIB_EXT2__ 1
| #define __STDC_WANT_MATH_SPEC_FUNCS__ 1
| #define _TANDEM_SOURCE 1
| #define __EXTENSIONS__ 1
| #define PACKAGE "mpfi"
| #define VERSION "1.5.4"
| #define LT_OBJDIR ".libs/"
| #define HAVE_FLOAT_H 1
| #define HAVE_LIMITS_H 1
| #define HAVE_STDLIB_H 1
| #define HAVE_STRING_H 1
| #define HAVE_SYS_TIME_H 1
| #define HAVE_UNISTD_H 1
| #define HAVE_STDARG 1
| #define HAVE_GETTIMEOFDAY 1
| /* end confdefs.h.  */
| /* Define mpfr_q_sub to an innocuous variant, in case <limits.h> declares mpfr_q_sub.
|    For example, HP-UX 11i <limits.h> declares gettimeofday.  */
| #define mpfr_q_sub innocuous_mpfr_q_sub
| 
| /* System header to define __stub macros and hopefully few prototypes,
|    which can conflict with char mpfr_q_sub (); below.  */
| 
| #include <limits.h>
| #undef mpfr_q_sub
| 
| /* Override any GCC internal prototype to avoid an error.
|    Use char because int might match the return type of a GCC
|    builtin and then its argument prototype would still apply.  */
| #ifdef __cplusplus
| extern "C"
| #endif
| char mpfr_q_sub ();
| /* The GNU C library defines this for functions which it implements
|     to always fail with ENOSYS.  Some functions are actually named
|     something starting with __ and the normal name is an alias.  */
| #if defined __stub_mpfr_q_sub || defined __stub___mpfr_q_sub
| choke me
| #endif
| 
| int
| main (void)
| {
| return mpfr_q_sub ();
|   ;
|   return 0;
| }
configure:14351: result: no
configure:14357: checking for mpfr_z_sub
configure:14357: arm-none-eabi-gcc -o conftest -Os -fdata-sections -ffunction-sections -DNDEBUG -mthumb -march=armv7e-m -mfloat-abi=hard -mcpu=cortex-m7 -mfpu=fpv5-sp-d16 -fno-strict-aliasing --specs=nosys.specs -I/home/neo/Documents/Code/NumWorks/Upsilon-External-KhiCAS-docker/apps/KhiCAS/src/mpfi-1.5.4/..//include -I/home/neo/Documents/Code/NumWorks/Upsilon-External-KhiCAS-docker/apps/KhiCAS/src/mpfi-1.5.4/..//include  -L/home/neo/Documents/Code/NumWorks/Upsilon-External-KhiCAS-docker/apps/KhiCAS/src/mpfi-1.5.4/..//lib -L/home/neo/Documents/Code/NumWorks/Upsilon-External-KhiCAS-docker/apps/KhiCAS/src/mpfi-1.5.4/..//lib  conftest.c -lmpfr -lgmp  >&5
configure:14357: $? = 0
configure:14357: result: yes
configure:14363: checking for mpfr_z_div
configure:14363: arm-none-eabi-gcc -o conftest -Os -fdata-sections -ffunction-sections -DNDEBUG -mthumb -march=armv7e-m -mfloat-abi=hard -mcpu=cortex-m7 -mfpu=fpv5-sp-d16 -fno-strict-aliasing --specs=nosys.specs -I/home/neo/Documents/Code/NumWorks/Upsilon-External-KhiCAS-docker/apps/KhiCAS/src/mpfi-1.5.4/..//include -I/home/neo/Documents/Code/NumWorks/Upsilon-External-KhiCAS-docker/apps/KhiCAS/src/mpfi-1.5.4/..//include  -L/home/neo/Documents/Code/NumWorks/Upsilon-External-KhiCAS-docker/apps/KhiCAS/src/mpfi-1.5.4/..//lib -L/home/neo/Documents/Code/NumWorks/Upsilon-External-KhiCAS-docker/apps/KhiCAS/src/mpfi-1.5.4/..//lib  conftest.c -lmpfr -lgmp  >&5
/usr/lib/gcc/arm-none-eabi/12.1.0/../../../../arm-none-eabi/bin/ld: /tmp/ccHQYR8B.o: in function `main':
conftest.c:(.text.startup.main+0x2): undefined reference to `mpfr_z_div'
collect2: error: ld returned 1 exit status
configure:14363: $? = 1
configure: failed program was:
| /* confdefs.h */
| #define PACKAGE_NAME "mpfi"
| #define PACKAGE_TARNAME "mpfi"
| #define PACKAGE_VERSION "1.5.4"
| #define PACKAGE_STRING "mpfi 1.5.4"
| #define PACKAGE_BUGREPORT "mpfi-users@lists.gforge.inria.fr"
| #define PACKAGE_URL "https://gforge.inria.fr/projects/mpfi/"
| #define HAVE_STDIO_H 1
| #define HAVE_STDLIB_H 1
| #define HAVE_STRING_H 1
| #define HAVE_INTTYPES_H 1
| #define HAVE_STDINT_H 1
| #define HAVE_STRINGS_H 1
| #define HAVE_SYS_STAT_H 1
| #define HAVE_SYS_TYPES_H 1
| #define HAVE_UNISTD_H 1
| #define HAVE_WCHAR_H 1
| #define STDC_HEADERS 1
| #define _ALL_SOURCE 1
| #define _DARWIN_C_SOURCE 1
| #define _GNU_SOURCE 1
| #define _HPUX_ALT_XOPEN_SOCKET_API 1
| #define _NETBSD_SOURCE 1
| #define _OPENBSD_SOURCE 1
| #define _POSIX_PTHREAD_SEMANTICS 1
| #define __STDC_WANT_IEC_60559_ATTRIBS_EXT__ 1
| #define __STDC_WANT_IEC_60559_BFP_EXT__ 1
| #define __STDC_WANT_IEC_60559_DFP_EXT__ 1
| #define __STDC_WANT_IEC_60559_FUNCS_EXT__ 1
| #define __STDC_WANT_IEC_60559_TYPES_EXT__ 1
| #define __STDC_WANT_LIB_EXT2__ 1
| #define __STDC_WANT_MATH_SPEC_FUNCS__ 1
| #define _TANDEM_SOURCE 1
| #define __EXTENSIONS__ 1
| #define PACKAGE "mpfi"
| #define VERSION "1.5.4"
| #define LT_OBJDIR ".libs/"
| #define HAVE_FLOAT_H 1
| #define HAVE_LIMITS_H 1
| #define HAVE_STDLIB_H 1
| #define HAVE_STRING_H 1
| #define HAVE_SYS_TIME_H 1
| #define HAVE_UNISTD_H 1
| #define HAVE_STDARG 1
| #define HAVE_GETTIMEOFDAY 1
| #define HAVE_MPFR_Z_SUB 1
| /* end confdefs.h.  */
| /* Define mpfr_z_div to an innocuous variant, in case <limits.h> declares mpfr_z_div.
|    For example, HP-UX 11i <limits.h> declares gettimeofday.  */
| #define mpfr_z_div innocuous_mpfr_z_div
| 
| /* System header to define __stub macros and hopefully few prototypes,
|    which can conflict with char mpfr_z_div (); below.  */
| 
| #include <limits.h>
| #undef mpfr_z_div
| 
| /* Override any GCC internal prototype to avoid an error.
|    Use char because int might match the return type of a GCC
|    builtin and then its argument prototype would still apply.  */
| #ifdef __cplusplus
| extern "C"
| #endif
| char mpfr_z_div ();
| /* The GNU C library defines this for functions which it implements
|     to always fail with ENOSYS.  Some functions are actually named
|     something starting with __ and the normal name is an alias.  */
| #if defined __stub_mpfr_z_div || defined __stub___mpfr_z_div
| choke me
| #endif
| 
| int
| main (void)
| {
| return mpfr_z_div ();
|   ;
|   return 0;
| }
configure:14363: result: no
configure:14481: checking that generated files are newer than configure
configure:14487: result: done
configure:14514: creating ./config.status

## ---------------- ##
## Cache variables. ##
## ---------------- ##

ac_cv_build=x86_64-pc-linux-gnu
ac_cv_c_compiler_gnu=yes
ac_cv_env_CC_set=
ac_cv_env_CC_value=
ac_cv_env_CFLAGS_set=set
ac_cv_env_CFLAGS_value='-Os -fdata-sections -ffunction-sections -DNDEBUG -mthumb -march=armv7e-m -mfloat-abi=hard -mcpu=cortex-m7 -mfpu=fpv5-sp-d16 -fno-strict-aliasing --specs=nosys.specs'
ac_cv_env_CPPFLAGS_set=
ac_cv_env_CPPFLAGS_value=
ac_cv_env_CPP_set=
ac_cv_env_CPP_value=
ac_cv_env_LDFLAGS_set=
ac_cv_env_LDFLAGS_value=
ac_cv_env_LIBS_set=
ac_cv_env_LIBS_value=
ac_cv_env_LT_SYS_LIBRARY_PATH_set=
ac_cv_env_LT_SYS_LIBRARY_PATH_value=
ac_cv_env_build_alias_set=
ac_cv_env_build_alias_value=
ac_cv_env_host_alias_set=set
ac_cv_env_host_alias_value=arm-none-eabi
ac_cv_env_target_alias_set=
ac_cv_env_target_alias_value=
ac_cv_func_dup2=no
ac_cv_func_gettimeofday=yes
ac_cv_func_mpfr_q_sub=no
ac_cv_func_mpfr_z_div=no
ac_cv_func_mpfr_z_sub=yes
ac_cv_header_dlfcn_h=no
ac_cv_header_float_h=yes
ac_cv_header_inttypes_h=yes
ac_cv_header_limits_h=yes
ac_cv_header_minix_config_h=no
ac_cv_header_stdarg_h=yes
ac_cv_header_stdint_h=yes
ac_cv_header_stdio_h=yes
ac_cv_header_stdlib_h=yes
ac_cv_header_string_h=yes
ac_cv_header_strings_h=yes
ac_cv_header_sys_stat_h=yes
ac_cv_header_sys_time_h=yes
ac_cv_header_sys_types_h=yes
ac_cv_header_unistd_h=yes
ac_cv_header_wchar_h=yes
ac_cv_host=arm-none-eabi
ac_cv_lib_gmp___gmpz_init=yes
ac_cv_lib_mpfr_mpfr_init=yes
ac_cv_objext=o
ac_cv_path_EGREP='/usr/bin/grep -E'
ac_cv_path_FGREP='/usr/bin/grep -F'
ac_cv_path_GREP=/usr/bin/grep
ac_cv_path_SED=/usr/bin/sed
ac_cv_path_install='/usr/bin/install -c'
ac_cv_path_lt_DD=/usr/bin/dd
ac_cv_path_mkdir=/usr/bin/mkdir
ac_cv_prog_AR=arm-none-eabi-ar
ac_cv_prog_AWK=gawk
ac_cv_prog_CC=arm-none-eabi-gcc
ac_cv_prog_CPP='arm-none-eabi-gcc -E'
ac_cv_prog_OBJDUMP=arm-none-eabi-objdump
ac_cv_prog_RANLIB=arm-none-eabi-ranlib
ac_cv_prog_STRIP=arm-none-eabi-strip
ac_cv_prog_ac_ct_FILECMD=file
ac_cv_prog_cc_c11=
ac_cv_prog_cc_g=yes
ac_cv_prog_cc_stdc=
ac_cv_prog_make_make_set=yes
ac_cv_safe_to_define___extensions__=yes
ac_cv_should_define__xopen_source=no
ac_cv_type_size_t=yes
am_cv_CC_dependencies_compiler_type=gcc3
am_cv_ar_interface=ar
am_cv_make_support_nested_variables=yes
am_cv_prog_cc_c_o=yes
lt_cv_ar_at_file=@
lt_cv_archive_cmds_need_lc=yes
lt_cv_deplibs_check_method=unknown
lt_cv_file_magic_cmd='$MAGIC_CMD'
lt_cv_file_magic_test_file=
lt_cv_ld_reload_flag=-r
lt_cv_nm_interface='BSD nm'
lt_cv_objdir=.libs
lt_cv_path_LD=/usr/arm-none-eabi/bin/ld
lt_cv_path_NM='/usr/bin/arm-none-eabi-nm -B'
lt_cv_path_mainfest_tool=no
lt_cv_prog_compiler_c_o=yes
lt_cv_prog_compiler_pic='-fPIC -DPIC'
lt_cv_prog_compiler_pic_works=yes
lt_cv_prog_compiler_rtti_exceptions=no
lt_cv_prog_compiler_static_works=yes
lt_cv_prog_gnu_ld=yes
lt_cv_sharedlib_from_linklib_cmd='printf %s\n'
lt_cv_sys_global_symbol_pipe='/usr/bin/sed -n -e '\''s/^.*[	 ]\([ABCDGIRSTW][ABCDGIRSTW]*\)[	 ][	 ]*\([_A-Za-z][_A-Za-z0-9]*\)$/\1 \2 \2/p'\'' | /usr/bin/sed '\''/ __gnu_lto/d'\'''
lt_cv_sys_global_symbol_to_c_name_address='/usr/bin/sed -n -e '\''s/^: \(.*\) .*$/  {"\1", (void *) 0},/p'\'' -e '\''s/^[ABCDGIRSTW][ABCDGIRSTW]* .* \(.*\)$/  {"\1", (void *) \&\1},/p'\'''
lt_cv_sys_global_symbol_to_c_name_address_lib_prefix='/usr/bin/sed -n -e '\''s/^: \(.*\) .*$/  {"\1", (void *) 0},/p'\'' -e '\''s/^[ABCDGIRSTW][ABCDGIRSTW]* .* \(lib.*\)$/  {"\1", (void *) \&\1},/p'\'' -e '\''s/^[ABCDGIRSTW][ABCDGIRSTW]* .* \(.*\)$/  {"lib\1", (void *) \&\1},/p'\'''
lt_cv_sys_global_symbol_to_cdecl='/usr/bin/sed -n -e '\''s/^T .* \(.*\)$/extern int \1();/p'\'' -e '\''s/^[ABCDGIRSTW][ABCDGIRSTW]* .* \(.*\)$/extern char \1;/p'\'''
lt_cv_sys_global_symbol_to_import=
lt_cv_sys_max_cmd_len=1572864
lt_cv_to_host_file_cmd=func_convert_file_noop
lt_cv_to_tool_file_cmd=func_convert_file_noop
lt_cv_truncate_bin='/usr/bin/dd bs=4096 count=1'

## ----------------- ##
## Output variables. ##
## ----------------- ##

ACLOCAL='${SHELL} '\''/home/neo/Documents/Code/NumWorks/Upsilon-External-KhiCAS-docker/apps/KhiCAS/src/mpfi-1.5.4/build-aux/missing'\'' aclocal-1.16'
AMDEPBACKSLASH='\'
AMDEP_FALSE='#'
AMDEP_TRUE=''
AMTAR='$${TAR-tar}'
AM_BACKSLASH='\'
AM_DEFAULT_V='$(AM_DEFAULT_VERBOSITY)'
AM_DEFAULT_VERBOSITY='1'
AM_V='$(V)'
AR='arm-none-eabi-ar'
AUTOCONF='${SHELL} '\''/home/neo/Documents/Code/NumWorks/Upsilon-External-KhiCAS-docker/apps/KhiCAS/src/mpfi-1.5.4/build-aux/missing'\'' autoconf'
AUTOHEADER='${SHELL} '\''/home/neo/Documents/Code/NumWorks/Upsilon-External-KhiCAS-docker/apps/KhiCAS/src/mpfi-1.5.4/build-aux/missing'\'' autoheader'
AUTOMAKE='${SHELL} '\''/home/neo/Documents/Code/NumWorks/Upsilon-External-KhiCAS-docker/apps/KhiCAS/src/mpfi-1.5.4/build-aux/missing'\'' automake-1.16'
AWK='gawk'
CC='arm-none-eabi-gcc'
CCDEPMODE='depmode=gcc3'
CFLAGS='-Os -fdata-sections -ffunction-sections -DNDEBUG -mthumb -march=armv7e-m -mfloat-abi=hard -mcpu=cortex-m7 -mfpu=fpv5-sp-d16 -fno-strict-aliasing --specs=nosys.specs'
CPP='arm-none-eabi-gcc -E'
CPPFLAGS='-I/home/neo/Documents/Code/NumWorks/Upsilon-External-KhiCAS-docker/apps/KhiCAS/src/mpfi-1.5.4/..//include -I/home/neo/Documents/Code/NumWorks/Upsilon-External-KhiCAS-docker/apps/KhiCAS/src/mpfi-1.5.4/..//include '
CSCOPE='cscope'
CTAGS='ctags'
CYGPATH_W='echo'
DEFS='-DHAVE_CONFIG_H'
DEPDIR='.deps'
DLLTOOL='false'
DSYMUTIL=''
DUMPBIN=''
ECHO_C=''
ECHO_N='-n'
ECHO_T=''
EGREP='/usr/bin/grep -E'
ETAGS='etags'
EXEEXT=''
FGREP='/usr/bin/grep -F'
FILECMD='file'
GREP='/usr/bin/grep'
INSTALL_DATA='${INSTALL} -m 644'
INSTALL_PROGRAM='${INSTALL}'
INSTALL_SCRIPT='${INSTALL}'
INSTALL_STRIP_PROGRAM='$(install_sh) -c -s'
LD='/usr/arm-none-eabi/bin/ld'
LDFLAGS='-L/home/neo/Documents/Code/NumWorks/Upsilon-External-KhiCAS-docker/apps/KhiCAS/src/mpfi-1.5.4/..//lib -L/home/neo/Documents/Code/NumWorks/Upsilon-External-KhiCAS-docker/apps/KhiCAS/src/mpfi-1.5.4/..//lib '
LIBOBJS=''
LIBS='-lmpfr -lgmp '
LIBTOOL='$(SHELL) $(top_builddir)/libtool'
LIPO=''
LN_S='ln -s'
LTLIBOBJS=''
LT_SYS_LIBRARY_PATH=''
MAINT='#'
MAINTAINER_MODE_FALSE=''
MAINTAINER_MODE_TRUE='#'
MAKEINFO='${SHELL} '\''/home/neo/Documents/Code/NumWorks/Upsilon-External-KhiCAS-docker/apps/KhiCAS/src/mpfi-1.5.4/build-aux/missing'\'' makeinfo'
MANIFEST_TOOL=':'
MKDIR_P='/usr/bin/mkdir -p'
NM='/usr/bin/arm-none-eabi-nm -B'
NMEDIT=''
OBJDUMP='arm-none-eabi-objdump'
OBJEXT='o'
OTOOL64=''
OTOOL=''
PACKAGE='mpfi'
PACKAGE_BUGREPORT='mpfi-users@lists.gforge.inria.fr'
PACKAGE_NAME='mpfi'
PACKAGE_STRING='mpfi 1.5.4'
PACKAGE_TARNAME='mpfi'
PACKAGE_URL='https://gforge.inria.fr/projects/mpfi/'
PACKAGE_VERSION='1.5.4'
PATH_SEPARATOR=':'
RANLIB='arm-none-eabi-ranlib'
SED='/usr/bin/sed'
SET_MAKE=''
SHELL='/bin/sh'
STRIP='arm-none-eabi-strip'
VERSION='1.5.4'
ac_ct_AR=''
ac_ct_CC=''
ac_ct_DUMPBIN=''
am__EXEEXT_FALSE=''
am__EXEEXT_TRUE='#'
am__fastdepCC_FALSE='#'
am__fastdepCC_TRUE=''
am__include='include'
am__isrc=''
am__leading_dot='.'
am__nodep='_no'
am__quote=''
am__tar='$${TAR-tar} chof - "$$tardir"'
am__untar='$${TAR-tar} xf -'
bindir='${exec_prefix}/bin'
build='x86_64-pc-linux-gnu'
build_alias=''
build_cpu='x86_64'
build_os='linux-gnu'
build_vendor='pc'
datadir='${datarootdir}'
datarootdir='${prefix}/share'
docdir='${datarootdir}/doc/${PACKAGE_TARNAME}'
dvidir='${docdir}'
exec_prefix='${prefix}'
host='arm-none-eabi'
host_alias='arm-none-eabi'
host_cpu='arm'
host_os='eabi'
host_vendor='none'
htmldir='${docdir}'
includedir='${prefix}/include'
infodir='${datarootdir}/info'
install_sh='${SHELL} /home/neo/Documents/Code/NumWorks/Upsilon-External-KhiCAS-docker/apps/KhiCAS/src/mpfi-1.5.4/build-aux/install-sh'
libdir='${exec_prefix}/lib'
libexecdir='${exec_prefix}/libexec'
localedir='${datarootdir}/locale'
localstatedir='${prefix}/var'
mandir='${datarootdir}/man'
mkdir_p='$(MKDIR_P)'
oldincludedir='/usr/include'
pdfdir='${docdir}'
prefix='/usr/local'
program_transform_name='s,x,x,'
psdir='${docdir}'
runstatedir='${localstatedir}/run'
sbindir='${exec_prefix}/sbin'
sharedstatedir='${prefix}/com'
sysconfdir='${prefix}/etc'
target_alias=''

## ----------- ##
## confdefs.h. ##
## ----------- ##

/* confdefs.h */
#define PACKAGE_NAME "mpfi"
#define PACKAGE_TARNAME "mpfi"
#define PACKAGE_VERSION "1.5.4"
#define PACKAGE_STRING "mpfi 1.5.4"
#define PACKAGE_BUGREPORT "mpfi-users@lists.gforge.inria.fr"
#define PACKAGE_URL "https://gforge.inria.fr/projects/mpfi/"
#define HAVE_STDIO_H 1
#define HAVE_STDLIB_H 1
#define HAVE_STRING_H 1
#define HAVE_INTTYPES_H 1
#define HAVE_STDINT_H 1
#define HAVE_STRINGS_H 1
#define HAVE_SYS_STAT_H 1
#define HAVE_SYS_TYPES_H 1
#define HAVE_UNISTD_H 1
#define HAVE_WCHAR_H 1
#define STDC_HEADERS 1
#define _ALL_SOURCE 1
#define _DARWIN_C_SOURCE 1
#define _GNU_SOURCE 1
#define _HPUX_ALT_XOPEN_SOCKET_API 1
#define _NETBSD_SOURCE 1
#define _OPENBSD_SOURCE 1
#define _POSIX_PTHREAD_SEMANTICS 1
#define __STDC_WANT_IEC_60559_ATTRIBS_EXT__ 1
#define __STDC_WANT_IEC_60559_BFP_EXT__ 1
#define __STDC_WANT_IEC_60559_DFP_EXT__ 1
#define __STDC_WANT_IEC_60559_FUNCS_EXT__ 1
#define __STDC_WANT_IEC_60559_TYPES_EXT__ 1
#define __STDC_WANT_LIB_EXT2__ 1
#define __STDC_WANT_MATH_SPEC_FUNCS__ 1
#define _TANDEM_SOURCE 1
#define __EXTENSIONS__ 1
#define PACKAGE "mpfi"
#define VERSION "1.5.4"
#define LT_OBJDIR ".libs/"
#define HAVE_FLOAT_H 1
#define HAVE_LIMITS_H 1
#define HAVE_STDLIB_H 1
#define HAVE_STRING_H 1
#define HAVE_SYS_TIME_H 1
#define HAVE_UNISTD_H 1
#define HAVE_STDARG 1
#define HAVE_GETTIMEOFDAY 1
#define HAVE_MPFR_Z_SUB 1

configure: exit 0

## ---------------------- ##
## Running config.status. ##
## ---------------------- ##

This file was extended by mpfi config.status 1.5.4, which was
generated by GNU Autoconf 2.71.  Invocation command line was

  CONFIG_FILES    = 
  CONFIG_HEADERS  = 
  CONFIG_LINKS    = 
  CONFIG_COMMANDS = 
  $ ./config.status 

on blackhole

config.status:1115: creating Makefile
config.status:1115: creating doc/Makefile
config.status:1115: creating src/Makefile
config.status:1115: creating tests/Makefile
config.status:1115: creating mpfi_config.h
config.status:1296: mpfi_config.h is unchanged
config.status:1344: executing depfiles commands
config.status:1421: cd src       && sed -e '/# am--include-marker/d' Makefile         | make -f - am--depfiles
make[3]: Entering directory '/home/neo/Documents/Code/NumWorks/Upsilon-External-KhiCAS-docker/apps/KhiCAS/src/mpfi-1.5.4/src'
make[3]: warning: jobserver unavailable: using -j1.  Add '+' to parent make rule.
make[3]: Nothing to be done for 'am--depfiles'.
make[3]: Leaving directory '/home/neo/Documents/Code/NumWorks/Upsilon-External-KhiCAS-docker/apps/KhiCAS/src/mpfi-1.5.4/src'
config.status:1426: $? = 0
config.status:1421: cd tests       && sed -e '/# am--include-marker/d' Makefile         | make -f - am--depfiles
make[3]: Entering directory '/home/neo/Documents/Code/NumWorks/Upsilon-External-KhiCAS-docker/apps/KhiCAS/src/mpfi-1.5.4/tests'
make[3]: warning: jobserver unavailable: using -j1.  Add '+' to parent make rule.
make[3]: Nothing to be done for 'am--depfiles'.
make[3]: Leaving directory '/home/neo/Documents/Code/NumWorks/Upsilon-External-KhiCAS-docker/apps/KhiCAS/src/mpfi-1.5.4/tests'
config.status:1426: $? = 0
config.status:1344: executing libtool commands
