This file contains any messages produced by compilers while
running configure, to aid debugging if configure makes a mistake.

It was created by MPFR configure 4.1.0, which was
generated by GNU Autoconf 2.71.  Invocation command line was

  $ ./configure --with-gmp=../ --host=arm-none-eabi --disable-shared 'CFLAGS=-Os -fdata-sections -ffunction-sections -DNDEBUG -mthumb -march=armv7e-m -mfloat-abi=hard -mcpu=cortex-m7 -mfpu=fpv5-sp-d16 -fno-strict-aliasing --specs=nosys.specs'

## --------- ##
## Platform. ##
## --------- ##

hostname = 07059d5a89b8
uname -m = x86_64
uname -r = 5.18.5-arch1-1
uname -s = Linux
uname -v = #1 SMP PREEMPT_DYNAMIC Thu, 16 Jun 2022 20:40:45 +0000

/usr/bin/uname -p = x86_64
/bin/uname -X     = unknown

/bin/arch              = x86_64
/usr/bin/arch -k       = unknown
/usr/convex/getsysinfo = unknown
/usr/bin/hostinfo      = unknown
/bin/machine           = unknown
/usr/bin/oslevel       = unknown
/bin/universe          = unknown

PATH: /usr/local/sbin/
PATH: /usr/local/bin/
PATH: /usr/sbin/
PATH: /usr/bin/
PATH: /sbin/
PATH: /bin/


## ----------- ##
## Core tests. ##
## ----------- ##

configure:2861: looking for aux files: ltmain.sh ar-lib compile config.guess config.sub missing install-sh
configure:2874:  trying ./
configure:2903:   ./ltmain.sh found
configure:2903:   ./ar-lib found
configure:2903:   ./compile found
configure:2903:   ./config.guess found
configure:2903:   ./config.sub found
configure:2903:   ./missing found
configure:2885:   ./install-sh found
configure:3033: checking for a BSD-compatible install
configure:3106: result: /usr/bin/install -c
configure:3117: checking whether build environment is sane
configure:3172: result: yes
configure:3228: checking for arm-none-eabi-strip
configure:3249: found /usr/bin/arm-none-eabi-strip
configure:3260: result: arm-none-eabi-strip
configure:3331: checking for a race-free mkdir -p
configure:3375: result: /usr/bin/mkdir -p
configure:3382: checking for gawk
configure:3417: result: no
configure:3382: checking for mawk
configure:3403: found /usr/bin/mawk
configure:3414: result: mawk
configure:3425: checking whether make sets $(MAKE)
configure:3448: result: yes
configure:3478: checking whether make supports nested variables
configure:3496: result: yes
configure:3628: checking whether to enable maintainer-specific portions of Makefiles
configure:3638: result: yes
configure:3668: checking build system type
configure:3683: result: x86_64-pc-linux-gnu
configure:3703: checking host system type
configure:3717: result: arm-none-eabi
configure:3738: checking for grep that handles long lines and -e
configure:3802: result: /usr/bin/grep
configure:3807: checking for egrep
configure:3875: result: /usr/bin/grep -E
configure:3880: checking for a sed that does not truncate output
configure:3950: result: /usr/bin/sed
configure:4367: checking whether configure options are compatible
configure:4390: result: yes
configure:4477: checking for arm-none-eabi-gcc
configure:4498: found /usr/bin/arm-none-eabi-gcc
configure:4509: result: arm-none-eabi-gcc
configure:4907: checking for C compiler version
configure:4916: arm-none-eabi-gcc --version >&5
arm-none-eabi-gcc (15:10.3-2021.07-4) 10.3.1 20210621 (release)
Copyright (C) 2020 Free Software Foundation, Inc.
This is free software; see the source for copying conditions.  There is NO
warranty; not even for MERCHANTABILITY or FITNESS FOR A PARTICULAR PURPOSE.

configure:4927: $? = 0
configure:4916: arm-none-eabi-gcc -v >&5
Using built-in specs.
COLLECT_GCC=arm-none-eabi-gcc
COLLECT_LTO_WRAPPER=/usr/lib/gcc/arm-none-eabi/10.3.1/lto-wrapper
Target: arm-none-eabi
Configured with: ../configure --build=x86_64-linux-gnu --prefix=/usr --includedir='/usr/lib/include' --mandir='/usr/lib/share/man' --infodir='/usr/lib/share/info' --sysconfdir=/etc --localstatedir=/var --disable-option-checking --disable-silent-rules --libdir='/usr/lib/lib/x86_64-linux-gnu' --libexecdir='/usr/lib/lib/x86_64-linux-gnu' --disable-maintainer-mode --disable-dependency-tracking --mandir=/usr/share/man --enable-languages=c,c++,lto --enable-multilib --disable-decimal-float --disable-libffi --disable-libgomp --disable-libmudflap --disable-libquadmath --disable-libssp --disable-libstdcxx-pch --disable-nls --disable-shared --disable-threads --enable-tls --build=x86_64-linux-gnu --target=arm-none-eabi --with-system-zlib --with-gnu-as --with-gnu-ld --with-pkgversion=15:10.3-2021.07-4 --without-included-gettext --prefix=/usr/lib --infodir=/usr/share/doc/gcc-arm-none-eabi/info --htmldir=/usr/share/doc/gcc-arm-none-eabi/html --pdfdir=/usr/share/doc/gcc-arm-none-eabi/pdf --bindir=/usr/bin --libexecdir=/usr/lib --libdir=/usr/lib --disable-libstdc++-v3 --host=x86_64-linux-gnu --with-headers=no --without-newlib --with-multilib-list=rmprofile,aprofile CFLAGS='-g -O2 -ffile-prefix-map=/build/gcc-arm-none-eabi-hYfgK4/gcc-arm-none-eabi-10.3-2021.07=. -flto=auto -ffat-lto-objects -fstack-protector-strong' CPPFLAGS='-Wdate-time -D_FORTIFY_SOURCE=2' CXXFLAGS='-g -O2 -ffile-prefix-map=/build/gcc-arm-none-eabi-hYfgK4/gcc-arm-none-eabi-10.3-2021.07=. -flto=auto -ffat-lto-objects -fstack-protector-strong' DFLAGS=-frelease FCFLAGS='-g -O2 -ffile-prefix-map=/build/gcc-arm-none-eabi-hYfgK4/gcc-arm-none-eabi-10.3-2021.07=. -flto=auto -ffat-lto-objects -fstack-protector-strong' FFLAGS='-g -O2 -ffile-prefix-map=/build/gcc-arm-none-eabi-hYfgK4/gcc-arm-none-eabi-10.3-2021.07=. -flto=auto -ffat-lto-objects -fstack-protector-strong' GCJFLAGS='-g -O2 -ffile-prefix-map=/build/gcc-arm-none-eabi-hYfgK4/gcc-arm-none-eabi-10.3-2021.07=. -fstack-protector-strong' LDFLAGS='-Wl,-Bsymbolic-functions -flto=auto -Wl,-z,relro' OBJCFLAGS='-g -O2 -ffile-prefix-map=/build/gcc-arm-none-eabi-hYfgK4/gcc-arm-none-eabi-10.3-2021.07=. -flto=auto -ffat-lto-objects -fstack-protector-strong' OBJCXXFLAGS='-g -O2 -ffile-prefix-map=/build/gcc-arm-none-eabi-hYfgK4/gcc-arm-none-eabi-10.3-2021.07=. -flto=auto -ffat-lto-objects -fstack-protector-strong' INHIBIT_LIBC_CFLAGS=-DUSE_TM_CLONE_REGISTRY=0 AR_FOR_TARGET=arm-none-eabi-ar AS_FOR_TARGET=arm-none-eabi-as LD_FOR_TARGET=arm-none-eabi-ld NM_FOR_TARGET=arm-none-eabi-nm OBJDUMP_FOR_TARGET=arm-none-eabi-objdump RANLIB_FOR_TARGET=arm-none-eabi-ranlib READELF_FOR_TARGET=arm-none-eabi-readelf STRIP_FOR_TARGET=arm-none-eabi-strip SED=/bin/sed SHELL=/bin/sh BASH=/bin/bash CONFIG_SHELL=/bin/bash
Thread model: single
Supported LTO compression algorithms: zlib
gcc version 10.3.1 20210621 (release) (15:10.3-2021.07-4) 
configure:4927: $? = 0
configure:4916: arm-none-eabi-gcc -V >&5
arm-none-eabi-gcc: error: unrecognized command-line option '-V'
arm-none-eabi-gcc: fatal error: no input files
compilation terminated.
configure:4927: $? = 1
configure:4916: arm-none-eabi-gcc -qversion >&5
arm-none-eabi-gcc: error: unrecognized command-line option '-qversion'; did you mean '--version'?
arm-none-eabi-gcc: fatal error: no input files
compilation terminated.
configure:4927: $? = 1
configure:4916: arm-none-eabi-gcc -version >&5
arm-none-eabi-gcc: error: unrecognized command-line option '-version'
arm-none-eabi-gcc: fatal error: no input files
compilation terminated.
configure:4927: $? = 1
configure:4947: checking whether the C compiler works
configure:4969: arm-none-eabi-gcc -Os -fdata-sections -ffunction-sections -DNDEBUG -mthumb -march=armv7e-m -mfloat-abi=hard -mcpu=cortex-m7 -mfpu=fpv5-sp-d16 -fno-strict-aliasing --specs=nosys.specs  -I/External/apps/KhiCAS/src/include  -L/External/apps/KhiCAS/src/lib conftest.c  >&5
configure:4973: $? = 0
configure:5023: result: yes
configure:5026: checking for C compiler default output file name
configure:5028: result: a.out
configure:5034: checking for suffix of executables
configure:5041: arm-none-eabi-gcc -o conftest -Os -fdata-sections -ffunction-sections -DNDEBUG -mthumb -march=armv7e-m -mfloat-abi=hard -mcpu=cortex-m7 -mfpu=fpv5-sp-d16 -fno-strict-aliasing --specs=nosys.specs  -I/External/apps/KhiCAS/src/include  -L/External/apps/KhiCAS/src/lib conftest.c  >&5
configure:5045: $? = 0
configure:5068: result: 
configure:5090: checking whether we are cross compiling
configure:5098: arm-none-eabi-gcc -o conftest -Os -fdata-sections -ffunction-sections -DNDEBUG -mthumb -march=armv7e-m -mfloat-abi=hard -mcpu=cortex-m7 -mfpu=fpv5-sp-d16 -fno-strict-aliasing --specs=nosys.specs  -I/External/apps/KhiCAS/src/include  -L/External/apps/KhiCAS/src/lib conftest.c  >&5
configure:5102: $? = 0
configure:5109: ./conftest
./configure: line 5111: ./conftest: cannot execute binary file: Exec format error
configure:5113: $? = 126
configure:5128: result: yes
configure:5133: checking for suffix of object files
configure:5156: arm-none-eabi-gcc -c -Os -fdata-sections -ffunction-sections -DNDEBUG -mthumb -march=armv7e-m -mfloat-abi=hard -mcpu=cortex-m7 -mfpu=fpv5-sp-d16 -fno-strict-aliasing --specs=nosys.specs  -I/External/apps/KhiCAS/src/include conftest.c >&5
configure:5160: $? = 0
configure:5182: result: o
configure:5186: checking whether the compiler supports GNU C
configure:5206: arm-none-eabi-gcc -c -Os -fdata-sections -ffunction-sections -DNDEBUG -mthumb -march=armv7e-m -mfloat-abi=hard -mcpu=cortex-m7 -mfpu=fpv5-sp-d16 -fno-strict-aliasing --specs=nosys.specs  -I/External/apps/KhiCAS/src/include conftest.c >&5
configure:5206: $? = 0
configure:5216: result: yes
configure:5227: checking whether arm-none-eabi-gcc accepts -g
configure:5248: arm-none-eabi-gcc -c -g  -I/External/apps/KhiCAS/src/include conftest.c >&5
configure:5248: $? = 0
configure:5292: result: yes
configure:5312: checking for arm-none-eabi-gcc option to enable C11 features
configure:5327: arm-none-eabi-gcc  -c -Os -fdata-sections -ffunction-sections -DNDEBUG -mthumb -march=armv7e-m -mfloat-abi=hard -mcpu=cortex-m7 -mfpu=fpv5-sp-d16 -fno-strict-aliasing --specs=nosys.specs  -I/External/apps/KhiCAS/src/include conftest.c >&5
configure:5327: $? = 0
configure:5345: result: none needed
configure:5461: checking whether arm-none-eabi-gcc understands -c and -o together
configure:5484: arm-none-eabi-gcc -c conftest.c -o conftest2.o
configure:5487: $? = 0
configure:5484: arm-none-eabi-gcc -c conftest.c -o conftest2.o
configure:5487: $? = 0
configure:5499: result: yes
configure:5519: checking whether make supports the include directive
configure:5534: make -f confmf.GNU && cat confinc.out
make[2]: Entering directory '/External/apps/KhiCAS/src/mpfr-4.1.0'
make[2]: Leaving directory '/External/apps/KhiCAS/src/mpfr-4.1.0'
this is the am__doit target
configure:5537: $? = 0
configure:5556: result: yes (GNU style)
configure:5582: checking dependency style of arm-none-eabi-gcc
configure:5694: result: gcc3
configure:5714: checking how to run the C preprocessor
configure:5740: arm-none-eabi-gcc -E  -I/External/apps/KhiCAS/src/include conftest.c
configure:5740: $? = 0
configure:5755: arm-none-eabi-gcc -E  -I/External/apps/KhiCAS/src/include conftest.c
conftest.c:9:10: fatal error: ac_nonexistent.h: No such file or directory
    9 | #include <ac_nonexistent.h>
      |          ^~~~~~~~~~~~~~~~~~
compilation terminated.
configure:5755: $? = 1
configure: failed program was:
| /* confdefs.h */
| #define PACKAGE_NAME "MPFR"
| #define PACKAGE_TARNAME "mpfr"
| #define PACKAGE_VERSION "4.1.0"
| #define PACKAGE_STRING "MPFR 4.1.0"
| #define PACKAGE_BUGREPORT ""
| #define PACKAGE_URL ""
| /* end confdefs.h.  */
| #include <ac_nonexistent.h>
configure:5782: result: arm-none-eabi-gcc -E
configure:5796: arm-none-eabi-gcc -E  -I/External/apps/KhiCAS/src/include conftest.c
configure:5796: $? = 0
configure:5811: arm-none-eabi-gcc -E  -I/External/apps/KhiCAS/src/include conftest.c
conftest.c:9:10: fatal error: ac_nonexistent.h: No such file or directory
    9 | #include <ac_nonexistent.h>
      |          ^~~~~~~~~~~~~~~~~~
compilation terminated.
configure:5811: $? = 1
configure: failed program was:
| /* confdefs.h */
| #define PACKAGE_NAME "MPFR"
| #define PACKAGE_TARNAME "mpfr"
| #define PACKAGE_VERSION "4.1.0"
| #define PACKAGE_STRING "MPFR 4.1.0"
| #define PACKAGE_BUGREPORT ""
| #define PACKAGE_URL ""
| /* end confdefs.h.  */
| #include <ac_nonexistent.h>
configure:5855: checking for arm-none-eabi-ar
configure:5876: found /usr/bin/arm-none-eabi-ar
configure:5887: result: arm-none-eabi-ar
configure:5962: checking the archiver (arm-none-eabi-ar) interface
configure:5979: arm-none-eabi-gcc -c -Os -fdata-sections -ffunction-sections -DNDEBUG -mthumb -march=armv7e-m -mfloat-abi=hard -mcpu=cortex-m7 -mfpu=fpv5-sp-d16 -fno-strict-aliasing --specs=nosys.specs  -I/External/apps/KhiCAS/src/include conftest.c >&5
configure:5979: $? = 0
configure:5982: arm-none-eabi-ar cru libconftest.a conftest.o >&5
arm-none-eabi-ar: `u' modifier ignored since `D' is the default (see `U')
configure:5985: $? = 0
configure:6013: result: ar
configure:6081: checking how to print strings
configure:6108: result: printf
configure:6129: checking for a sed that does not truncate output
configure:6199: result: /usr/bin/sed
configure:6217: checking for fgrep
configure:6285: result: /usr/bin/grep -F
configure:6321: checking for ld used by arm-none-eabi-gcc
configure:6389: result: /usr/lib/arm-none-eabi/bin/ld
configure:6396: checking if the linker (/usr/lib/arm-none-eabi/bin/ld) is GNU ld
configure:6412: result: yes
configure:6424: checking for BSD- or MS-compatible name lister (nm)
configure:6479: result: /usr/bin/arm-none-eabi-nm -B
configure:6619: checking the name lister (/usr/bin/arm-none-eabi-nm -B) interface
configure:6627: arm-none-eabi-gcc -c -Os -fdata-sections -ffunction-sections -DNDEBUG -mthumb -march=armv7e-m -mfloat-abi=hard -mcpu=cortex-m7 -mfpu=fpv5-sp-d16 -fno-strict-aliasing --specs=nosys.specs  -I/External/apps/KhiCAS/src/include conftest.c >&5
configure:6630: /usr/bin/arm-none-eabi-nm -B "conftest.o"
configure:6633: output
00000000 B some_variable
configure:6640: result: BSD nm
configure:6643: checking whether ln -s works
configure:6647: result: yes
configure:6655: checking the maximum length of command line arguments
configure:6787: result: 1572864
configure:6835: checking how to convert x86_64-pc-linux-gnu file names to arm-none-eabi format
configure:6876: result: func_convert_file_noop
configure:6883: checking how to convert x86_64-pc-linux-gnu file names to toolchain format
configure:6904: result: func_convert_file_noop
configure:6911: checking for /usr/lib/arm-none-eabi/bin/ld option to reload object files
configure:6919: result: -r
configure:6953: checking for arm-none-eabi-objdump
configure:6974: found /usr/bin/arm-none-eabi-objdump
configure:6985: result: arm-none-eabi-objdump
configure:7059: checking how to recognize dependent libraries
configure:7260: result: unknown
configure:7305: checking for arm-none-eabi-dlltool
configure:7340: result: no
configure:7350: checking for dlltool
configure:7385: result: no
configure:7412: checking how to associate runtime and link libraries
configure:7440: result: printf %s\n
configure:7456: checking for arm-none-eabi-ar
configure:7488: result: arm-none-eabi-ar
configure:7574: checking for archiver @FILE support
configure:7592: arm-none-eabi-gcc -c -Os -fdata-sections -ffunction-sections -DNDEBUG -mthumb -march=armv7e-m -mfloat-abi=hard -mcpu=cortex-m7 -mfpu=fpv5-sp-d16 -fno-strict-aliasing --specs=nosys.specs  -I/External/apps/KhiCAS/src/include conftest.c >&5
configure:7592: $? = 0
configure:7596: arm-none-eabi-ar cr libconftest.a @conftest.lst >&5
configure:7599: $? = 0
configure:7604: arm-none-eabi-ar cr libconftest.a @conftest.lst >&5
arm-none-eabi-ar: conftest.o: No such file or directory
configure:7607: $? = 1
configure:7619: result: @
configure:7637: checking for arm-none-eabi-strip
configure:7669: result: arm-none-eabi-strip
configure:7746: checking for arm-none-eabi-ranlib
configure:7767: found /usr/bin/arm-none-eabi-ranlib
configure:7778: result: arm-none-eabi-ranlib
configure:7925: checking command to parse /usr/bin/arm-none-eabi-nm -B output from arm-none-eabi-gcc object
configure:8079: arm-none-eabi-gcc -c -Os -fdata-sections -ffunction-sections -DNDEBUG -mthumb -march=armv7e-m -mfloat-abi=hard -mcpu=cortex-m7 -mfpu=fpv5-sp-d16 -fno-strict-aliasing --specs=nosys.specs  -I/External/apps/KhiCAS/src/include conftest.c >&5
configure:8082: $? = 0
configure:8086: /usr/bin/arm-none-eabi-nm -B conftest.o | sed -n -e 's/^.*[	 ]\([ABCDGIRSTW][ABCDGIRSTW]*\)[	 ][	 ]*\([_A-Za-z][_A-Za-z0-9]*\)$/\1 \2 \2/p' | sed '/ __gnu_lto/d' > conftest.nm
configure:8152: arm-none-eabi-gcc -o conftest -Os -fdata-sections -ffunction-sections -DNDEBUG -mthumb -march=armv7e-m -mfloat-abi=hard -mcpu=cortex-m7 -mfpu=fpv5-sp-d16 -fno-strict-aliasing --specs=nosys.specs  -I/External/apps/KhiCAS/src/include  -L/External/apps/KhiCAS/src/lib conftest.c conftstm.o >&5
configure:8155: $? = 0
configure:8193: result: ok
configure:8240: checking for sysroot
configure:8271: result: no
configure:8278: checking for a working dd
configure:8322: result: /usr/bin/dd
configure:8326: checking how to truncate binary pipes
configure:8342: result: /usr/bin/dd bs=4096 count=1
configure:8634: checking for arm-none-eabi-mt
configure:8669: result: no
configure:8679: checking for mt
configure:8714: result: no
configure:8734: checking if : is a manifest tool
configure:8741: : '-?'
configure:8749: result: no
configure:9479: checking for stdio.h
configure:9479: arm-none-eabi-gcc -c -Os -fdata-sections -ffunction-sections -DNDEBUG -mthumb -march=armv7e-m -mfloat-abi=hard -mcpu=cortex-m7 -mfpu=fpv5-sp-d16 -fno-strict-aliasing --specs=nosys.specs  -I/External/apps/KhiCAS/src/include conftest.c >&5
configure:9479: $? = 0
configure:9479: result: yes
configure:9479: checking for stdlib.h
configure:9479: arm-none-eabi-gcc -c -Os -fdata-sections -ffunction-sections -DNDEBUG -mthumb -march=armv7e-m -mfloat-abi=hard -mcpu=cortex-m7 -mfpu=fpv5-sp-d16 -fno-strict-aliasing --specs=nosys.specs  -I/External/apps/KhiCAS/src/include conftest.c >&5
configure:9479: $? = 0
configure:9479: result: yes
configure:9479: checking for string.h
configure:9479: arm-none-eabi-gcc -c -Os -fdata-sections -ffunction-sections -DNDEBUG -mthumb -march=armv7e-m -mfloat-abi=hard -mcpu=cortex-m7 -mfpu=fpv5-sp-d16 -fno-strict-aliasing --specs=nosys.specs  -I/External/apps/KhiCAS/src/include conftest.c >&5
configure:9479: $? = 0
configure:9479: result: yes
configure:9479: checking for inttypes.h
configure:9479: arm-none-eabi-gcc -c -Os -fdata-sections -ffunction-sections -DNDEBUG -mthumb -march=armv7e-m -mfloat-abi=hard -mcpu=cortex-m7 -mfpu=fpv5-sp-d16 -fno-strict-aliasing --specs=nosys.specs  -I/External/apps/KhiCAS/src/include conftest.c >&5
configure:9479: $? = 0
configure:9479: result: yes
configure:9479: checking for stdint.h
configure:9479: arm-none-eabi-gcc -c -Os -fdata-sections -ffunction-sections -DNDEBUG -mthumb -march=armv7e-m -mfloat-abi=hard -mcpu=cortex-m7 -mfpu=fpv5-sp-d16 -fno-strict-aliasing --specs=nosys.specs  -I/External/apps/KhiCAS/src/include conftest.c >&5
configure:9479: $? = 0
configure:9479: result: yes
configure:9479: checking for strings.h
configure:9479: arm-none-eabi-gcc -c -Os -fdata-sections -ffunction-sections -DNDEBUG -mthumb -march=armv7e-m -mfloat-abi=hard -mcpu=cortex-m7 -mfpu=fpv5-sp-d16 -fno-strict-aliasing --specs=nosys.specs  -I/External/apps/KhiCAS/src/include conftest.c >&5
configure:9479: $? = 0
configure:9479: result: yes
configure:9479: checking for sys/stat.h
configure:9479: arm-none-eabi-gcc -c -Os -fdata-sections -ffunction-sections -DNDEBUG -mthumb -march=armv7e-m -mfloat-abi=hard -mcpu=cortex-m7 -mfpu=fpv5-sp-d16 -fno-strict-aliasing --specs=nosys.specs  -I/External/apps/KhiCAS/src/include conftest.c >&5
configure:9479: $? = 0
configure:9479: result: yes
configure:9479: checking for sys/types.h
configure:9479: arm-none-eabi-gcc -c -Os -fdata-sections -ffunction-sections -DNDEBUG -mthumb -march=armv7e-m -mfloat-abi=hard -mcpu=cortex-m7 -mfpu=fpv5-sp-d16 -fno-strict-aliasing --specs=nosys.specs  -I/External/apps/KhiCAS/src/include conftest.c >&5
configure:9479: $? = 0
configure:9479: result: yes
configure:9479: checking for unistd.h
configure:9479: arm-none-eabi-gcc -c -Os -fdata-sections -ffunction-sections -DNDEBUG -mthumb -march=armv7e-m -mfloat-abi=hard -mcpu=cortex-m7 -mfpu=fpv5-sp-d16 -fno-strict-aliasing --specs=nosys.specs  -I/External/apps/KhiCAS/src/include conftest.c >&5
configure:9479: $? = 0
configure:9479: result: yes
configure:9479: checking for sys/time.h
configure:9479: arm-none-eabi-gcc -c -Os -fdata-sections -ffunction-sections -DNDEBUG -mthumb -march=armv7e-m -mfloat-abi=hard -mcpu=cortex-m7 -mfpu=fpv5-sp-d16 -fno-strict-aliasing --specs=nosys.specs  -I/External/apps/KhiCAS/src/include conftest.c >&5
configure:9479: $? = 0
configure:9479: result: yes
configure:9504: checking for dlfcn.h
configure:9504: arm-none-eabi-gcc -c -Os -fdata-sections -ffunction-sections -DNDEBUG -mthumb -march=armv7e-m -mfloat-abi=hard -mcpu=cortex-m7 -mfpu=fpv5-sp-d16 -fno-strict-aliasing --specs=nosys.specs  -I/External/apps/KhiCAS/src/include conftest.c >&5
conftest.c:49:10: fatal error: dlfcn.h: No such file or directory
   49 | #include <dlfcn.h>
      |          ^~~~~~~~~
compilation terminated.
configure:9504: $? = 1
configure: failed program was:
| /* confdefs.h */
| #define PACKAGE_NAME "MPFR"
| #define PACKAGE_TARNAME "mpfr"
| #define PACKAGE_VERSION "4.1.0"
| #define PACKAGE_STRING "MPFR 4.1.0"
| #define PACKAGE_BUGREPORT ""
| #define PACKAGE_URL ""
| #define HAVE_STDIO_H 1
| #define HAVE_STDLIB_H 1
| #define HAVE_STRING_H 1
| #define HAVE_INTTYPES_H 1
| #define HAVE_STDINT_H 1
| #define HAVE_STRINGS_H 1
| #define HAVE_SYS_STAT_H 1
| #define HAVE_SYS_TYPES_H 1
| #define HAVE_UNISTD_H 1
| #define HAVE_SYS_TIME_H 1
| #define STDC_HEADERS 1
| /* end confdefs.h.  */
| #include <stddef.h>
| #ifdef HAVE_STDIO_H
| # include <stdio.h>
| #endif
| #ifdef HAVE_STDLIB_H
| # include <stdlib.h>
| #endif
| #ifdef HAVE_STRING_H
| # include <string.h>
| #endif
| #ifdef HAVE_INTTYPES_H
| # include <inttypes.h>
| #endif
| #ifdef HAVE_STDINT_H
| # include <stdint.h>
| #endif
| #ifdef HAVE_STRINGS_H
| # include <strings.h>
| #endif
| #ifdef HAVE_SYS_TYPES_H
| # include <sys/types.h>
| #endif
| #ifdef HAVE_SYS_STAT_H
| # include <sys/stat.h>
| #endif
| #ifdef HAVE_UNISTD_H
| # include <unistd.h>
| #endif
| 
| #include <dlfcn.h>
configure:9504: result: no
configure:10091: checking for objdir
configure:10107: result: .libs
configure:10371: checking if arm-none-eabi-gcc supports -fno-rtti -fno-exceptions
configure:10390: arm-none-eabi-gcc -c -Os -fdata-sections -ffunction-sections -DNDEBUG -mthumb -march=armv7e-m -mfloat-abi=hard -mcpu=cortex-m7 -mfpu=fpv5-sp-d16 -fno-strict-aliasing --specs=nosys.specs  -I/External/apps/KhiCAS/src/include -fno-rtti -fno-exceptions conftest.c >&5
cc1: warning: command-line option '-fno-rtti' is valid for C++/D/ObjC++ but not for C
configure:10394: $? = 0
configure:10407: result: no
configure:10771: checking for arm-none-eabi-gcc option to produce PIC
configure:10779: result: -fPIC -DPIC
configure:10787: checking if arm-none-eabi-gcc PIC flag -fPIC -DPIC works
configure:10806: arm-none-eabi-gcc -c -Os -fdata-sections -ffunction-sections -DNDEBUG -mthumb -march=armv7e-m -mfloat-abi=hard -mcpu=cortex-m7 -mfpu=fpv5-sp-d16 -fno-strict-aliasing --specs=nosys.specs  -I/External/apps/KhiCAS/src/include -fPIC -DPIC -DPIC conftest.c >&5
configure:10810: $? = 0
configure:10823: result: yes
configure:10852: checking if arm-none-eabi-gcc static flag -static works
configure:10881: result: yes
configure:10896: checking if arm-none-eabi-gcc supports -c -o file.o
configure:10918: arm-none-eabi-gcc -c -Os -fdata-sections -ffunction-sections -DNDEBUG -mthumb -march=armv7e-m -mfloat-abi=hard -mcpu=cortex-m7 -mfpu=fpv5-sp-d16 -fno-strict-aliasing --specs=nosys.specs  -I/External/apps/KhiCAS/src/include -o out/conftest2.o conftest.c >&5
configure:10922: $? = 0
configure:10944: result: yes
configure:10952: checking if arm-none-eabi-gcc supports -c -o file.o
configure:11000: result: yes
configure:11033: checking whether the arm-none-eabi-gcc linker (/usr/lib/arm-none-eabi/bin/ld) supports shared libraries
configure:12305: result: yes
configure:12546: checking dynamic linker characteristics
configure:13379: result: no
configure:13501: checking how to hardcode library paths into programs
configure:13526: result: immediate
configure:14078: checking whether stripping libraries is possible
configure:14083: result: yes
configure:14118: checking if libtool supports shared libraries
configure:14120: result: no
configure:14123: checking whether to build shared libraries
configure:14148: result: no
configure:14151: checking whether to build static libraries
configure:14155: result: yes
configure:14193: checking for non-MS-Windows ICC
configure:14211: arm-none-eabi-gcc -c -Os -fdata-sections -ffunction-sections -DNDEBUG -mthumb -march=armv7e-m -mfloat-abi=hard -mcpu=cortex-m7 -mfpu=fpv5-sp-d16 -fno-strict-aliasing --specs=nosys.specs  -I/External/apps/KhiCAS/src/include conftest.c >&5
conftest.c:23:3: error: #error "Not a non-MS-Windows ICC"
   23 | # error "Not a non-MS-Windows ICC"
      |   ^~~~~
conftest.c:24:6: error: expected ';' before 'int'
   24 | error
      |      ^
      |      ;
......
   27 | int
      | ~~~   
configure:14211: $? = 1
configure: failed program was:
| /* confdefs.h */
| #define PACKAGE_NAME "MPFR"
| #define PACKAGE_TARNAME "mpfr"
| #define PACKAGE_VERSION "4.1.0"
| #define PACKAGE_STRING "MPFR 4.1.0"
| #define PACKAGE_BUGREPORT ""
| #define PACKAGE_URL ""
| #define HAVE_STDIO_H 1
| #define HAVE_STDLIB_H 1
| #define HAVE_STRING_H 1
| #define HAVE_INTTYPES_H 1
| #define HAVE_STDINT_H 1
| #define HAVE_STRINGS_H 1
| #define HAVE_SYS_STAT_H 1
| #define HAVE_SYS_TYPES_H 1
| #define HAVE_UNISTD_H 1
| #define HAVE_SYS_TIME_H 1
| #define STDC_HEADERS 1
| #define LT_OBJDIR ".libs/"
| /* end confdefs.h.  */
| 
| #if (!defined(__ICC) && !defined(__INTEL_COMPILER)) || defined(_WIN32)
| # error "Not a non-MS-Windows ICC"
| error
| #endif
| 
| int
| main (void)
| {
| 
|   ;
|   return 0;
| }
configure:14219: result: no
configure:14299: checking for an ANSI C-conforming const
configure:14366: arm-none-eabi-gcc -c -Os -fdata-sections -ffunction-sections -DNDEBUG -mthumb -march=armv7e-m -mfloat-abi=hard -mcpu=cortex-m7 -mfpu=fpv5-sp-d16 -fno-strict-aliasing --specs=nosys.specs  -I/External/apps/KhiCAS/src/include conftest.c >&5
configure:14366: $? = 0
configure:14374: result: yes
configure:14382: checking for working volatile
configure:14402: arm-none-eabi-gcc -c -Os -fdata-sections -ffunction-sections -DNDEBUG -mthumb -march=armv7e-m -mfloat-abi=hard -mcpu=cortex-m7 -mfpu=fpv5-sp-d16 -fno-strict-aliasing --specs=nosys.specs  -I/External/apps/KhiCAS/src/include conftest.c >&5
configure:14402: $? = 0
configure:14410: result: yes
configure:14418: checking whether byte ordering is bigendian
configure:14434: arm-none-eabi-gcc -c -Os -fdata-sections -ffunction-sections -DNDEBUG -mthumb -march=armv7e-m -mfloat-abi=hard -mcpu=cortex-m7 -mfpu=fpv5-sp-d16 -fno-strict-aliasing --specs=nosys.specs  -I/External/apps/KhiCAS/src/include conftest.c >&5
conftest.c:22:9: error: unknown type name 'not'
   22 |         not a universal capable compiler
      |         ^~~
conftest.c:22:15: error: expected '=', ',', ';', 'asm' or '__attribute__' before 'universal'
   22 |         not a universal capable compiler
      |               ^~~~~~~~~
conftest.c:22:15: error: unknown type name 'universal'
configure:14434: $? = 1
configure: failed program was:
| /* confdefs.h */
| #define PACKAGE_NAME "MPFR"
| #define PACKAGE_TARNAME "mpfr"
| #define PACKAGE_VERSION "4.1.0"
| #define PACKAGE_STRING "MPFR 4.1.0"
| #define PACKAGE_BUGREPORT ""
| #define PACKAGE_URL ""
| #define HAVE_STDIO_H 1
| #define HAVE_STDLIB_H 1
| #define HAVE_STRING_H 1
| #define HAVE_INTTYPES_H 1
| #define HAVE_STDINT_H 1
| #define HAVE_STRINGS_H 1
| #define HAVE_SYS_STAT_H 1
| #define HAVE_SYS_TYPES_H 1
| #define HAVE_UNISTD_H 1
| #define HAVE_SYS_TIME_H 1
| #define STDC_HEADERS 1
| #define LT_OBJDIR ".libs/"
| /* end confdefs.h.  */
| #ifndef __APPLE_CC__
| 	       not a universal capable compiler
| 	     #endif
| 	     typedef int dummy;
| 
configure:14480: arm-none-eabi-gcc -c -Os -fdata-sections -ffunction-sections -DNDEBUG -mthumb -march=armv7e-m -mfloat-abi=hard -mcpu=cortex-m7 -mfpu=fpv5-sp-d16 -fno-strict-aliasing --specs=nosys.specs  -I/External/apps/KhiCAS/src/include conftest.c >&5
configure:14480: $? = 0
configure:14499: arm-none-eabi-gcc -c -Os -fdata-sections -ffunction-sections -DNDEBUG -mthumb -march=armv7e-m -mfloat-abi=hard -mcpu=cortex-m7 -mfpu=fpv5-sp-d16 -fno-strict-aliasing --specs=nosys.specs  -I/External/apps/KhiCAS/src/include conftest.c >&5
conftest.c: In function 'main':
conftest.c:28:4: error: unknown type name 'not'; did you mean 'ino_t'?
   28 |    not big endian
      |    ^~~
      |    ino_t
conftest.c:28:12: error: expected '=', ',', ';', 'asm' or '__attribute__' before 'endian'
   28 |    not big endian
      |            ^~~~~~
configure:14499: $? = 1
configure: failed program was:
| /* confdefs.h */
| #define PACKAGE_NAME "MPFR"
| #define PACKAGE_TARNAME "mpfr"
| #define PACKAGE_VERSION "4.1.0"
| #define PACKAGE_STRING "MPFR 4.1.0"
| #define PACKAGE_BUGREPORT ""
| #define PACKAGE_URL ""
| #define HAVE_STDIO_H 1
| #define HAVE_STDLIB_H 1
| #define HAVE_STRING_H 1
| #define HAVE_INTTYPES_H 1
| #define HAVE_STDINT_H 1
| #define HAVE_STRINGS_H 1
| #define HAVE_SYS_STAT_H 1
| #define HAVE_SYS_TYPES_H 1
| #define HAVE_UNISTD_H 1
| #define HAVE_SYS_TIME_H 1
| #define STDC_HEADERS 1
| #define LT_OBJDIR ".libs/"
| /* end confdefs.h.  */
| #include <sys/types.h>
| 		#include <sys/param.h>
| 
| int
| main (void)
| {
| #if BYTE_ORDER != BIG_ENDIAN
| 		 not big endian
| 		#endif
| 
|   ;
|   return 0;
| }
configure:14633: result: no
configure:14656: checking for library containing clock_gettime
configure:14686: arm-none-eabi-gcc -o conftest -Os -fdata-sections -ffunction-sections -DNDEBUG -mthumb -march=armv7e-m -mfloat-abi=hard -mcpu=cortex-m7 -mfpu=fpv5-sp-d16 -fno-strict-aliasing --specs=nosys.specs  -I/External/apps/KhiCAS/src/include  -L/External/apps/KhiCAS/src/lib conftest.c  >&5
/usr/lib/gcc/arm-none-eabi/10.3.1/../../../arm-none-eabi/bin/ld: /tmp/cco93vv9.o: in function `main':
conftest.c:(.text.startup.main+0x2): undefined reference to `clock_gettime'
collect2: error: ld returned 1 exit status
configure:14686: $? = 1
configure: failed program was:
| /* confdefs.h */
| #define PACKAGE_NAME "MPFR"
| #define PACKAGE_TARNAME "mpfr"
| #define PACKAGE_VERSION "4.1.0"
| #define PACKAGE_STRING "MPFR 4.1.0"
| #define PACKAGE_BUGREPORT ""
| #define PACKAGE_URL ""
| #define HAVE_STDIO_H 1
| #define HAVE_STDLIB_H 1
| #define HAVE_STRING_H 1
| #define HAVE_INTTYPES_H 1
| #define HAVE_STDINT_H 1
| #define HAVE_STRINGS_H 1
| #define HAVE_SYS_STAT_H 1
| #define HAVE_SYS_TYPES_H 1
| #define HAVE_UNISTD_H 1
| #define HAVE_SYS_TIME_H 1
| #define STDC_HEADERS 1
| #define LT_OBJDIR ".libs/"
| #define HAVE_LITTLE_ENDIAN 1
| /* end confdefs.h.  */
| 
| /* Override any GCC internal prototype to avoid an error.
|    Use char because int might match the return type of a GCC
|    builtin and then its argument prototype would still apply.  */
| char clock_gettime ();
| int
| main (void)
| {
| return clock_gettime ();
|   ;
|   return 0;
| }
configure:14686: arm-none-eabi-gcc -o conftest -Os -fdata-sections -ffunction-sections -DNDEBUG -mthumb -march=armv7e-m -mfloat-abi=hard -mcpu=cortex-m7 -mfpu=fpv5-sp-d16 -fno-strict-aliasing --specs=nosys.specs  -I/External/apps/KhiCAS/src/include  -L/External/apps/KhiCAS/src/lib conftest.c -lrt   >&5
/usr/lib/gcc/arm-none-eabi/10.3.1/../../../arm-none-eabi/bin/ld: cannot find -lrt: No such file or directory
collect2: error: ld returned 1 exit status
configure:14686: $? = 1
configure: failed program was:
| /* confdefs.h */
| #define PACKAGE_NAME "MPFR"
| #define PACKAGE_TARNAME "mpfr"
| #define PACKAGE_VERSION "4.1.0"
| #define PACKAGE_STRING "MPFR 4.1.0"
| #define PACKAGE_BUGREPORT ""
| #define PACKAGE_URL ""
| #define HAVE_STDIO_H 1
| #define HAVE_STDLIB_H 1
| #define HAVE_STRING_H 1
| #define HAVE_INTTYPES_H 1
| #define HAVE_STDINT_H 1
| #define HAVE_STRINGS_H 1
| #define HAVE_SYS_STAT_H 1
| #define HAVE_SYS_TYPES_H 1
| #define HAVE_UNISTD_H 1
| #define HAVE_SYS_TIME_H 1
| #define STDC_HEADERS 1
| #define LT_OBJDIR ".libs/"
| #define HAVE_LITTLE_ENDIAN 1
| /* end confdefs.h.  */
| 
| /* Override any GCC internal prototype to avoid an error.
|    Use char because int might match the return type of a GCC
|    builtin and then its argument prototype would still apply.  */
| char clock_gettime ();
| int
| main (void)
| {
| return clock_gettime ();
|   ;
|   return 0;
| }
configure:14706: result: no
configure:14918: checking for main in -lm
configure:14938: arm-none-eabi-gcc -o conftest -Os -fdata-sections -ffunction-sections -DNDEBUG -mthumb -march=armv7e-m -mfloat-abi=hard -mcpu=cortex-m7 -mfpu=fpv5-sp-d16 -fno-strict-aliasing --specs=nosys.specs  -I/External/apps/KhiCAS/src/include  -L/External/apps/KhiCAS/src/lib conftest.c -lm   >&5
configure:14938: $? = 0
configure:14948: result: yes
configure:14963: checking for main in -lquadmath
configure:14983: arm-none-eabi-gcc -o conftest -Os -fdata-sections -ffunction-sections -DNDEBUG -mthumb -march=armv7e-m -mfloat-abi=hard -mcpu=cortex-m7 -mfpu=fpv5-sp-d16 -fno-strict-aliasing --specs=nosys.specs  -I/External/apps/KhiCAS/src/include  -L/External/apps/KhiCAS/src/lib conftest.c -lquadmath   >&5
/usr/lib/gcc/arm-none-eabi/10.3.1/../../../arm-none-eabi/bin/ld: cannot find -lquadmath: No such file or directory
collect2: error: ld returned 1 exit status
configure:14983: $? = 1
configure: failed program was:
| /* confdefs.h */
| #define PACKAGE_NAME "MPFR"
| #define PACKAGE_TARNAME "mpfr"
| #define PACKAGE_VERSION "4.1.0"
| #define PACKAGE_STRING "MPFR 4.1.0"
| #define PACKAGE_BUGREPORT ""
| #define PACKAGE_URL ""
| #define HAVE_STDIO_H 1
| #define HAVE_STDLIB_H 1
| #define HAVE_STRING_H 1
| #define HAVE_INTTYPES_H 1
| #define HAVE_STDINT_H 1
| #define HAVE_STRINGS_H 1
| #define HAVE_SYS_STAT_H 1
| #define HAVE_SYS_TYPES_H 1
| #define HAVE_UNISTD_H 1
| #define HAVE_SYS_TIME_H 1
| #define STDC_HEADERS 1
| #define LT_OBJDIR ".libs/"
| #define HAVE_LITTLE_ENDIAN 1
| /* end confdefs.h.  */
| 
| 
| int
| main (void)
| {
| return main ();
|   ;
|   return 0;
| }
configure:14993: result: no
configure:15013: checking for size_t
configure:15013: arm-none-eabi-gcc -c -Os -fdata-sections -ffunction-sections -DNDEBUG -mthumb -march=armv7e-m -mfloat-abi=hard -mcpu=cortex-m7 -mfpu=fpv5-sp-d16 -fno-strict-aliasing --specs=nosys.specs  -I/External/apps/KhiCAS/src/include conftest.c >&5
configure:15013: $? = 0
configure:15013: arm-none-eabi-gcc -c -Os -fdata-sections -ffunction-sections -DNDEBUG -mthumb -march=armv7e-m -mfloat-abi=hard -mcpu=cortex-m7 -mfpu=fpv5-sp-d16 -fno-strict-aliasing --specs=nosys.specs  -I/External/apps/KhiCAS/src/include conftest.c >&5
conftest.c: In function 'main':
conftest.c:54:21: error: expected expression before ')' token
   54 | if (sizeof ((size_t)))
      |                     ^
configure:15013: $? = 1
configure: failed program was:
| /* confdefs.h */
| #define PACKAGE_NAME "MPFR"
| #define PACKAGE_TARNAME "mpfr"
| #define PACKAGE_VERSION "4.1.0"
| #define PACKAGE_STRING "MPFR 4.1.0"
| #define PACKAGE_BUGREPORT ""
| #define PACKAGE_URL ""
| #define HAVE_STDIO_H 1
| #define HAVE_STDLIB_H 1
| #define HAVE_STRING_H 1
| #define HAVE_INTTYPES_H 1
| #define HAVE_STDINT_H 1
| #define HAVE_STRINGS_H 1
| #define HAVE_SYS_STAT_H 1
| #define HAVE_SYS_TYPES_H 1
| #define HAVE_UNISTD_H 1
| #define HAVE_SYS_TIME_H 1
| #define STDC_HEADERS 1
| #define LT_OBJDIR ".libs/"
| #define HAVE_LITTLE_ENDIAN 1
| #define TIME_WITH_SYS_TIME 1
| /* end confdefs.h.  */
| #include <stddef.h>
| #ifdef HAVE_STDIO_H
| # include <stdio.h>
| #endif
| #ifdef HAVE_STDLIB_H
| # include <stdlib.h>
| #endif
| #ifdef HAVE_STRING_H
| # include <string.h>
| #endif
| #ifdef HAVE_INTTYPES_H
| # include <inttypes.h>
| #endif
| #ifdef HAVE_STDINT_H
| # include <stdint.h>
| #endif
| #ifdef HAVE_STRINGS_H
| # include <strings.h>
| #endif
| #ifdef HAVE_SYS_TYPES_H
| # include <sys/types.h>
| #endif
| #ifdef HAVE_SYS_STAT_H
| # include <sys/stat.h>
| #endif
| #ifdef HAVE_UNISTD_H
| # include <unistd.h>
| #endif
| int
| main (void)
| {
| if (sizeof ((size_t)))
| 	    return 0;
|   ;
|   return 0;
| }
configure:15013: result: yes
configure:15143: checking for limits.h
configure:15143: arm-none-eabi-gcc -c -Os -fdata-sections -ffunction-sections -DNDEBUG -mthumb -march=armv7e-m -mfloat-abi=hard -mcpu=cortex-m7 -mfpu=fpv5-sp-d16 -fno-strict-aliasing --specs=nosys.specs  -I/External/apps/KhiCAS/src/include conftest.c >&5
configure:15143: $? = 0
configure:15143: result: yes
configure:15151: checking for float.h
configure:15151: arm-none-eabi-gcc -c -Os -fdata-sections -ffunction-sections -DNDEBUG -mthumb -march=armv7e-m -mfloat-abi=hard -mcpu=cortex-m7 -mfpu=fpv5-sp-d16 -fno-strict-aliasing --specs=nosys.specs  -I/External/apps/KhiCAS/src/include conftest.c >&5
configure:15151: $? = 0
configure:15151: result: yes
configure:15159: checking for string.h
configure:15159: result: yes
configure:15168: checking for locale.h
configure:15168: arm-none-eabi-gcc -c -Os -fdata-sections -ffunction-sections -DNDEBUG -mthumb -march=armv7e-m -mfloat-abi=hard -mcpu=cortex-m7 -mfpu=fpv5-sp-d16 -fno-strict-aliasing --specs=nosys.specs  -I/External/apps/KhiCAS/src/include conftest.c >&5
configure:15168: $? = 0
configure:15168: result: yes
configure:15176: checking for wchar.h
configure:15176: arm-none-eabi-gcc -c -Os -fdata-sections -ffunction-sections -DNDEBUG -mthumb -march=armv7e-m -mfloat-abi=hard -mcpu=cortex-m7 -mfpu=fpv5-sp-d16 -fno-strict-aliasing --specs=nosys.specs  -I/External/apps/KhiCAS/src/include conftest.c >&5
configure:15176: $? = 0
configure:15176: result: yes
configure:15184: checking for stdarg.h
configure:15184: arm-none-eabi-gcc -c -Os -fdata-sections -ffunction-sections -DNDEBUG -mthumb -march=armv7e-m -mfloat-abi=hard -mcpu=cortex-m7 -mfpu=fpv5-sp-d16 -fno-strict-aliasing --specs=nosys.specs  -I/External/apps/KhiCAS/src/include conftest.c >&5
configure:15184: $? = 0
configure:15184: result: yes
configure:15202: checking for sys/time.h
configure:15202: result: yes
configure:15208: checking for sys/fpu.h
configure:15208: arm-none-eabi-gcc -c -Os -fdata-sections -ffunction-sections -DNDEBUG -mthumb -march=armv7e-m -mfloat-abi=hard -mcpu=cortex-m7 -mfpu=fpv5-sp-d16 -fno-strict-aliasing --specs=nosys.specs  -I/External/apps/KhiCAS/src/include conftest.c >&5
conftest.c:55:10: fatal error: sys/fpu.h: No such file or directory
   55 | #include <sys/fpu.h>
      |          ^~~~~~~~~~~
compilation terminated.
configure:15208: $? = 1
configure: failed program was:
| /* confdefs.h */
| #define PACKAGE_NAME "MPFR"
| #define PACKAGE_TARNAME "mpfr"
| #define PACKAGE_VERSION "4.1.0"
| #define PACKAGE_STRING "MPFR 4.1.0"
| #define PACKAGE_BUGREPORT ""
| #define PACKAGE_URL ""
| #define HAVE_STDIO_H 1
| #define HAVE_STDLIB_H 1
| #define HAVE_STRING_H 1
| #define HAVE_INTTYPES_H 1
| #define HAVE_STDINT_H 1
| #define HAVE_STRINGS_H 1
| #define HAVE_SYS_STAT_H 1
| #define HAVE_SYS_TYPES_H 1
| #define HAVE_UNISTD_H 1
| #define HAVE_SYS_TIME_H 1
| #define STDC_HEADERS 1
| #define LT_OBJDIR ".libs/"
| #define HAVE_LITTLE_ENDIAN 1
| #define TIME_WITH_SYS_TIME 1
| #define HAVE_LOCALE_H 1
| #define HAVE_WCHAR_H 1
| #define HAVE_STDARG 1
| #define HAVE_SYS_TIME_H 1
| /* end confdefs.h.  */
| #include <stddef.h>
| #ifdef HAVE_STDIO_H
| # include <stdio.h>
| #endif
| #ifdef HAVE_STDLIB_H
| # include <stdlib.h>
| #endif
| #ifdef HAVE_STRING_H
| # include <string.h>
| #endif
| #ifdef HAVE_INTTYPES_H
| # include <inttypes.h>
| #endif
| #ifdef HAVE_STDINT_H
| # include <stdint.h>
| #endif
| #ifdef HAVE_STRINGS_H
| # include <strings.h>
| #endif
| #ifdef HAVE_SYS_TYPES_H
| # include <sys/types.h>
| #endif
| #ifdef HAVE_SYS_STAT_H
| # include <sys/stat.h>
| #endif
| #ifdef HAVE_UNISTD_H
| # include <unistd.h>
| #endif
| #include <sys/fpu.h>
configure:15208: result: no
configure:15216: checking for struct lconv.decimal_point
configure:15216: arm-none-eabi-gcc -c -Os -fdata-sections -ffunction-sections -DNDEBUG -mthumb -march=armv7e-m -mfloat-abi=hard -mcpu=cortex-m7 -mfpu=fpv5-sp-d16 -fno-strict-aliasing --specs=nosys.specs  -I/External/apps/KhiCAS/src/include conftest.c >&5
configure:15216: $? = 0
configure:15216: result: yes
configure:15225: checking for struct lconv.thousands_sep
configure:15225: arm-none-eabi-gcc -c -Os -fdata-sections -ffunction-sections -DNDEBUG -mthumb -march=armv7e-m -mfloat-abi=hard -mcpu=cortex-m7 -mfpu=fpv5-sp-d16 -fno-strict-aliasing --specs=nosys.specs  -I/External/apps/KhiCAS/src/include conftest.c >&5
configure:15225: $? = 0
configure:15225: result: yes
configure:15238: checking for working alloca.h
configure:15256: arm-none-eabi-gcc -o conftest -Os -fdata-sections -ffunction-sections -DNDEBUG -mthumb -march=armv7e-m -mfloat-abi=hard -mcpu=cortex-m7 -mfpu=fpv5-sp-d16 -fno-strict-aliasing --specs=nosys.specs  -I/External/apps/KhiCAS/src/include  -L/External/apps/KhiCAS/src/lib conftest.c  >&5
configure:15256: $? = 0
configure:15265: result: yes
configure:15273: checking for alloca
configure:15318: result: yes
configure:15387: checking for uintptr_t
configure:15387: arm-none-eabi-gcc -c -Os -fdata-sections -ffunction-sections -DNDEBUG -mthumb -march=armv7e-m -mfloat-abi=hard -mcpu=cortex-m7 -mfpu=fpv5-sp-d16 -fno-strict-aliasing --specs=nosys.specs  -I/External/apps/KhiCAS/src/include conftest.c >&5
configure:15387: $? = 0
configure:15387: arm-none-eabi-gcc -c -Os -fdata-sections -ffunction-sections -DNDEBUG -mthumb -march=armv7e-m -mfloat-abi=hard -mcpu=cortex-m7 -mfpu=fpv5-sp-d16 -fno-strict-aliasing --specs=nosys.specs  -I/External/apps/KhiCAS/src/include conftest.c >&5
conftest.c: In function 'main':
conftest.c:62:24: error: expected expression before ')' token
   62 | if (sizeof ((uintptr_t)))
      |                        ^
configure:15387: $? = 1
configure: failed program was:
| /* confdefs.h */
| #define PACKAGE_NAME "MPFR"
| #define PACKAGE_TARNAME "mpfr"
| #define PACKAGE_VERSION "4.1.0"
| #define PACKAGE_STRING "MPFR 4.1.0"
| #define PACKAGE_BUGREPORT ""
| #define PACKAGE_URL ""
| #define HAVE_STDIO_H 1
| #define HAVE_STDLIB_H 1
| #define HAVE_STRING_H 1
| #define HAVE_INTTYPES_H 1
| #define HAVE_STDINT_H 1
| #define HAVE_STRINGS_H 1
| #define HAVE_SYS_STAT_H 1
| #define HAVE_SYS_TYPES_H 1
| #define HAVE_UNISTD_H 1
| #define HAVE_SYS_TIME_H 1
| #define STDC_HEADERS 1
| #define LT_OBJDIR ".libs/"
| #define HAVE_LITTLE_ENDIAN 1
| #define TIME_WITH_SYS_TIME 1
| #define HAVE_LOCALE_H 1
| #define HAVE_WCHAR_H 1
| #define HAVE_STDARG 1
| #define HAVE_SYS_TIME_H 1
| #define HAVE_STRUCT_LCONV_DECIMAL_POINT 1
| #define HAVE_STRUCT_LCONV_THOUSANDS_SEP 1
| #define HAVE_ALLOCA_H 1
| #define HAVE_ALLOCA 1
| /* end confdefs.h.  */
| #include <stddef.h>
| #ifdef HAVE_STDIO_H
| # include <stdio.h>
| #endif
| #ifdef HAVE_STDLIB_H
| # include <stdlib.h>
| #endif
| #ifdef HAVE_STRING_H
| # include <string.h>
| #endif
| #ifdef HAVE_INTTYPES_H
| # include <inttypes.h>
| #endif
| #ifdef HAVE_STDINT_H
| # include <stdint.h>
| #endif
| #ifdef HAVE_STRINGS_H
| # include <strings.h>
| #endif
| #ifdef HAVE_SYS_TYPES_H
| # include <sys/types.h>
| #endif
| #ifdef HAVE_SYS_STAT_H
| # include <sys/stat.h>
| #endif
| #ifdef HAVE_UNISTD_H
| # include <unistd.h>
| #endif
| int
| main (void)
| {
| if (sizeof ((uintptr_t)))
| 	    return 0;
|   ;
|   return 0;
| }
configure:15387: result: yes
configure:15424: checking how to copy va_list
configure:15442: arm-none-eabi-gcc -o conftest -Os -fdata-sections -ffunction-sections -DNDEBUG -mthumb -march=armv7e-m -mfloat-abi=hard -mcpu=cortex-m7 -mfpu=fpv5-sp-d16 -fno-strict-aliasing --specs=nosys.specs  -I/External/apps/KhiCAS/src/include  -L/External/apps/KhiCAS/src/lib conftest.c  >&5
configure:15442: $? = 0
configure:15445: result: va_copy
configure:15484: checking for setlocale
configure:15484: arm-none-eabi-gcc -o conftest  -Os -fdata-sections -ffunction-sections -DNDEBUG -mthumb -march=armv7e-m -mfloat-abi=hard -mcpu=cortex-m7 -mfpu=fpv5-sp-d16 -fno-strict-aliasing --specs=nosys.specs  -I/External/apps/KhiCAS/src/include  -L/External/apps/KhiCAS/src/lib conftest.c  >&5
configure:15484: $? = 0
configure:15484: result: yes
configure:15490: checking for gettimeofday
configure:15490: arm-none-eabi-gcc -o conftest  -Os -fdata-sections -ffunction-sections -DNDEBUG -mthumb -march=armv7e-m -mfloat-abi=hard -mcpu=cortex-m7 -mfpu=fpv5-sp-d16 -fno-strict-aliasing --specs=nosys.specs  -I/External/apps/KhiCAS/src/include  -L/External/apps/KhiCAS/src/lib conftest.c  >&5
configure:15490: $? = 0
configure:15490: result: yes
configure:15496: checking for signal
configure:15496: arm-none-eabi-gcc -o conftest  -Os -fdata-sections -ffunction-sections -DNDEBUG -mthumb -march=armv7e-m -mfloat-abi=hard -mcpu=cortex-m7 -mfpu=fpv5-sp-d16 -fno-strict-aliasing --specs=nosys.specs  -I/External/apps/KhiCAS/src/include  -L/External/apps/KhiCAS/src/lib conftest.c  >&5
configure:15496: $? = 0
configure:15496: result: yes
configure:15505: checking for sigaction and its associated structure
configure:15524: arm-none-eabi-gcc -o conftest -Os -fdata-sections -ffunction-sections -DNDEBUG -mthumb -march=armv7e-m -mfloat-abi=hard -mcpu=cortex-m7 -mfpu=fpv5-sp-d16 -fno-strict-aliasing --specs=nosys.specs  -I/External/apps/KhiCAS/src/include  -L/External/apps/KhiCAS/src/lib conftest.c  >&5
configure:15524: $? = 0
configure:15527: result: yes
configure:15540: checking for long long int
configure:15540: arm-none-eabi-gcc -c -Os -fdata-sections -ffunction-sections -DNDEBUG -mthumb -march=armv7e-m -mfloat-abi=hard -mcpu=cortex-m7 -mfpu=fpv5-sp-d16 -fno-strict-aliasing --specs=nosys.specs  -I/External/apps/KhiCAS/src/include conftest.c >&5
configure:15540: $? = 0
configure:15540: arm-none-eabi-gcc -c -Os -fdata-sections -ffunction-sections -DNDEBUG -mthumb -march=armv7e-m -mfloat-abi=hard -mcpu=cortex-m7 -mfpu=fpv5-sp-d16 -fno-strict-aliasing --specs=nosys.specs  -I/External/apps/KhiCAS/src/include conftest.c >&5
conftest.c: In function 'main':
conftest.c:68:28: error: expected expression before ')' token
   68 | if (sizeof ((long long int)))
      |                            ^
configure:15540: $? = 1
configure: failed program was:
| /* confdefs.h */
| #define PACKAGE_NAME "MPFR"
| #define PACKAGE_TARNAME "mpfr"
| #define PACKAGE_VERSION "4.1.0"
| #define PACKAGE_STRING "MPFR 4.1.0"
| #define PACKAGE_BUGREPORT ""
| #define PACKAGE_URL ""
| #define HAVE_STDIO_H 1
| #define HAVE_STDLIB_H 1
| #define HAVE_STRING_H 1
| #define HAVE_INTTYPES_H 1
| #define HAVE_STDINT_H 1
| #define HAVE_STRINGS_H 1
| #define HAVE_SYS_STAT_H 1
| #define HAVE_SYS_TYPES_H 1
| #define HAVE_UNISTD_H 1
| #define HAVE_SYS_TIME_H 1
| #define STDC_HEADERS 1
| #define LT_OBJDIR ".libs/"
| #define HAVE_LITTLE_ENDIAN 1
| #define TIME_WITH_SYS_TIME 1
| #define HAVE_LOCALE_H 1
| #define HAVE_WCHAR_H 1
| #define HAVE_STDARG 1
| #define HAVE_SYS_TIME_H 1
| #define HAVE_STRUCT_LCONV_DECIMAL_POINT 1
| #define HAVE_STRUCT_LCONV_THOUSANDS_SEP 1
| #define HAVE_ALLOCA_H 1
| #define HAVE_ALLOCA 1
| #define HAVE_UINTPTR_T 1
| #define HAVE_VA_COPY 1
| #define HAVE_SETLOCALE 1
| #define HAVE_GETTIMEOFDAY 1
| #define HAVE_SIGNAL 1
| #define HAVE_SIGACTION 1
| /* end confdefs.h.  */
| #include <stddef.h>
| #ifdef HAVE_STDIO_H
| # include <stdio.h>
| #endif
| #ifdef HAVE_STDLIB_H
| # include <stdlib.h>
| #endif
| #ifdef HAVE_STRING_H
| # include <string.h>
| #endif
| #ifdef HAVE_INTTYPES_H
| # include <inttypes.h>
| #endif
| #ifdef HAVE_STDINT_H
| # include <stdint.h>
| #endif
| #ifdef HAVE_STRINGS_H
| # include <strings.h>
| #endif
| #ifdef HAVE_SYS_TYPES_H
| # include <sys/types.h>
| #endif
| #ifdef HAVE_SYS_STAT_H
| # include <sys/stat.h>
| #endif
| #ifdef HAVE_UNISTD_H
| # include <unistd.h>
| #endif
| int
| main (void)
| {
| if (sizeof ((long long int)))
| 	    return 0;
|   ;
|   return 0;
| }
configure:15540: result: yes
configure:15549: checking for intmax_t
configure:15549: arm-none-eabi-gcc -c -Os -fdata-sections -ffunction-sections -DNDEBUG -mthumb -march=armv7e-m -mfloat-abi=hard -mcpu=cortex-m7 -mfpu=fpv5-sp-d16 -fno-strict-aliasing --specs=nosys.specs  -I/External/apps/KhiCAS/src/include conftest.c >&5
configure:15549: $? = 0
configure:15549: arm-none-eabi-gcc -c -Os -fdata-sections -ffunction-sections -DNDEBUG -mthumb -march=armv7e-m -mfloat-abi=hard -mcpu=cortex-m7 -mfpu=fpv5-sp-d16 -fno-strict-aliasing --specs=nosys.specs  -I/External/apps/KhiCAS/src/include conftest.c >&5
conftest.c: In function 'main':
conftest.c:69:23: error: expected expression before ')' token
   69 | if (sizeof ((intmax_t)))
      |                       ^
configure:15549: $? = 1
configure: failed program was:
| /* confdefs.h */
| #define PACKAGE_NAME "MPFR"
| #define PACKAGE_TARNAME "mpfr"
| #define PACKAGE_VERSION "4.1.0"
| #define PACKAGE_STRING "MPFR 4.1.0"
| #define PACKAGE_BUGREPORT ""
| #define PACKAGE_URL ""
| #define HAVE_STDIO_H 1
| #define HAVE_STDLIB_H 1
| #define HAVE_STRING_H 1
| #define HAVE_INTTYPES_H 1
| #define HAVE_STDINT_H 1
| #define HAVE_STRINGS_H 1
| #define HAVE_SYS_STAT_H 1
| #define HAVE_SYS_TYPES_H 1
| #define HAVE_UNISTD_H 1
| #define HAVE_SYS_TIME_H 1
| #define STDC_HEADERS 1
| #define LT_OBJDIR ".libs/"
| #define HAVE_LITTLE_ENDIAN 1
| #define TIME_WITH_SYS_TIME 1
| #define HAVE_LOCALE_H 1
| #define HAVE_WCHAR_H 1
| #define HAVE_STDARG 1
| #define HAVE_SYS_TIME_H 1
| #define HAVE_STRUCT_LCONV_DECIMAL_POINT 1
| #define HAVE_STRUCT_LCONV_THOUSANDS_SEP 1
| #define HAVE_ALLOCA_H 1
| #define HAVE_ALLOCA 1
| #define HAVE_UINTPTR_T 1
| #define HAVE_VA_COPY 1
| #define HAVE_SETLOCALE 1
| #define HAVE_GETTIMEOFDAY 1
| #define HAVE_SIGNAL 1
| #define HAVE_SIGACTION 1
| #define HAVE_LONG_LONG 1
| /* end confdefs.h.  */
| #include <stddef.h>
| #ifdef HAVE_STDIO_H
| # include <stdio.h>
| #endif
| #ifdef HAVE_STDLIB_H
| # include <stdlib.h>
| #endif
| #ifdef HAVE_STRING_H
| # include <string.h>
| #endif
| #ifdef HAVE_INTTYPES_H
| # include <inttypes.h>
| #endif
| #ifdef HAVE_STDINT_H
| # include <stdint.h>
| #endif
| #ifdef HAVE_STRINGS_H
| # include <strings.h>
| #endif
| #ifdef HAVE_SYS_TYPES_H
| # include <sys/types.h>
| #endif
| #ifdef HAVE_SYS_STAT_H
| # include <sys/stat.h>
| #endif
| #ifdef HAVE_UNISTD_H
| # include <unistd.h>
| #endif
| int
| main (void)
| {
| if (sizeof ((intmax_t)))
| 	    return 0;
|   ;
|   return 0;
| }
configure:15549: result: yes
configure:15559: checking for working INTMAX_MAX
configure:15580: arm-none-eabi-gcc -c -Os -fdata-sections -ffunction-sections -DNDEBUG -mthumb -march=armv7e-m -mfloat-abi=hard -mcpu=cortex-m7 -mfpu=fpv5-sp-d16 -fno-strict-aliasing --specs=nosys.specs  -I/External/apps/KhiCAS/src/include -I./src -DMPFR_NEED_INTMAX_H conftest.c >&5
configure:15580: $? = 0
configure:15590: result: yes
configure:15599: checking for union fpc_csr
configure:15599: arm-none-eabi-gcc -c -Os -fdata-sections -ffunction-sections -DNDEBUG -mthumb -march=armv7e-m -mfloat-abi=hard -mcpu=cortex-m7 -mfpu=fpv5-sp-d16 -fno-strict-aliasing --specs=nosys.specs  -I/External/apps/KhiCAS/src/include conftest.c >&5
conftest.c: In function 'main':
conftest.c:49:13: error: invalid application of 'sizeof' to incomplete type 'union fpc_csr'
   49 | if (sizeof (union fpc_csr))
      |             ^~~~~
configure:15599: $? = 1
configure: failed program was:
| /* confdefs.h */
| #define PACKAGE_NAME "MPFR"
| #define PACKAGE_TARNAME "mpfr"
| #define PACKAGE_VERSION "4.1.0"
| #define PACKAGE_STRING "MPFR 4.1.0"
| #define PACKAGE_BUGREPORT ""
| #define PACKAGE_URL ""
| #define HAVE_STDIO_H 1
| #define HAVE_STDLIB_H 1
| #define HAVE_STRING_H 1
| #define HAVE_INTTYPES_H 1
| #define HAVE_STDINT_H 1
| #define HAVE_STRINGS_H 1
| #define HAVE_SYS_STAT_H 1
| #define HAVE_SYS_TYPES_H 1
| #define HAVE_UNISTD_H 1
| #define HAVE_SYS_TIME_H 1
| #define STDC_HEADERS 1
| #define LT_OBJDIR ".libs/"
| #define HAVE_LITTLE_ENDIAN 1
| #define TIME_WITH_SYS_TIME 1
| #define HAVE_LOCALE_H 1
| #define HAVE_WCHAR_H 1
| #define HAVE_STDARG 1
| #define HAVE_SYS_TIME_H 1
| #define HAVE_STRUCT_LCONV_DECIMAL_POINT 1
| #define HAVE_STRUCT_LCONV_THOUSANDS_SEP 1
| #define HAVE_ALLOCA_H 1
| #define HAVE_ALLOCA 1
| #define HAVE_UINTPTR_T 1
| #define HAVE_VA_COPY 1
| #define HAVE_SETLOCALE 1
| #define HAVE_GETTIMEOFDAY 1
| #define HAVE_SIGNAL 1
| #define HAVE_SIGACTION 1
| #define HAVE_LONG_LONG 1
| #define HAVE_INTMAX_T 1
| #define MPFR_HAVE_INTMAX_MAX 1
| /* end confdefs.h.  */
| 
| #if HAVE_SYS_FPU_H
| #  include <sys/fpu.h>
| #endif
| 
| 
| int
| main (void)
| {
| if (sizeof (union fpc_csr))
| 	 return 0;
|   ;
|   return 0;
| }
configure:15599: result: no
configure:15613: checking for _Noreturn
configure:15624: arm-none-eabi-gcc -c -Os -fdata-sections -ffunction-sections -DNDEBUG -mthumb -march=armv7e-m -mfloat-abi=hard -mcpu=cortex-m7 -mfpu=fpv5-sp-d16 -fno-strict-aliasing --specs=nosys.specs  -I/External/apps/KhiCAS/src/include conftest.c >&5
configure:15624: $? = 0
configure:15633: result: yes
configure:15641: checking for __builtin_unreachable
configure:15660: arm-none-eabi-gcc -o conftest -Os -fdata-sections -ffunction-sections -DNDEBUG -mthumb -march=armv7e-m -mfloat-abi=hard -mcpu=cortex-m7 -mfpu=fpv5-sp-d16 -fno-strict-aliasing --specs=nosys.specs  -I/External/apps/KhiCAS/src/include  -L/External/apps/KhiCAS/src/lib conftest.c  >&5
configure:15660: $? = 0
configure:15670: result: yes
configure:15679: checking for constructor and destructor attributes
configure:15701: arm-none-eabi-gcc -o conftest -Os -fdata-sections -ffunction-sections -DNDEBUG -mthumb -march=armv7e-m -mfloat-abi=hard -mcpu=cortex-m7 -mfpu=fpv5-sp-d16 -fno-strict-aliasing --specs=nosys.specs  -I/External/apps/KhiCAS/src/include  -L/External/apps/KhiCAS/src/lib conftest.c  >&5
configure:15701: $? = 0
configure:15703: result: yes
configure:15721: checking for fesetround
configure:15741: arm-none-eabi-gcc -o conftest -Os -fdata-sections -ffunction-sections -DNDEBUG -mthumb -march=armv7e-m -mfloat-abi=hard -mcpu=cortex-m7 -mfpu=fpv5-sp-d16 -fno-strict-aliasing --specs=nosys.specs  -I/External/apps/KhiCAS/src/include  -L/External/apps/KhiCAS/src/lib conftest.c  -lm >&5
conftest.c: In function 'main':
conftest.c:47:12: error: 'FE_TONEAREST' undeclared (first use in this function)
   47 | fesetround(FE_TONEAREST);
      |            ^~~~~~~~~~~~
conftest.c:47:12: note: each undeclared identifier is reported only once for each function it appears in
configure:15741: $? = 1
configure: failed program was:
| /* confdefs.h */
| #define PACKAGE_NAME "MPFR"
| #define PACKAGE_TARNAME "mpfr"
| #define PACKAGE_VERSION "4.1.0"
| #define PACKAGE_STRING "MPFR 4.1.0"
| #define PACKAGE_BUGREPORT ""
| #define PACKAGE_URL ""
| #define HAVE_STDIO_H 1
| #define HAVE_STDLIB_H 1
| #define HAVE_STRING_H 1
| #define HAVE_INTTYPES_H 1
| #define HAVE_STDINT_H 1
| #define HAVE_STRINGS_H 1
| #define HAVE_SYS_STAT_H 1
| #define HAVE_SYS_TYPES_H 1
| #define HAVE_UNISTD_H 1
| #define HAVE_SYS_TIME_H 1
| #define STDC_HEADERS 1
| #define LT_OBJDIR ".libs/"
| #define HAVE_LITTLE_ENDIAN 1
| #define TIME_WITH_SYS_TIME 1
| #define HAVE_LOCALE_H 1
| #define HAVE_WCHAR_H 1
| #define HAVE_STDARG 1
| #define HAVE_SYS_TIME_H 1
| #define HAVE_STRUCT_LCONV_DECIMAL_POINT 1
| #define HAVE_STRUCT_LCONV_THOUSANDS_SEP 1
| #define HAVE_ALLOCA_H 1
| #define HAVE_ALLOCA 1
| #define HAVE_UINTPTR_T 1
| #define HAVE_VA_COPY 1
| #define HAVE_SETLOCALE 1
| #define HAVE_GETTIMEOFDAY 1
| #define HAVE_SIGNAL 1
| #define HAVE_SIGACTION 1
| #define HAVE_LONG_LONG 1
| #define HAVE_INTMAX_T 1
| #define MPFR_HAVE_INTMAX_MAX 1
| #define MPFR_HAVE_NORETURN 1
| #define MPFR_HAVE_BUILTIN_UNREACHABLE 1
| #define MPFR_HAVE_CONSTRUCTOR_ATTR 1
| /* end confdefs.h.  */
| #include <fenv.h>
| int
| main (void)
| {
| fesetround(FE_TONEAREST);
|   ;
|   return 0;
| }
configure:15752: result: no
configure:15761: checking for gcc float-conversion bug
configure:15816: result: cannot test, use -ffloat-store
configure:15823: checking for subnormal double-precision numbers
configure:15857: result: cannot test, assume no
configure:15864: checking for subnormal single-precision numbers
configure:15898: result: cannot test, assume no
configure:15906: checking for signed zeros
configure:15937: result: cannot test, assume no
configure:15945: checking if the FP division by 0 fails
configure:15980: result: cannot test, assume no
configure:15994: checking if NAN == NAN
configure:16032: result: cannot test, assume no
configure:16060: checking if charset has consecutive values
configure:16064: result: cannot test
configure:16111: checking for math/round
configure:16129: arm-none-eabi-gcc -o conftest -Os -fdata-sections -ffunction-sections -DNDEBUG -mthumb -march=armv7e-m -mfloat-abi=hard -mcpu=cortex-m7 -mfpu=fpv5-sp-d16 -fno-strict-aliasing --specs=nosys.specs -ffloat-store  -I/External/apps/KhiCAS/src/include  -L/External/apps/KhiCAS/src/lib conftest.c  -lm >&5
configure:16129: $? = 0
configure:16132: result: yes
configure:16145: checking for math/trunc
configure:16163: arm-none-eabi-gcc -o conftest -Os -fdata-sections -ffunction-sections -DNDEBUG -mthumb -march=armv7e-m -mfloat-abi=hard -mcpu=cortex-m7 -mfpu=fpv5-sp-d16 -fno-strict-aliasing --specs=nosys.specs -ffloat-store  -I/External/apps/KhiCAS/src/include  -L/External/apps/KhiCAS/src/lib conftest.c  -lm >&5
configure:16163: $? = 0
configure:16166: result: yes
configure:16179: checking for math/floor
configure:16197: arm-none-eabi-gcc -o conftest -Os -fdata-sections -ffunction-sections -DNDEBUG -mthumb -march=armv7e-m -mfloat-abi=hard -mcpu=cortex-m7 -mfpu=fpv5-sp-d16 -fno-strict-aliasing --specs=nosys.specs -ffloat-store  -I/External/apps/KhiCAS/src/include  -L/External/apps/KhiCAS/src/lib conftest.c  -lm >&5
configure:16197: $? = 0
configure:16200: result: yes
configure:16213: checking for math/ceil
configure:16231: arm-none-eabi-gcc -o conftest -Os -fdata-sections -ffunction-sections -DNDEBUG -mthumb -march=armv7e-m -mfloat-abi=hard -mcpu=cortex-m7 -mfpu=fpv5-sp-d16 -fno-strict-aliasing --specs=nosys.specs -ffloat-store  -I/External/apps/KhiCAS/src/include  -L/External/apps/KhiCAS/src/lib conftest.c  -lm >&5
configure:16231: $? = 0
configure:16234: result: yes
configure:16247: checking for math/nearbyint
configure:16265: arm-none-eabi-gcc -o conftest -Os -fdata-sections -ffunction-sections -DNDEBUG -mthumb -march=armv7e-m -mfloat-abi=hard -mcpu=cortex-m7 -mfpu=fpv5-sp-d16 -fno-strict-aliasing --specs=nosys.specs -ffloat-store  -I/External/apps/KhiCAS/src/include  -L/External/apps/KhiCAS/src/lib conftest.c  -lm >&5
configure:16265: $? = 0
configure:16268: result: yes
configure:16281: checking for _mulx_u64
configure:16285: result: cannot test, assume no
configure:16330: checking format of floating-point type `double'
configure:16365: arm-none-eabi-gcc -Os -fdata-sections -ffunction-sections -DNDEBUG -mthumb -march=armv7e-m -mfloat-abi=hard -mcpu=cortex-m7 -mfpu=fpv5-sp-d16 -fno-strict-aliasing --specs=nosys.specs -ffloat-store  -I/External/apps/KhiCAS/src/include  -L/External/apps/KhiCAS/src/lib conftest.c -o conftest >&5 2>&1
configure:16368: $? = 0
configure:16662: result: IEEE double, little endian
configure:16684: checking format of floating-point type `long double'
configure:16719: arm-none-eabi-gcc -Os -fdata-sections -ffunction-sections -DNDEBUG -mthumb -march=armv7e-m -mfloat-abi=hard -mcpu=cortex-m7 -mfpu=fpv5-sp-d16 -fno-strict-aliasing --specs=nosys.specs -ffloat-store  -I/External/apps/KhiCAS/src/include  -L/External/apps/KhiCAS/src/lib conftest.c -o conftest >&5 2>&1
configure:16722: $? = 0
configure:17016: result: IEEE double, little endian
configure:17072: checking for TLS support using C11
configure:17078: result: cannot test, assume no
configure:17121: checking for TLS support
configure:17134: result: cannot test, assume no
configure:17177: checking if compiler knows _Decimal64
configure:17190: arm-none-eabi-gcc -c -Os -fdata-sections -ffunction-sections -DNDEBUG -mthumb -march=armv7e-m -mfloat-abi=hard -mcpu=cortex-m7 -mfpu=fpv5-sp-d16 -fno-strict-aliasing --specs=nosys.specs -ffloat-store  -I/External/apps/KhiCAS/src/include conftest.c >&5
conftest.c:50:1: error: decimal floating-point not supported for this target
   50 | _Decimal64 x;
      | ^~~~~~~~~~
configure:17190: $? = 1
configure: failed program was:
| /* confdefs.h */
| #define PACKAGE_NAME "MPFR"
| #define PACKAGE_TARNAME "mpfr"
| #define PACKAGE_VERSION "4.1.0"
| #define PACKAGE_STRING "MPFR 4.1.0"
| #define PACKAGE_BUGREPORT ""
| #define PACKAGE_URL ""
| #define HAVE_STDIO_H 1
| #define HAVE_STDLIB_H 1
| #define HAVE_STRING_H 1
| #define HAVE_INTTYPES_H 1
| #define HAVE_STDINT_H 1
| #define HAVE_STRINGS_H 1
| #define HAVE_SYS_STAT_H 1
| #define HAVE_SYS_TYPES_H 1
| #define HAVE_UNISTD_H 1
| #define HAVE_SYS_TIME_H 1
| #define STDC_HEADERS 1
| #define LT_OBJDIR ".libs/"
| #define HAVE_LITTLE_ENDIAN 1
| #define TIME_WITH_SYS_TIME 1
| #define HAVE_LOCALE_H 1
| #define HAVE_WCHAR_H 1
| #define HAVE_STDARG 1
| #define HAVE_SYS_TIME_H 1
| #define HAVE_STRUCT_LCONV_DECIMAL_POINT 1
| #define HAVE_STRUCT_LCONV_THOUSANDS_SEP 1
| #define HAVE_ALLOCA_H 1
| #define HAVE_ALLOCA 1
| #define HAVE_UINTPTR_T 1
| #define HAVE_VA_COPY 1
| #define HAVE_SETLOCALE 1
| #define HAVE_GETTIMEOFDAY 1
| #define HAVE_SIGNAL 1
| #define HAVE_SIGACTION 1
| #define HAVE_LONG_LONG 1
| #define HAVE_INTMAX_T 1
| #define MPFR_HAVE_INTMAX_MAX 1
| #define MPFR_HAVE_NORETURN 1
| #define MPFR_HAVE_BUILTIN_UNREACHABLE 1
| #define MPFR_HAVE_CONSTRUCTOR_ATTR 1
| #define HAVE_ROUND 1
| #define HAVE_TRUNC 1
| #define HAVE_FLOOR 1
| #define HAVE_CEIL 1
| #define HAVE_NEARBYINT 1
| #define HAVE_DOUBLE_IEEE_LITTLE_ENDIAN 1
| #define HAVE_LDOUBLE_IS_DOUBLE 1
| /* end confdefs.h.  */
| _Decimal64 x;
| int
| main (void)
| {
| 
|   ;
|   return 0;
| }
configure:17286: result: no
configure:17315: checking bit-field ordering for _Decimal128
configure:17319: result: cannot test
configure:17386: checking if _Float128 with hex constants is supported
configure:17402: arm-none-eabi-gcc -o conftest -Os -fdata-sections -ffunction-sections -DNDEBUG -mthumb -march=armv7e-m -mfloat-abi=hard -mcpu=cortex-m7 -mfpu=fpv5-sp-d16 -fno-strict-aliasing --specs=nosys.specs -ffloat-store  -I/External/apps/KhiCAS/src/include  -L/External/apps/KhiCAS/src/lib conftest.c  >&5
conftest.c: In function 'main':
conftest.c:55:10: error: '_Float128' is not supported on this target
   55 | volatile _Float128 x = 0x1.fp+16383f128;
      |          ^~~~~~~~~
conftest.c:55:1: error: unsupported non-standard suffix on floating constant
   55 | volatile _Float128 x = 0x1.fp+16383f128;
      | ^~~~~~~~
configure:17402: $? = 1
configure: failed program was:
| /* confdefs.h */
| #define PACKAGE_NAME "MPFR"
| #define PACKAGE_TARNAME "mpfr"
| #define PACKAGE_VERSION "4.1.0"
| #define PACKAGE_STRING "MPFR 4.1.0"
| #define PACKAGE_BUGREPORT ""
| #define PACKAGE_URL ""
| #define HAVE_STDIO_H 1
| #define HAVE_STDLIB_H 1
| #define HAVE_STRING_H 1
| #define HAVE_INTTYPES_H 1
| #define HAVE_STDINT_H 1
| #define HAVE_STRINGS_H 1
| #define HAVE_SYS_STAT_H 1
| #define HAVE_SYS_TYPES_H 1
| #define HAVE_UNISTD_H 1
| #define HAVE_SYS_TIME_H 1
| #define STDC_HEADERS 1
| #define LT_OBJDIR ".libs/"
| #define HAVE_LITTLE_ENDIAN 1
| #define TIME_WITH_SYS_TIME 1
| #define HAVE_LOCALE_H 1
| #define HAVE_WCHAR_H 1
| #define HAVE_STDARG 1
| #define HAVE_SYS_TIME_H 1
| #define HAVE_STRUCT_LCONV_DECIMAL_POINT 1
| #define HAVE_STRUCT_LCONV_THOUSANDS_SEP 1
| #define HAVE_ALLOCA_H 1
| #define HAVE_ALLOCA 1
| #define HAVE_UINTPTR_T 1
| #define HAVE_VA_COPY 1
| #define HAVE_SETLOCALE 1
| #define HAVE_GETTIMEOFDAY 1
| #define HAVE_SIGNAL 1
| #define HAVE_SIGACTION 1
| #define HAVE_LONG_LONG 1
| #define HAVE_INTMAX_T 1
| #define MPFR_HAVE_INTMAX_MAX 1
| #define MPFR_HAVE_NORETURN 1
| #define MPFR_HAVE_BUILTIN_UNREACHABLE 1
| #define MPFR_HAVE_CONSTRUCTOR_ATTR 1
| #define HAVE_ROUND 1
| #define HAVE_TRUNC 1
| #define HAVE_FLOOR 1
| #define HAVE_CEIL 1
| #define HAVE_NEARBYINT 1
| #define HAVE_DOUBLE_IEEE_LITTLE_ENDIAN 1
| #define HAVE_LDOUBLE_IS_DOUBLE 1
| /* end confdefs.h.  */
| 
| int
| main (void)
| {
| 
| volatile _Float128 x = 0x1.fp+16383f128;
| return x == 0;
| 
|   ;
|   return 0;
| }
configure:17410: result: no
configure:17412: checking if __float128 can be used as a fallback
configure:17430: arm-none-eabi-gcc -o conftest -Os -fdata-sections -ffunction-sections -DNDEBUG -mthumb -march=armv7e-m -mfloat-abi=hard -mcpu=cortex-m7 -mfpu=fpv5-sp-d16 -fno-strict-aliasing --specs=nosys.specs -ffloat-store  -I/External/apps/KhiCAS/src/include  -L/External/apps/KhiCAS/src/lib conftest.c  >&5
conftest.c: In function 'main':
conftest.c:51:19: error: unknown type name '__float128'
   51 | #define _Float128 __float128
      |                   ^~~~~~~~~~
conftest.c:57:10: note: in expansion of macro '_Float128'
   57 | volatile _Float128 x = 0x1.fp+16383q;
      |          ^~~~~~~~~
conftest.c:57:1: error: unsupported non-standard suffix on floating constant
   57 | volatile _Float128 x = 0x1.fp+16383q;
      | ^~~~~~~~
configure:17430: $? = 1
configure: failed program was:
| /* confdefs.h */
| #define PACKAGE_NAME "MPFR"
| #define PACKAGE_TARNAME "mpfr"
| #define PACKAGE_VERSION "4.1.0"
| #define PACKAGE_STRING "MPFR 4.1.0"
| #define PACKAGE_BUGREPORT ""
| #define PACKAGE_URL ""
| #define HAVE_STDIO_H 1
| #define HAVE_STDLIB_H 1
| #define HAVE_STRING_H 1
| #define HAVE_INTTYPES_H 1
| #define HAVE_STDINT_H 1
| #define HAVE_STRINGS_H 1
| #define HAVE_SYS_STAT_H 1
| #define HAVE_SYS_TYPES_H 1
| #define HAVE_UNISTD_H 1
| #define HAVE_SYS_TIME_H 1
| #define STDC_HEADERS 1
| #define LT_OBJDIR ".libs/"
| #define HAVE_LITTLE_ENDIAN 1
| #define TIME_WITH_SYS_TIME 1
| #define HAVE_LOCALE_H 1
| #define HAVE_WCHAR_H 1
| #define HAVE_STDARG 1
| #define HAVE_SYS_TIME_H 1
| #define HAVE_STRUCT_LCONV_DECIMAL_POINT 1
| #define HAVE_STRUCT_LCONV_THOUSANDS_SEP 1
| #define HAVE_ALLOCA_H 1
| #define HAVE_ALLOCA 1
| #define HAVE_UINTPTR_T 1
| #define HAVE_VA_COPY 1
| #define HAVE_SETLOCALE 1
| #define HAVE_GETTIMEOFDAY 1
| #define HAVE_SIGNAL 1
| #define HAVE_SIGACTION 1
| #define HAVE_LONG_LONG 1
| #define HAVE_INTMAX_T 1
| #define MPFR_HAVE_INTMAX_MAX 1
| #define MPFR_HAVE_NORETURN 1
| #define MPFR_HAVE_BUILTIN_UNREACHABLE 1
| #define MPFR_HAVE_CONSTRUCTOR_ATTR 1
| #define HAVE_ROUND 1
| #define HAVE_TRUNC 1
| #define HAVE_FLOOR 1
| #define HAVE_CEIL 1
| #define HAVE_NEARBYINT 1
| #define HAVE_DOUBLE_IEEE_LITTLE_ENDIAN 1
| #define HAVE_LDOUBLE_IS_DOUBLE 1
| /* end confdefs.h.  */
| 
| #define _Float128 __float128
| 
| int
| main (void)
| {
| 
| volatile _Float128 x = 0x1.fp+16383q;
| return x == 0;
| 
|   ;
|   return 0;
| }
configure:17441: result: no
configure:17456: checking for Static Assertion support
configure:17477: arm-none-eabi-gcc -c -Os -fdata-sections -ffunction-sections -DNDEBUG -mthumb -march=armv7e-m -mfloat-abi=hard -mcpu=cortex-m7 -mfpu=fpv5-sp-d16 -fno-strict-aliasing --specs=nosys.specs -ffloat-store  -I/External/apps/KhiCAS/src/include -I./src conftest.c >&5
configure:17477: $? = 0
configure:17479: result: yes
configure:17592: checking whether gcc __attribute__ ((mode (XX))) works
configure:17609: arm-none-eabi-gcc -c -Os -fdata-sections -ffunction-sections -DNDEBUG -mthumb -march=armv7e-m -mfloat-abi=hard -mcpu=cortex-m7 -mfpu=fpv5-sp-d16 -fno-strict-aliasing --specs=nosys.specs -ffloat-store  -I/External/apps/KhiCAS/src/include conftest.c >&5
configure:17609: $? = 0
configure:17618: result: yes
configure:17632: checking for gmp.h
configure:17640: arm-none-eabi-gcc -c -Os -fdata-sections -ffunction-sections -DNDEBUG -mthumb -march=armv7e-m -mfloat-abi=hard -mcpu=cortex-m7 -mfpu=fpv5-sp-d16 -fno-strict-aliasing --specs=nosys.specs -ffloat-store  -I/External/apps/KhiCAS/src/include conftest.c >&5
configure:17640: $? = 0
configure:17642: result: yes
configure:17723: checking for recent GMP
configure:17735: arm-none-eabi-gcc -c -Os -fdata-sections -ffunction-sections -DNDEBUG -mthumb -march=armv7e-m -mfloat-abi=hard -mcpu=cortex-m7 -mfpu=fpv5-sp-d16 -fno-strict-aliasing --specs=nosys.specs -ffloat-store  -I/External/apps/KhiCAS/src/include conftest.c >&5
configure:17735: $? = 0
configure:17737: result: yes
configure:17748: checking usable gmp.h at link time
configure:17763: arm-none-eabi-gcc -o conftest -Os -fdata-sections -ffunction-sections -DNDEBUG -mthumb -march=armv7e-m -mfloat-abi=hard -mcpu=cortex-m7 -mfpu=fpv5-sp-d16 -fno-strict-aliasing --specs=nosys.specs -ffloat-store  -I/External/apps/KhiCAS/src/include  -L/External/apps/KhiCAS/src/lib conftest.c  >&5
configure:17763: $? = 0
configure:17765: result: yes
configure:17806: checking for GMP_NUMB_BITS and sizeof(mp_limb_t) consistency
configure:17810: result: cannot test
configure:17853: checking for __gmpz_init in -lgmp
configure:17876: arm-none-eabi-gcc -o conftest -Os -fdata-sections -ffunction-sections -DNDEBUG -mthumb -march=armv7e-m -mfloat-abi=hard -mcpu=cortex-m7 -mfpu=fpv5-sp-d16 -fno-strict-aliasing --specs=nosys.specs -ffloat-store  -I/External/apps/KhiCAS/src/include  -L/External/apps/KhiCAS/src/lib conftest.c -lgmp   >&5
configure:17876: $? = 0
configure:17886: result: yes
configure:17897: checking if gmp.h version and libgmp version are the same
configure:17904: result: cannot test
configure:18496: checking for __gmpn_sbpi1_divappr_q
configure:18496: arm-none-eabi-gcc -o conftest -Os -fdata-sections -ffunction-sections -DNDEBUG -mthumb -march=armv7e-m -mfloat-abi=hard -mcpu=cortex-m7 -mfpu=fpv5-sp-d16 -fno-strict-aliasing --specs=nosys.specs -ffloat-store  -I/External/apps/KhiCAS/src/include  -L/External/apps/KhiCAS/src/lib conftest.c -lgmp  >&5
configure:18496: $? = 0
configure:18496: result: yes
configure:18503: checking for __gmpn_invert_limb
configure:18503: arm-none-eabi-gcc -o conftest -Os -fdata-sections -ffunction-sections -DNDEBUG -mthumb -march=armv7e-m -mfloat-abi=hard -mcpu=cortex-m7 -mfpu=fpv5-sp-d16 -fno-strict-aliasing --specs=nosys.specs -ffloat-store  -I/External/apps/KhiCAS/src/include  -L/External/apps/KhiCAS/src/lib conftest.c -lgmp  >&5
/usr/lib/gcc/arm-none-eabi/10.3.1/../../../arm-none-eabi/bin/ld: /tmp/ccmkHtXO.o: in function `main':
conftest.c:(.text.startup.main+0x2): undefined reference to `__gmpn_invert_limb'
collect2: error: ld returned 1 exit status
configure:18503: $? = 1
configure: failed program was:
| /* confdefs.h */
| #define PACKAGE_NAME "MPFR"
| #define PACKAGE_TARNAME "mpfr"
| #define PACKAGE_VERSION "4.1.0"
| #define PACKAGE_STRING "MPFR 4.1.0"
| #define PACKAGE_BUGREPORT ""
| #define PACKAGE_URL ""
| #define HAVE_STDIO_H 1
| #define HAVE_STDLIB_H 1
| #define HAVE_STRING_H 1
| #define HAVE_INTTYPES_H 1
| #define HAVE_STDINT_H 1
| #define HAVE_STRINGS_H 1
| #define HAVE_SYS_STAT_H 1
| #define HAVE_SYS_TYPES_H 1
| #define HAVE_UNISTD_H 1
| #define HAVE_SYS_TIME_H 1
| #define STDC_HEADERS 1
| #define LT_OBJDIR ".libs/"
| #define HAVE_LITTLE_ENDIAN 1
| #define TIME_WITH_SYS_TIME 1
| #define HAVE_LOCALE_H 1
| #define HAVE_WCHAR_H 1
| #define HAVE_STDARG 1
| #define HAVE_SYS_TIME_H 1
| #define HAVE_STRUCT_LCONV_DECIMAL_POINT 1
| #define HAVE_STRUCT_LCONV_THOUSANDS_SEP 1
| #define HAVE_ALLOCA_H 1
| #define HAVE_ALLOCA 1
| #define HAVE_UINTPTR_T 1
| #define HAVE_VA_COPY 1
| #define HAVE_SETLOCALE 1
| #define HAVE_GETTIMEOFDAY 1
| #define HAVE_SIGNAL 1
| #define HAVE_SIGACTION 1
| #define HAVE_LONG_LONG 1
| #define HAVE_INTMAX_T 1
| #define MPFR_HAVE_INTMAX_MAX 1
| #define MPFR_HAVE_NORETURN 1
| #define MPFR_HAVE_BUILTIN_UNREACHABLE 1
| #define MPFR_HAVE_CONSTRUCTOR_ATTR 1
| #define HAVE_ROUND 1
| #define HAVE_TRUNC 1
| #define HAVE_FLOOR 1
| #define HAVE_CEIL 1
| #define HAVE_NEARBYINT 1
| #define HAVE_DOUBLE_IEEE_LITTLE_ENDIAN 1
| #define HAVE_LDOUBLE_IS_DOUBLE 1
| #define MPFR_USE_STATIC_ASSERT 1
| #define HAVE_ATTRIBUTE_MODE 1
| #define HAVE___GMPN_SBPI1_DIVAPPR_Q 1
| /* end confdefs.h.  */
| /* Define __gmpn_invert_limb to an innocuous variant, in case <limits.h> declares __gmpn_invert_limb.
|    For example, HP-UX 11i <limits.h> declares gettimeofday.  */
| #define __gmpn_invert_limb innocuous___gmpn_invert_limb
| 
| /* System header to define __stub macros and hopefully few prototypes,
|    which can conflict with char __gmpn_invert_limb (); below.  */
| 
| #include <limits.h>
| #undef __gmpn_invert_limb
| 
| /* Override any GCC internal prototype to avoid an error.
|    Use char because int might match the return type of a GCC
|    builtin and then its argument prototype would still apply.  */
| #ifdef __cplusplus
| extern "C"
| #endif
| char __gmpn_invert_limb ();
| /* The GNU C library defines this for functions which it implements
|     to always fail with ENOSYS.  Some functions are actually named
|     something starting with __ and the normal name is an alias.  */
| #if defined __stub___gmpn_invert_limb || defined __stub_____gmpn_invert_limb
| choke me
| #endif
| 
| int
| main (void)
| {
| return __gmpn_invert_limb ();
|   ;
|   return 0;
| }
configure:18503: result: no
configure:18510: checking for __gmpn_rsblsh1_n
configure:18510: arm-none-eabi-gcc -o conftest -Os -fdata-sections -ffunction-sections -DNDEBUG -mthumb -march=armv7e-m -mfloat-abi=hard -mcpu=cortex-m7 -mfpu=fpv5-sp-d16 -fno-strict-aliasing --specs=nosys.specs -ffloat-store  -I/External/apps/KhiCAS/src/include  -L/External/apps/KhiCAS/src/lib conftest.c -lgmp  >&5
/usr/lib/gcc/arm-none-eabi/10.3.1/../../../arm-none-eabi/bin/ld: /tmp/ccTt0qmx.o: in function `main':
conftest.c:(.text.startup.main+0x2): undefined reference to `__gmpn_rsblsh1_n'
collect2: error: ld returned 1 exit status
configure:18510: $? = 1
configure: failed program was:
| /* confdefs.h */
| #define PACKAGE_NAME "MPFR"
| #define PACKAGE_TARNAME "mpfr"
| #define PACKAGE_VERSION "4.1.0"
| #define PACKAGE_STRING "MPFR 4.1.0"
| #define PACKAGE_BUGREPORT ""
| #define PACKAGE_URL ""
| #define HAVE_STDIO_H 1
| #define HAVE_STDLIB_H 1
| #define HAVE_STRING_H 1
| #define HAVE_INTTYPES_H 1
| #define HAVE_STDINT_H 1
| #define HAVE_STRINGS_H 1
| #define HAVE_SYS_STAT_H 1
| #define HAVE_SYS_TYPES_H 1
| #define HAVE_UNISTD_H 1
| #define HAVE_SYS_TIME_H 1
| #define STDC_HEADERS 1
| #define LT_OBJDIR ".libs/"
| #define HAVE_LITTLE_ENDIAN 1
| #define TIME_WITH_SYS_TIME 1
| #define HAVE_LOCALE_H 1
| #define HAVE_WCHAR_H 1
| #define HAVE_STDARG 1
| #define HAVE_SYS_TIME_H 1
| #define HAVE_STRUCT_LCONV_DECIMAL_POINT 1
| #define HAVE_STRUCT_LCONV_THOUSANDS_SEP 1
| #define HAVE_ALLOCA_H 1
| #define HAVE_ALLOCA 1
| #define HAVE_UINTPTR_T 1
| #define HAVE_VA_COPY 1
| #define HAVE_SETLOCALE 1
| #define HAVE_GETTIMEOFDAY 1
| #define HAVE_SIGNAL 1
| #define HAVE_SIGACTION 1
| #define HAVE_LONG_LONG 1
| #define HAVE_INTMAX_T 1
| #define MPFR_HAVE_INTMAX_MAX 1
| #define MPFR_HAVE_NORETURN 1
| #define MPFR_HAVE_BUILTIN_UNREACHABLE 1
| #define MPFR_HAVE_CONSTRUCTOR_ATTR 1
| #define HAVE_ROUND 1
| #define HAVE_TRUNC 1
| #define HAVE_FLOOR 1
| #define HAVE_CEIL 1
| #define HAVE_NEARBYINT 1
| #define HAVE_DOUBLE_IEEE_LITTLE_ENDIAN 1
| #define HAVE_LDOUBLE_IS_DOUBLE 1
| #define MPFR_USE_STATIC_ASSERT 1
| #define HAVE_ATTRIBUTE_MODE 1
| #define HAVE___GMPN_SBPI1_DIVAPPR_Q 1
| /* end confdefs.h.  */
| /* Define __gmpn_rsblsh1_n to an innocuous variant, in case <limits.h> declares __gmpn_rsblsh1_n.
|    For example, HP-UX 11i <limits.h> declares gettimeofday.  */
| #define __gmpn_rsblsh1_n innocuous___gmpn_rsblsh1_n
| 
| /* System header to define __stub macros and hopefully few prototypes,
|    which can conflict with char __gmpn_rsblsh1_n (); below.  */
| 
| #include <limits.h>
| #undef __gmpn_rsblsh1_n
| 
| /* Override any GCC internal prototype to avoid an error.
|    Use char because int might match the return type of a GCC
|    builtin and then its argument prototype would still apply.  */
| #ifdef __cplusplus
| extern "C"
| #endif
| char __gmpn_rsblsh1_n ();
| /* The GNU C library defines this for functions which it implements
|     to always fail with ENOSYS.  Some functions are actually named
|     something starting with __ and the normal name is an alias.  */
| #if defined __stub___gmpn_rsblsh1_n || defined __stub_____gmpn_rsblsh1_n
| choke me
| #endif
| 
| int
| main (void)
| {
| return __gmpn_rsblsh1_n ();
|   ;
|   return 0;
| }
configure:18510: result: no
configure:18520: checking for long to fit in mp_limb_t
configure:18549: arm-none-eabi-gcc -o conftest -Os -fdata-sections -ffunction-sections -DNDEBUG -mthumb -march=armv7e-m -mfloat-abi=hard -mcpu=cortex-m7 -mfpu=fpv5-sp-d16 -fno-strict-aliasing --specs=nosys.specs -ffloat-store  -I/External/apps/KhiCAS/src/include -I./src  -L/External/apps/KhiCAS/src/lib conftest.c -lgmp  >&5
configure:18549: $? = 0
configure:18559: result: yes
configure:18572: checking for intmax_t to fit in mp_limb_t
configure:18602: arm-none-eabi-gcc -o conftest -Os -fdata-sections -ffunction-sections -DNDEBUG -mthumb -march=armv7e-m -mfloat-abi=hard -mcpu=cortex-m7 -mfpu=fpv5-sp-d16 -fno-strict-aliasing --specs=nosys.specs -ffloat-store  -I/External/apps/KhiCAS/src/include -I./src -DMPFR_NEED_INTMAX_H  -L/External/apps/KhiCAS/src/lib conftest.c -lgmp  >&5
In file included from conftest.c:59:
conftest.c: In function 'main':
./src/mpfr-sassert.h:44:39: error: static assertion failed: "(mp_limb_t) -1 >= (uintmax_t) -1"
   44 | #   define MPFR_STAT_STATIC_ASSERT(c) _Static_assert((c), #c )
      |                                       ^~~~~~~~~~~~~~
conftest.c:66:3: note: in expansion of macro 'MPFR_STAT_STATIC_ASSERT'
   66 |   MPFR_STAT_STATIC_ASSERT ((mp_limb_t) -1 >= (uintmax_t) -1);
      |   ^~~~~~~~~~~~~~~~~~~~~~~
configure:18602: $? = 1
configure: failed program was:
| /* confdefs.h */
| #define PACKAGE_NAME "MPFR"
| #define PACKAGE_TARNAME "mpfr"
| #define PACKAGE_VERSION "4.1.0"
| #define PACKAGE_STRING "MPFR 4.1.0"
| #define PACKAGE_BUGREPORT ""
| #define PACKAGE_URL ""
| #define HAVE_STDIO_H 1
| #define HAVE_STDLIB_H 1
| #define HAVE_STRING_H 1
| #define HAVE_INTTYPES_H 1
| #define HAVE_STDINT_H 1
| #define HAVE_STRINGS_H 1
| #define HAVE_SYS_STAT_H 1
| #define HAVE_SYS_TYPES_H 1
| #define HAVE_UNISTD_H 1
| #define HAVE_SYS_TIME_H 1
| #define STDC_HEADERS 1
| #define LT_OBJDIR ".libs/"
| #define HAVE_LITTLE_ENDIAN 1
| #define TIME_WITH_SYS_TIME 1
| #define HAVE_LOCALE_H 1
| #define HAVE_WCHAR_H 1
| #define HAVE_STDARG 1
| #define HAVE_SYS_TIME_H 1
| #define HAVE_STRUCT_LCONV_DECIMAL_POINT 1
| #define HAVE_STRUCT_LCONV_THOUSANDS_SEP 1
| #define HAVE_ALLOCA_H 1
| #define HAVE_ALLOCA 1
| #define HAVE_UINTPTR_T 1
| #define HAVE_VA_COPY 1
| #define HAVE_SETLOCALE 1
| #define HAVE_GETTIMEOFDAY 1
| #define HAVE_SIGNAL 1
| #define HAVE_SIGACTION 1
| #define HAVE_LONG_LONG 1
| #define HAVE_INTMAX_T 1
| #define MPFR_HAVE_INTMAX_MAX 1
| #define MPFR_HAVE_NORETURN 1
| #define MPFR_HAVE_BUILTIN_UNREACHABLE 1
| #define MPFR_HAVE_CONSTRUCTOR_ATTR 1
| #define HAVE_ROUND 1
| #define HAVE_TRUNC 1
| #define HAVE_FLOOR 1
| #define HAVE_CEIL 1
| #define HAVE_NEARBYINT 1
| #define HAVE_DOUBLE_IEEE_LITTLE_ENDIAN 1
| #define HAVE_LDOUBLE_IS_DOUBLE 1
| #define MPFR_USE_STATIC_ASSERT 1
| #define HAVE_ATTRIBUTE_MODE 1
| #define HAVE___GMPN_SBPI1_DIVAPPR_Q 1
| #define MPFR_LONG_WITHIN_LIMB 1
| /* end confdefs.h.  */
| 
| #include <gmp.h>
| /* Make sure that a static assertion is used (not MPFR_ASSERTN). */
| #undef MPFR_USE_STATIC_ASSERT
| #define MPFR_USE_STATIC_ASSERT 1
| #include "mpfr-sassert.h"
| #include "mpfr-intmax.h"
| 
| int
| main (void)
| {
| 
|   MPFR_STAT_STATIC_ASSERT ((mp_limb_t) -1 >= (uintmax_t) -1);
|   return 0;
| 
|   ;
|   return 0;
| }
configure:18612: result: no
configure:18692: checking for getrusage
configure:18692: arm-none-eabi-gcc -o conftest -Os -fdata-sections -ffunction-sections -DNDEBUG -mthumb -march=armv7e-m -mfloat-abi=hard -mcpu=cortex-m7 -mfpu=fpv5-sp-d16 -fno-strict-aliasing --specs=nosys.specs -ffloat-store  -I/External/apps/KhiCAS/src/include  -L/External/apps/KhiCAS/src/lib conftest.c -lgmp  >&5
/usr/lib/gcc/arm-none-eabi/10.3.1/../../../arm-none-eabi/bin/ld: /tmp/cc8r5DsL.o: in function `main':
conftest.c:(.text.startup.main+0x2): undefined reference to `getrusage'
collect2: error: ld returned 1 exit status
configure:18692: $? = 1
configure: failed program was:
| /* confdefs.h */
| #define PACKAGE_NAME "MPFR"
| #define PACKAGE_TARNAME "mpfr"
| #define PACKAGE_VERSION "4.1.0"
| #define PACKAGE_STRING "MPFR 4.1.0"
| #define PACKAGE_BUGREPORT ""
| #define PACKAGE_URL ""
| #define HAVE_STDIO_H 1
| #define HAVE_STDLIB_H 1
| #define HAVE_STRING_H 1
| #define HAVE_INTTYPES_H 1
| #define HAVE_STDINT_H 1
| #define HAVE_STRINGS_H 1
| #define HAVE_SYS_STAT_H 1
| #define HAVE_SYS_TYPES_H 1
| #define HAVE_UNISTD_H 1
| #define HAVE_SYS_TIME_H 1
| #define STDC_HEADERS 1
| #define LT_OBJDIR ".libs/"
| #define HAVE_LITTLE_ENDIAN 1
| #define TIME_WITH_SYS_TIME 1
| #define HAVE_LOCALE_H 1
| #define HAVE_WCHAR_H 1
| #define HAVE_STDARG 1
| #define HAVE_SYS_TIME_H 1
| #define HAVE_STRUCT_LCONV_DECIMAL_POINT 1
| #define HAVE_STRUCT_LCONV_THOUSANDS_SEP 1
| #define HAVE_ALLOCA_H 1
| #define HAVE_ALLOCA 1
| #define HAVE_UINTPTR_T 1
| #define HAVE_VA_COPY 1
| #define HAVE_SETLOCALE 1
| #define HAVE_GETTIMEOFDAY 1
| #define HAVE_SIGNAL 1
| #define HAVE_SIGACTION 1
| #define HAVE_LONG_LONG 1
| #define HAVE_INTMAX_T 1
| #define MPFR_HAVE_INTMAX_MAX 1
| #define MPFR_HAVE_NORETURN 1
| #define MPFR_HAVE_BUILTIN_UNREACHABLE 1
| #define MPFR_HAVE_CONSTRUCTOR_ATTR 1
| #define HAVE_ROUND 1
| #define HAVE_TRUNC 1
| #define HAVE_FLOOR 1
| #define HAVE_CEIL 1
| #define HAVE_NEARBYINT 1
| #define HAVE_DOUBLE_IEEE_LITTLE_ENDIAN 1
| #define HAVE_LDOUBLE_IS_DOUBLE 1
| #define MPFR_USE_STATIC_ASSERT 1
| #define HAVE_ATTRIBUTE_MODE 1
| #define HAVE___GMPN_SBPI1_DIVAPPR_Q 1
| #define MPFR_LONG_WITHIN_LIMB 1
| /* end confdefs.h.  */
| /* Define getrusage to an innocuous variant, in case <limits.h> declares getrusage.
|    For example, HP-UX 11i <limits.h> declares gettimeofday.  */
| #define getrusage innocuous_getrusage
| 
| /* System header to define __stub macros and hopefully few prototypes,
|    which can conflict with char getrusage (); below.  */
| 
| #include <limits.h>
| #undef getrusage
| 
| /* Override any GCC internal prototype to avoid an error.
|    Use char because int might match the return type of a GCC
|    builtin and then its argument prototype would still apply.  */
| #ifdef __cplusplus
| extern "C"
| #endif
| char getrusage ();
| /* The GNU C library defines this for functions which it implements
|     to always fail with ENOSYS.  Some functions are actually named
|     something starting with __ and the normal name is an alias.  */
| #if defined __stub_getrusage || defined __stub___getrusage
| choke me
| #endif
| 
| int
| main (void)
| {
| return getrusage ();
|   ;
|   return 0;
| }
configure:18692: result: no
configure:18855: checking that generated files are newer than configure
configure:18861: result: done
configure:18892: creating ./config.status

## ---------------------- ##
## Running config.status. ##
## ---------------------- ##

This file was extended by MPFR config.status 4.1.0, which was
generated by GNU Autoconf 2.71.  Invocation command line was

  CONFIG_FILES    = 
  CONFIG_HEADERS  = 
  CONFIG_LINKS    = 
  CONFIG_COMMANDS = 
  $ ./config.status 

on 07059d5a89b8

config.status:1025: creating Makefile
config.status:1025: creating mpfr.pc
config.status:1025: creating doc/Makefile
config.status:1025: creating src/Makefile
config.status:1025: creating tests/Makefile
config.status:1025: creating tune/Makefile
config.status:1025: creating src/mparam.h
config.status:1025: creating tools/bench/Makefile
config.status:1197: executing depfiles commands
config.status:1274: cd src       && sed -e '/# am--include-marker/d' Makefile         | make -f - am--depfiles
make[2]: Entering directory '/External/apps/KhiCAS/src/mpfr-4.1.0/src'
make[2]: Nothing to be done for 'am--depfiles'.
make[2]: Leaving directory '/External/apps/KhiCAS/src/mpfr-4.1.0/src'
config.status:1279: $? = 0
config.status:1274: cd tests       && sed -e '/# am--include-marker/d' Makefile         | make -f - am--depfiles
make[2]: Entering directory '/External/apps/KhiCAS/src/mpfr-4.1.0/tests'
make[2]: Nothing to be done for 'am--depfiles'.
make[2]: Leaving directory '/External/apps/KhiCAS/src/mpfr-4.1.0/tests'
config.status:1279: $? = 0
config.status:1274: cd tune       && sed -e '/# am--include-marker/d' Makefile         | make -f - am--depfiles
make[2]: Entering directory '/External/apps/KhiCAS/src/mpfr-4.1.0/tune'
make[2]: Nothing to be done for 'am--depfiles'.
make[2]: Leaving directory '/External/apps/KhiCAS/src/mpfr-4.1.0/tune'
config.status:1279: $? = 0
config.status:1274: cd tools/bench       && sed -e '/# am--include-marker/d' Makefile         | make -f - am--depfiles
make[2]: Entering directory '/External/apps/KhiCAS/src/mpfr-4.1.0/tools/bench'
make[2]: Nothing to be done for 'am--depfiles'.
make[2]: Leaving directory '/External/apps/KhiCAS/src/mpfr-4.1.0/tools/bench'
config.status:1279: $? = 0
config.status:1197: executing libtool commands

## ---------------- ##
## Cache variables. ##
## ---------------- ##

ac_cv_build=x86_64-pc-linux-gnu
ac_cv_c_bigendian=no
ac_cv_c_compiler_gnu=yes
ac_cv_c_const=yes
ac_cv_c_volatile=yes
ac_cv_env_CC_set=
ac_cv_env_CC_value=
ac_cv_env_CFLAGS_set=set
ac_cv_env_CFLAGS_value='-Os -fdata-sections -ffunction-sections -DNDEBUG -mthumb -march=armv7e-m -mfloat-abi=hard -mcpu=cortex-m7 -mfpu=fpv5-sp-d16 -fno-strict-aliasing --specs=nosys.specs'
ac_cv_env_CPPFLAGS_set=
ac_cv_env_CPPFLAGS_value=
ac_cv_env_CPP_set=
ac_cv_env_CPP_value=
ac_cv_env_LDFLAGS_set=
ac_cv_env_LDFLAGS_value=
ac_cv_env_LIBS_set=
ac_cv_env_LIBS_value=
ac_cv_env_LT_SYS_LIBRARY_PATH_set=
ac_cv_env_LT_SYS_LIBRARY_PATH_value=
ac_cv_env_build_alias_set=
ac_cv_env_build_alias_value=
ac_cv_env_host_alias_set=set
ac_cv_env_host_alias_value=arm-none-eabi
ac_cv_env_target_alias_set=
ac_cv_env_target_alias_value=
ac_cv_func___gmpn_invert_limb=no
ac_cv_func___gmpn_rsblsh1_n=no
ac_cv_func___gmpn_sbpi1_divappr_q=yes
ac_cv_func_alloca_works=yes
ac_cv_func_getrusage=no
ac_cv_func_gettimeofday=yes
ac_cv_func_setlocale=yes
ac_cv_func_signal=yes
ac_cv_header_dlfcn_h=no
ac_cv_header_float_h=yes
ac_cv_header_inttypes_h=yes
ac_cv_header_limits_h=yes
ac_cv_header_locale_h=yes
ac_cv_header_stdarg_h=yes
ac_cv_header_stdint_h=yes
ac_cv_header_stdio_h=yes
ac_cv_header_stdlib_h=yes
ac_cv_header_string_h=yes
ac_cv_header_strings_h=yes
ac_cv_header_sys_fpu_h=no
ac_cv_header_sys_stat_h=yes
ac_cv_header_sys_time_h=yes
ac_cv_header_sys_types_h=yes
ac_cv_header_unistd_h=yes
ac_cv_header_wchar_h=yes
ac_cv_host=arm-none-eabi
ac_cv_lib_gmp___gmpz_init=yes
ac_cv_lib_m_main=yes
ac_cv_lib_quadmath_main=no
ac_cv_member_struct_lconv_decimal_point=yes
ac_cv_member_struct_lconv_thousands_sep=yes
ac_cv_objext=o
ac_cv_path_EGREP='/usr/bin/grep -E'
ac_cv_path_FGREP='/usr/bin/grep -F'
ac_cv_path_GREP=/usr/bin/grep
ac_cv_path_SED=/usr/bin/sed
ac_cv_path_install='/usr/bin/install -c'
ac_cv_path_lt_DD=/usr/bin/dd
ac_cv_path_mkdir=/usr/bin/mkdir
ac_cv_prog_AR=arm-none-eabi-ar
ac_cv_prog_AWK=mawk
ac_cv_prog_CC=arm-none-eabi-gcc
ac_cv_prog_CPP='arm-none-eabi-gcc -E'
ac_cv_prog_OBJDUMP=arm-none-eabi-objdump
ac_cv_prog_RANLIB=arm-none-eabi-ranlib
ac_cv_prog_STRIP=arm-none-eabi-strip
ac_cv_prog_cc_c11=
ac_cv_prog_cc_g=yes
ac_cv_prog_cc_stdc=
ac_cv_prog_make_make_set=yes
ac_cv_search_clock_gettime=no
ac_cv_type_intmax_t=yes
ac_cv_type_long_long_int=yes
ac_cv_type_size_t=yes
ac_cv_type_uintptr_t=yes
ac_cv_type_union_fpc_csr=no
ac_cv_working_alloca_h=yes
am_cv_CC_dependencies_compiler_type=gcc3
am_cv_ar_interface=ar
am_cv_make_support_nested_variables=yes
am_cv_prog_cc_c_o=yes
gmp_cv_c_attribute_mode=yes
lt_cv_ar_at_file=@
lt_cv_deplibs_check_method=unknown
lt_cv_file_magic_cmd='$MAGIC_CMD'
lt_cv_file_magic_test_file=
lt_cv_ld_reload_flag=-r
lt_cv_nm_interface='BSD nm'
lt_cv_objdir=.libs
lt_cv_path_LD=/usr/lib/arm-none-eabi/bin/ld
lt_cv_path_NM='/usr/bin/arm-none-eabi-nm -B'
lt_cv_path_mainfest_tool=no
lt_cv_prog_compiler_c_o=yes
lt_cv_prog_compiler_pic='-fPIC -DPIC'
lt_cv_prog_compiler_pic_works=yes
lt_cv_prog_compiler_rtti_exceptions=no
lt_cv_prog_compiler_static_works=yes
lt_cv_prog_gnu_ld=yes
lt_cv_sharedlib_from_linklib_cmd='printf %s\n'
lt_cv_sys_global_symbol_pipe='sed -n -e '\''s/^.*[	 ]\([ABCDGIRSTW][ABCDGIRSTW]*\)[	 ][	 ]*\([_A-Za-z][_A-Za-z0-9]*\)$/\1 \2 \2/p'\'' | sed '\''/ __gnu_lto/d'\'''
lt_cv_sys_global_symbol_to_c_name_address='sed -n -e '\''s/^: \(.*\) .*$/  {"\1", (void *) 0},/p'\'' -e '\''s/^[ABCDGIRSTW][ABCDGIRSTW]* .* \(.*\)$/  {"\1", (void *) \&\1},/p'\'''
lt_cv_sys_global_symbol_to_c_name_address_lib_prefix='sed -n -e '\''s/^: \(.*\) .*$/  {"\1", (void *) 0},/p'\'' -e '\''s/^[ABCDGIRSTW][ABCDGIRSTW]* .* \(lib.*\)$/  {"\1", (void *) \&\1},/p'\'' -e '\''s/^[ABCDGIRSTW][ABCDGIRSTW]* .* \(.*\)$/  {"lib\1", (void *) \&\1},/p'\'''
lt_cv_sys_global_symbol_to_cdecl='sed -n -e '\''s/^T .* \(.*\)$/extern int \1();/p'\'' -e '\''s/^[ABCDGIRSTW][ABCDGIRSTW]* .* \(.*\)$/extern char \1;/p'\'''
lt_cv_sys_global_symbol_to_import=
lt_cv_sys_max_cmd_len=1572864
lt_cv_to_host_file_cmd=func_convert_file_noop
lt_cv_to_tool_file_cmd=func_convert_file_noop
lt_cv_truncate_bin='/usr/bin/dd bs=4096 count=1'
mpfr_cv_c_double_format='IEEE double, little endian'
mpfr_cv_c_long_double_format='IEEE double, little endian'
mpfr_cv_errdivzero='cannot test, assume no'
mpfr_cv_gcc_floatconv_bug='cannot test, use -ffloat-store'
mpfr_cv_have_builtin_unreachable=yes
mpfr_cv_have_fesetround=no
mpfr_cv_have_intmax_max=yes
mpfr_cv_have_noreturn=yes
mpfr_cv_have_signedz='cannot test, assume no'
mpfr_cv_have_subnorm_dbl='cannot test, assume no'
mpfr_cv_have_subnorm_flt='cannot test, assume no'
mpfr_cv_intmax_within_limb=no
mpfr_cv_long_within_limb=yes
mpfr_cv_nanisnan='cannot test, assume no'

## ----------------- ##
## Output variables. ##
## ----------------- ##

ACLOCAL='${SHELL} '\''/External/apps/KhiCAS/src/mpfr-4.1.0/missing'\'' aclocal-1.16'
ALLOCA=''
AMDEPBACKSLASH='\'
AMDEP_FALSE='#'
AMDEP_TRUE=''
AMTAR='$${TAR-tar}'
AM_BACKSLASH='\'
AM_DEFAULT_V='$(AM_DEFAULT_VERBOSITY)'
AM_DEFAULT_VERBOSITY='1'
AM_V='$(V)'
AR='arm-none-eabi-ar'
AS='as'
AUTOCONF='${SHELL} '\''/External/apps/KhiCAS/src/mpfr-4.1.0/missing'\'' autoconf'
AUTOHEADER='${SHELL} '\''/External/apps/KhiCAS/src/mpfr-4.1.0/missing'\'' autoheader'
AUTOMAKE='${SHELL} '\''/External/apps/KhiCAS/src/mpfr-4.1.0/missing'\'' automake-1.16'
AWK='mawk'
CC='arm-none-eabi-gcc'
CCDEPMODE='depmode=gcc3'
CFLAGS='-Os -fdata-sections -ffunction-sections -DNDEBUG -mthumb -march=armv7e-m -mfloat-abi=hard -mcpu=cortex-m7 -mfpu=fpv5-sp-d16 -fno-strict-aliasing --specs=nosys.specs -ffloat-store'
CPP='arm-none-eabi-gcc -E'
CPPFLAGS=' -I/External/apps/KhiCAS/src/include'
CSCOPE='cscope'
CTAGS='ctags'
CYGPATH_W='echo'
DATAFILES=''
DEFS='-DHAVE_STDIO_H=1 -DHAVE_INTTYPES_H=1 -DHAVE_STDINT_H=1 -DHAVE_SYS_TIME_H=1 -DLT_OBJDIR=\".libs/\" -DHAVE_LITTLE_ENDIAN=1 -DTIME_WITH_SYS_TIME=1 -DHAVE_LOCALE_H=1 -DHAVE_WCHAR_H=1 -DHAVE_STDARG=1 -DHAVE_SYS_TIME_H=1 -DHAVE_STRUCT_LCONV_DECIMAL_POINT=1 -DHAVE_STRUCT_LCONV_THOUSANDS_SEP=1 -DHAVE_ALLOCA_H=1 -DHAVE_ALLOCA=1 -DHAVE_UINTPTR_T=1 -DHAVE_VA_COPY=1 -DHAVE_SETLOCALE=1 -DHAVE_GETTIMEOFDAY=1 -DHAVE_SIGNAL=1 -DHAVE_SIGACTION=1 -DHAVE_LONG_LONG=1 -DHAVE_INTMAX_T=1 -DMPFR_HAVE_INTMAX_MAX=1 -DMPFR_HAVE_NORETURN=1 -DMPFR_HAVE_BUILTIN_UNREACHABLE=1 -DMPFR_HAVE_CONSTRUCTOR_ATTR=1 -DHAVE_ROUND=1 -DHAVE_TRUNC=1 -DHAVE_FLOOR=1 -DHAVE_CEIL=1 -DHAVE_NEARBYINT=1 -DHAVE_DOUBLE_IEEE_LITTLE_ENDIAN=1 -DHAVE_LDOUBLE_IS_DOUBLE=1 -DMPFR_USE_STATIC_ASSERT=1 -DHAVE_ATTRIBUTE_MODE=1 -DHAVE___GMPN_SBPI1_DIVAPPR_Q=1 -DMPFR_LONG_WITHIN_LIMB=1'
DEPDIR='.deps'
DLLTOOL='false'
DSYMUTIL=''
DUMPBIN=''
ECHO_C=''
ECHO_N='-n'
ECHO_T=''
EGREP='/usr/bin/grep -E'
ETAGS='etags'
EXEEXT=''
FGREP='/usr/bin/grep -F'
GREP='/usr/bin/grep'
INSTALL_DATA='${INSTALL} -m 644'
INSTALL_PROGRAM='${INSTALL}'
INSTALL_SCRIPT='${INSTALL}'
INSTALL_STRIP_PROGRAM='$(install_sh) -c -s'
LD='/usr/lib/arm-none-eabi/bin/ld'
LDFLAGS=' -L/External/apps/KhiCAS/src/lib'
LIBMPFR_LDFLAGS=''
LIBOBJS=''
LIBS='-lgmp '
LIBTOOL='$(SHELL) $(top_builddir)/libtool'
LIPO=''
LN_S='ln -s'
LTLIBOBJS=''
LT_SYS_LIBRARY_PATH=''
MAINT=''
MAINTAINER_MODE_FALSE='#'
MAINTAINER_MODE_TRUE=''
MAKEINFO='${SHELL} '\''/External/apps/KhiCAS/src/mpfr-4.1.0/missing'\'' makeinfo'
MANIFEST_TOOL=':'
MINI_GMP_FALSE=''
MINI_GMP_TRUE='#'
MKDIR_P='/usr/bin/mkdir -p'
MPFR_LDFLAGS=''
MPFR_LIBM='-lm'
MPFR_LIBQUADMATH=''
NM='/usr/bin/arm-none-eabi-nm -B'
NMEDIT=''
OBJDUMP='arm-none-eabi-objdump'
OBJEXT='o'
OTOOL64=''
OTOOL=''
PACKAGE='mpfr'
PACKAGE_BUGREPORT=''
PACKAGE_NAME='MPFR'
PACKAGE_STRING='MPFR 4.1.0'
PACKAGE_TARNAME='mpfr'
PACKAGE_URL=''
PACKAGE_VERSION='4.1.0'
PATH_SEPARATOR=':'
RANLIB='arm-none-eabi-ranlib'
SED='/usr/bin/sed'
SET_MAKE=''
SHELL='/bin/bash'
STRIP='arm-none-eabi-strip'
TUNE_LIBS=''
VERSION='4.1.0'
ac_ct_AR=''
ac_ct_CC=''
ac_ct_DUMPBIN=''
am__EXEEXT_FALSE=''
am__EXEEXT_TRUE='#'
am__fastdepCC_FALSE='#'
am__fastdepCC_TRUE=''
am__include='include'
am__isrc=''
am__leading_dot='.'
am__nodep='_no'
am__quote=''
am__tar='$${TAR-tar} chof - "$$tardir"'
am__untar='$${TAR-tar} xf -'
bindir='${exec_prefix}/bin'
build='x86_64-pc-linux-gnu'
build_alias=''
build_cpu='x86_64'
build_os='linux-gnu'
build_vendor='pc'
datadir='${datarootdir}'
datarootdir='${prefix}/share'
docdir='${datarootdir}/doc/${PACKAGE_TARNAME}'
dvidir='${docdir}'
exec_prefix='${prefix}'
host='arm-none-eabi'
host_alias='arm-none-eabi'
host_cpu='arm'
host_os='eabi'
host_vendor='none'
htmldir='${docdir}'
includedir='${prefix}/include'
infodir='${datarootdir}/info'
install_sh='${SHELL} /External/apps/KhiCAS/src/mpfr-4.1.0/install-sh'
libdir='${exec_prefix}/lib'
libexecdir='${exec_prefix}/libexec'
localedir='${datarootdir}/locale'
localstatedir='${prefix}/var'
mandir='${datarootdir}/man'
mini_gmp_path=''
mkdir_p='$(MKDIR_P)'
oldincludedir='/usr/include'
pdfdir='${docdir}'
prefix='/usr/local'
program_transform_name='s,x,x,'
psdir='${docdir}'
runstatedir='${localstatedir}/run'
sbindir='${exec_prefix}/sbin'
sharedstatedir='${prefix}/com'
sysconfdir='${prefix}/etc'
target_alias=''

## ----------- ##
## confdefs.h. ##
## ----------- ##

/* confdefs.h */
#define HAVE_STDIO_H 1
#define HAVE_INTTYPES_H 1
#define HAVE_STDINT_H 1
#define HAVE_SYS_TIME_H 1
#define LT_OBJDIR ".libs/"
#define HAVE_LITTLE_ENDIAN 1
#define TIME_WITH_SYS_TIME 1
#define HAVE_LOCALE_H 1
#define HAVE_WCHAR_H 1
#define HAVE_STDARG 1
#define HAVE_SYS_TIME_H 1
#define HAVE_STRUCT_LCONV_DECIMAL_POINT 1
#define HAVE_STRUCT_LCONV_THOUSANDS_SEP 1
#define HAVE_ALLOCA_H 1
#define HAVE_ALLOCA 1
#define HAVE_UINTPTR_T 1
#define HAVE_VA_COPY 1
#define HAVE_SETLOCALE 1
#define HAVE_GETTIMEOFDAY 1
#define HAVE_SIGNAL 1
#define HAVE_SIGACTION 1
#define HAVE_LONG_LONG 1
#define HAVE_INTMAX_T 1
#define MPFR_HAVE_INTMAX_MAX 1
#define MPFR_HAVE_NORETURN 1
#define MPFR_HAVE_BUILTIN_UNREACHABLE 1
#define MPFR_HAVE_CONSTRUCTOR_ATTR 1
#define HAVE_ROUND 1
#define HAVE_TRUNC 1
#define HAVE_FLOOR 1
#define HAVE_CEIL 1
#define HAVE_NEARBYINT 1
#define HAVE_DOUBLE_IEEE_LITTLE_ENDIAN 1
#define HAVE_LDOUBLE_IS_DOUBLE 1
#define MPFR_USE_STATIC_ASSERT 1
#define HAVE_ATTRIBUTE_MODE 1
#define HAVE___GMPN_SBPI1_DIVAPPR_Q 1
#define MPFR_LONG_WITHIN_LIMB 1

configure: exit 0
